2025-11-29 21:04:04,084 INFO    MainThread:2602144 [wandb_setup.py:_flush():81] Current SDK version is 0.22.1
2025-11-29 21:04:04,084 INFO    MainThread:2602144 [wandb_setup.py:_flush():81] Configure stats pid to 2602144
2025-11-29 21:04:04,084 INFO    MainThread:2602144 [wandb_setup.py:_flush():81] Loading settings from /home/lug15gew/.config/wandb/settings
2025-11-29 21:04:04,084 INFO    MainThread:2602144 [wandb_setup.py:_flush():81] Loading settings from /home/lug15gew/Desktop/thesis/popec/outputs/2025-11-29/21-04-01/wandb/settings
2025-11-29 21:04:04,084 INFO    MainThread:2602144 [wandb_setup.py:_flush():81] Loading settings from environment variables
2025-11-29 21:04:04,085 INFO    MainThread:2602144 [wandb_init.py:setup_run_log_directory():705] Logging user logs to /home/lug15gew/Desktop/thesis/popec/logs/cheetah-run/1/noderen_warmup/wandb/run-20251129_210404-ep0ohpi9/logs/debug.log
2025-11-29 21:04:04,085 INFO    MainThread:2602144 [wandb_init.py:setup_run_log_directory():706] Logging internal logs to /home/lug15gew/Desktop/thesis/popec/logs/cheetah-run/1/noderen_warmup/wandb/run-20251129_210404-ep0ohpi9/logs/debug-internal.log
2025-11-29 21:04:04,086 INFO    MainThread:2602144 [wandb_init.py:init():832] calling init triggers
2025-11-29 21:04:04,086 INFO    MainThread:2602144 [wandb_init.py:init():837] wandb.init called with sweep_config: {}
config: {'task': 'cheetah-run', 'obs': 'state', 'episodic': False, 'checkpoint': '???', 'eval_episodes': 10, 'eval_freq': 5000, 'steps': 5000000, 'batch_size': 256, 'reward_coef': 0.1, 'value_coef': 0.1, 'termination_coef': 1, 'consistency_coef': 5, 'rho': 0.5, 'lr': 0.0003, 'enc_lr_scale': 0.3, 'grad_clip_norm': 20, 'tau': 0.01, 'discount_denom': 5, 'discount_min': 0.95, 'discount_max': 0.995, 'buffer_size': 400000, 'exp_name': 'noderen_warmup', 'data_dir': '???', 'mpc': True, 'iterations': 6, 'num_samples': 512, 'num_elites': 64, 'num_pi_trajs': 24, 'horizon': 3, 'min_std': 0.05, 'max_std': 2, 'temperature': 0.5, 'log_std_min': -10, 'log_std_max': 2, 'entropy_coef': 0.0001, 'num_bins': 101, 'vmin': -10, 'vmax': 10, 'model_size': '???', 'num_enc_layers': 2, 'enc_dim': 256, 'num_channels': 32, 'mlp_dim': 512, 'latent_dim': 512, 'task_dim': 0, 'num_q': 5, 'dropout': 0.01, 'simnorm_dim': 8, 'deq_f_max_iter': 20, 'deq_b_max_iter': 20, 'deq_f_tol': 0.0001, 'deq_b_tol': 1e-05, 'deq_f_solver': 'anderson', 'deq_b_solver': 'broyden', 'deq_num_layers': 2, 'deq_dropout': 0.05, 'deq_mlp_norm_type': 'layer', 'deq_cnn_norm_type': 'none', 'deq_log_stats': True, 'deq_log_every_n_steps': 100, 'deq_lam': 0.1, 'deq_tau': 1.0, 'noderen_nq': 16, 'noderen_sigma': 'tanh', 'noderen_epsilon': 0.1, 'noderen_bias': True, 'noderen_alpha': 0.1, 'noderen_linear_output': False, 'noderen_dt': 0.05, 'noderen_method': 'euler', 'noderen_step_size': 0.025, 'noderen_rtol': 1e-05, 'noderen_atol': 1e-07, 'noderen_lr_scale': 0.5, 'noderen_warmup_steps': 5000, 'noderen_update_freq': 10, 'wandb_project': 'tdmpc2_noderen_warmup', 'wandb_entity': 'carmartroono-rptu', 'wandb_silent': False, 'enable_wandb': True, 'save_csv': True, 'compile': False, 'save_video': True, 'save_agent': True, 'seed': 1, 'work_dir': PosixPath('/home/lug15gew/Desktop/thesis/popec/logs/cheetah-run/1/noderen_warmup'), 'task_title': 'Cheetah Run', 'multitask': False, 'tasks': ['cheetah-run'], 'obs_shape': {'state': (17,)}, 'action_dim': 6, 'episode_length': 500, 'obs_shapes': '???', 'action_dims': '???', 'episode_lengths': '???', 'seed_steps': 2500, 'bin_size': 0.2, '_wandb': {}}
2025-11-29 21:04:04,086 INFO    MainThread:2602144 [wandb_init.py:init():880] starting backend
2025-11-29 21:04:04,296 INFO    MainThread:2602144 [wandb_init.py:init():883] sending inform_init request
2025-11-29 21:04:04,301 INFO    MainThread:2602144 [wandb_init.py:init():891] backend started and connected
2025-11-29 21:04:04,303 INFO    MainThread:2602144 [wandb_init.py:init():961] updated telemetry
2025-11-29 21:04:04,318 INFO    MainThread:2602144 [wandb_init.py:init():985] communicating run to backend with 90.0 second timeout
2025-11-29 21:04:04,993 INFO    MainThread:2602144 [wandb_init.py:init():1036] starting run threads in backend
2025-11-29 21:04:05,239 INFO    MainThread:2602144 [wandb_run.py:_console_start():2506] atexit reg
2025-11-29 21:04:05,239 INFO    MainThread:2602144 [wandb_run.py:_redirect():2354] redirect: wrap_raw
2025-11-29 21:04:05,239 INFO    MainThread:2602144 [wandb_run.py:_redirect():2423] Wrapping output streams.
2025-11-29 21:04:05,239 INFO    MainThread:2602144 [wandb_run.py:_redirect():2446] Redirects installed.
2025-11-29 21:04:05,242 INFO    MainThread:2602144 [wandb_init.py:init():1076] run started, returning control to user process
2025-11-29 21:06:32,784 ERROR   wandb-AsyncioManager-main:2602144 [redirect.py:_on_write():664] [all runs] error in stderr callback
Traceback (most recent call last):
  File "/home/lug15gew/Desktop/thesis/.venv/lib/python3.12/site-packages/wandb/sdk/lib/redirect.py", line 662, in _on_write
    cb(written_data)
  File "/home/lug15gew/Desktop/thesis/.venv/lib/python3.12/site-packages/wandb/sdk/wandb_run.py", line 2433, in <lambda>
    lambda data: self._console_raw_callback("stderr", data),
                 ^^^^^^^^^^^^^^^^^^^^^^^^^^^^^^^^^^^^^^^^^^
  File "/home/lug15gew/Desktop/thesis/.venv/lib/python3.12/site-packages/wandb/sdk/wandb_run.py", line 399, in wrapper
    return func(self, *args, **kwargs)
           ^^^^^^^^^^^^^^^^^^^^^^^^^^^
  File "/home/lug15gew/Desktop/thesis/.venv/lib/python3.12/site-packages/wandb/sdk/wandb_run.py", line 457, in wrapper_fn
    return func(self, *args, **kwargs)
           ^^^^^^^^^^^^^^^^^^^^^^^^^^^
  File "/home/lug15gew/Desktop/thesis/.venv/lib/python3.12/site-packages/wandb/sdk/wandb_run.py", line 1595, in _console_raw_callback
    self._backend.interface.publish_output_raw(name, data)
  File "/home/lug15gew/Desktop/thesis/.venv/lib/python3.12/site-packages/wandb/sdk/interface/interface.py", line 802, in publish_output_raw
    self._publish_output_raw(o)
  File "/home/lug15gew/Desktop/thesis/.venv/lib/python3.12/site-packages/wandb/sdk/interface/interface_shared.py", line 37, in _publish_output_raw
    self._publish(rec)
  File "/home/lug15gew/Desktop/thesis/.venv/lib/python3.12/site-packages/wandb/sdk/interface/interface_sock.py", line 43, in _publish
    self._asyncer.run(lambda: self._client.publish(request))
  File "/home/lug15gew/Desktop/thesis/.venv/lib/python3.12/site-packages/wandb/sdk/lib/asyncio_manager.py", line 131, in run
    raise ValueError("Cannot use run() inside async loop.")
ValueError: Cannot use run() inside async loop.
2025-11-29 21:54:13,415 ERROR   wandb-AsyncioManager-main:2602144 [redirect.py:_on_write():664] [all runs] error in stderr callback
Traceback (most recent call last):
  File "/home/lug15gew/Desktop/thesis/.venv/lib/python3.12/site-packages/wandb/sdk/lib/redirect.py", line 662, in _on_write
    cb(written_data)
  File "/home/lug15gew/Desktop/thesis/.venv/lib/python3.12/site-packages/wandb/sdk/wandb_run.py", line 2433, in <lambda>
    lambda data: self._console_raw_callback("stderr", data),
                 ^^^^^^^^^^^^^^^^^^^^^^^^^^^^^^^^^^^^^^^^^^
  File "/home/lug15gew/Desktop/thesis/.venv/lib/python3.12/site-packages/wandb/sdk/wandb_run.py", line 399, in wrapper
    return func(self, *args, **kwargs)
           ^^^^^^^^^^^^^^^^^^^^^^^^^^^
  File "/home/lug15gew/Desktop/thesis/.venv/lib/python3.12/site-packages/wandb/sdk/wandb_run.py", line 457, in wrapper_fn
    return func(self, *args, **kwargs)
           ^^^^^^^^^^^^^^^^^^^^^^^^^^^
  File "/home/lug15gew/Desktop/thesis/.venv/lib/python3.12/site-packages/wandb/sdk/wandb_run.py", line 1595, in _console_raw_callback
    self._backend.interface.publish_output_raw(name, data)
  File "/home/lug15gew/Desktop/thesis/.venv/lib/python3.12/site-packages/wandb/sdk/interface/interface.py", line 802, in publish_output_raw
    self._publish_output_raw(o)
  File "/home/lug15gew/Desktop/thesis/.venv/lib/python3.12/site-packages/wandb/sdk/interface/interface_shared.py", line 37, in _publish_output_raw
    self._publish(rec)
  File "/home/lug15gew/Desktop/thesis/.venv/lib/python3.12/site-packages/wandb/sdk/interface/interface_sock.py", line 43, in _publish
    self._asyncer.run(lambda: self._client.publish(request))
  File "/home/lug15gew/Desktop/thesis/.venv/lib/python3.12/site-packages/wandb/sdk/lib/asyncio_manager.py", line 131, in run
    raise ValueError("Cannot use run() inside async loop.")
ValueError: Cannot use run() inside async loop.
2025-11-29 22:52:41,420 ERROR   wandb-AsyncioManager-main:2602144 [redirect.py:_on_write():664] [all runs] error in stderr callback
Traceback (most recent call last):
  File "/home/lug15gew/Desktop/thesis/.venv/lib/python3.12/site-packages/wandb/sdk/lib/redirect.py", line 662, in _on_write
    cb(written_data)
  File "/home/lug15gew/Desktop/thesis/.venv/lib/python3.12/site-packages/wandb/sdk/wandb_run.py", line 2433, in <lambda>
    lambda data: self._console_raw_callback("stderr", data),
                 ^^^^^^^^^^^^^^^^^^^^^^^^^^^^^^^^^^^^^^^^^^
  File "/home/lug15gew/Desktop/thesis/.venv/lib/python3.12/site-packages/wandb/sdk/wandb_run.py", line 399, in wrapper
    return func(self, *args, **kwargs)
           ^^^^^^^^^^^^^^^^^^^^^^^^^^^
  File "/home/lug15gew/Desktop/thesis/.venv/lib/python3.12/site-packages/wandb/sdk/wandb_run.py", line 457, in wrapper_fn
    return func(self, *args, **kwargs)
           ^^^^^^^^^^^^^^^^^^^^^^^^^^^
  File "/home/lug15gew/Desktop/thesis/.venv/lib/python3.12/site-packages/wandb/sdk/wandb_run.py", line 1595, in _console_raw_callback
    self._backend.interface.publish_output_raw(name, data)
  File "/home/lug15gew/Desktop/thesis/.venv/lib/python3.12/site-packages/wandb/sdk/interface/interface.py", line 802, in publish_output_raw
    self._publish_output_raw(o)
  File "/home/lug15gew/Desktop/thesis/.venv/lib/python3.12/site-packages/wandb/sdk/interface/interface_shared.py", line 37, in _publish_output_raw
    self._publish(rec)
  File "/home/lug15gew/Desktop/thesis/.venv/lib/python3.12/site-packages/wandb/sdk/interface/interface_sock.py", line 43, in _publish
    self._asyncer.run(lambda: self._client.publish(request))
  File "/home/lug15gew/Desktop/thesis/.venv/lib/python3.12/site-packages/wandb/sdk/lib/asyncio_manager.py", line 131, in run
    raise ValueError("Cannot use run() inside async loop.")
ValueError: Cannot use run() inside async loop.
2025-11-29 23:55:34,438 ERROR   wandb-AsyncioManager-main:2602144 [redirect.py:_on_write():664] [all runs] error in stderr callback
Traceback (most recent call last):
  File "/home/lug15gew/Desktop/thesis/.venv/lib/python3.12/site-packages/wandb/sdk/lib/redirect.py", line 662, in _on_write
    cb(written_data)
  File "/home/lug15gew/Desktop/thesis/.venv/lib/python3.12/site-packages/wandb/sdk/wandb_run.py", line 2433, in <lambda>
    lambda data: self._console_raw_callback("stderr", data),
                 ^^^^^^^^^^^^^^^^^^^^^^^^^^^^^^^^^^^^^^^^^^
  File "/home/lug15gew/Desktop/thesis/.venv/lib/python3.12/site-packages/wandb/sdk/wandb_run.py", line 399, in wrapper
    return func(self, *args, **kwargs)
           ^^^^^^^^^^^^^^^^^^^^^^^^^^^
  File "/home/lug15gew/Desktop/thesis/.venv/lib/python3.12/site-packages/wandb/sdk/wandb_run.py", line 457, in wrapper_fn
    return func(self, *args, **kwargs)
           ^^^^^^^^^^^^^^^^^^^^^^^^^^^
  File "/home/lug15gew/Desktop/thesis/.venv/lib/python3.12/site-packages/wandb/sdk/wandb_run.py", line 1595, in _console_raw_callback
    self._backend.interface.publish_output_raw(name, data)
  File "/home/lug15gew/Desktop/thesis/.venv/lib/python3.12/site-packages/wandb/sdk/interface/interface.py", line 802, in publish_output_raw
    self._publish_output_raw(o)
  File "/home/lug15gew/Desktop/thesis/.venv/lib/python3.12/site-packages/wandb/sdk/interface/interface_shared.py", line 37, in _publish_output_raw
    self._publish(rec)
  File "/home/lug15gew/Desktop/thesis/.venv/lib/python3.12/site-packages/wandb/sdk/interface/interface_sock.py", line 43, in _publish
    self._asyncer.run(lambda: self._client.publish(request))
  File "/home/lug15gew/Desktop/thesis/.venv/lib/python3.12/site-packages/wandb/sdk/lib/asyncio_manager.py", line 131, in run
    raise ValueError("Cannot use run() inside async loop.")
ValueError: Cannot use run() inside async loop.
2025-11-30 00:59:47,236 ERROR   wandb-AsyncioManager-main:2602144 [redirect.py:_on_write():664] [all runs] error in stderr callback
Traceback (most recent call last):
  File "/home/lug15gew/Desktop/thesis/.venv/lib/python3.12/site-packages/wandb/sdk/lib/redirect.py", line 662, in _on_write
    cb(written_data)
  File "/home/lug15gew/Desktop/thesis/.venv/lib/python3.12/site-packages/wandb/sdk/wandb_run.py", line 2433, in <lambda>
    lambda data: self._console_raw_callback("stderr", data),
                 ^^^^^^^^^^^^^^^^^^^^^^^^^^^^^^^^^^^^^^^^^^
  File "/home/lug15gew/Desktop/thesis/.venv/lib/python3.12/site-packages/wandb/sdk/wandb_run.py", line 399, in wrapper
    return func(self, *args, **kwargs)
           ^^^^^^^^^^^^^^^^^^^^^^^^^^^
  File "/home/lug15gew/Desktop/thesis/.venv/lib/python3.12/site-packages/wandb/sdk/wandb_run.py", line 457, in wrapper_fn
    return func(self, *args, **kwargs)
           ^^^^^^^^^^^^^^^^^^^^^^^^^^^
  File "/home/lug15gew/Desktop/thesis/.venv/lib/python3.12/site-packages/wandb/sdk/wandb_run.py", line 1595, in _console_raw_callback
    self._backend.interface.publish_output_raw(name, data)
  File "/home/lug15gew/Desktop/thesis/.venv/lib/python3.12/site-packages/wandb/sdk/interface/interface.py", line 802, in publish_output_raw
    self._publish_output_raw(o)
  File "/home/lug15gew/Desktop/thesis/.venv/lib/python3.12/site-packages/wandb/sdk/interface/interface_shared.py", line 37, in _publish_output_raw
    self._publish(rec)
  File "/home/lug15gew/Desktop/thesis/.venv/lib/python3.12/site-packages/wandb/sdk/interface/interface_sock.py", line 43, in _publish
    self._asyncer.run(lambda: self._client.publish(request))
  File "/home/lug15gew/Desktop/thesis/.venv/lib/python3.12/site-packages/wandb/sdk/lib/asyncio_manager.py", line 131, in run
    raise ValueError("Cannot use run() inside async loop.")
ValueError: Cannot use run() inside async loop.
2025-11-30 01:57:33,787 ERROR   wandb-AsyncioManager-main:2602144 [redirect.py:_on_write():664] [all runs] error in stderr callback
Traceback (most recent call last):
  File "/home/lug15gew/Desktop/thesis/.venv/lib/python3.12/site-packages/wandb/sdk/lib/redirect.py", line 662, in _on_write
    cb(written_data)
  File "/home/lug15gew/Desktop/thesis/.venv/lib/python3.12/site-packages/wandb/sdk/wandb_run.py", line 2433, in <lambda>
    lambda data: self._console_raw_callback("stderr", data),
                 ^^^^^^^^^^^^^^^^^^^^^^^^^^^^^^^^^^^^^^^^^^
  File "/home/lug15gew/Desktop/thesis/.venv/lib/python3.12/site-packages/wandb/sdk/wandb_run.py", line 399, in wrapper
    return func(self, *args, **kwargs)
           ^^^^^^^^^^^^^^^^^^^^^^^^^^^
  File "/home/lug15gew/Desktop/thesis/.venv/lib/python3.12/site-packages/wandb/sdk/wandb_run.py", line 457, in wrapper_fn
    return func(self, *args, **kwargs)
           ^^^^^^^^^^^^^^^^^^^^^^^^^^^
  File "/home/lug15gew/Desktop/thesis/.venv/lib/python3.12/site-packages/wandb/sdk/wandb_run.py", line 1595, in _console_raw_callback
    self._backend.interface.publish_output_raw(name, data)
  File "/home/lug15gew/Desktop/thesis/.venv/lib/python3.12/site-packages/wandb/sdk/interface/interface.py", line 802, in publish_output_raw
    self._publish_output_raw(o)
  File "/home/lug15gew/Desktop/thesis/.venv/lib/python3.12/site-packages/wandb/sdk/interface/interface_shared.py", line 37, in _publish_output_raw
    self._publish(rec)
  File "/home/lug15gew/Desktop/thesis/.venv/lib/python3.12/site-packages/wandb/sdk/interface/interface_sock.py", line 43, in _publish
    self._asyncer.run(lambda: self._client.publish(request))
  File "/home/lug15gew/Desktop/thesis/.venv/lib/python3.12/site-packages/wandb/sdk/lib/asyncio_manager.py", line 131, in run
    raise ValueError("Cannot use run() inside async loop.")
ValueError: Cannot use run() inside async loop.
2025-11-30 02:56:09,781 ERROR   wandb-AsyncioManager-main:2602144 [redirect.py:_on_write():664] [all runs] error in stderr callback
Traceback (most recent call last):
  File "/home/lug15gew/Desktop/thesis/.venv/lib/python3.12/site-packages/wandb/sdk/lib/redirect.py", line 662, in _on_write
    cb(written_data)
  File "/home/lug15gew/Desktop/thesis/.venv/lib/python3.12/site-packages/wandb/sdk/wandb_run.py", line 2433, in <lambda>
    lambda data: self._console_raw_callback("stderr", data),
                 ^^^^^^^^^^^^^^^^^^^^^^^^^^^^^^^^^^^^^^^^^^
  File "/home/lug15gew/Desktop/thesis/.venv/lib/python3.12/site-packages/wandb/sdk/wandb_run.py", line 399, in wrapper
    return func(self, *args, **kwargs)
           ^^^^^^^^^^^^^^^^^^^^^^^^^^^
  File "/home/lug15gew/Desktop/thesis/.venv/lib/python3.12/site-packages/wandb/sdk/wandb_run.py", line 457, in wrapper_fn
    return func(self, *args, **kwargs)
           ^^^^^^^^^^^^^^^^^^^^^^^^^^^
  File "/home/lug15gew/Desktop/thesis/.venv/lib/python3.12/site-packages/wandb/sdk/wandb_run.py", line 1595, in _console_raw_callback
    self._backend.interface.publish_output_raw(name, data)
  File "/home/lug15gew/Desktop/thesis/.venv/lib/python3.12/site-packages/wandb/sdk/interface/interface.py", line 802, in publish_output_raw
    self._publish_output_raw(o)
  File "/home/lug15gew/Desktop/thesis/.venv/lib/python3.12/site-packages/wandb/sdk/interface/interface_shared.py", line 37, in _publish_output_raw
    self._publish(rec)
  File "/home/lug15gew/Desktop/thesis/.venv/lib/python3.12/site-packages/wandb/sdk/interface/interface_sock.py", line 43, in _publish
    self._asyncer.run(lambda: self._client.publish(request))
  File "/home/lug15gew/Desktop/thesis/.venv/lib/python3.12/site-packages/wandb/sdk/lib/asyncio_manager.py", line 131, in run
    raise ValueError("Cannot use run() inside async loop.")
ValueError: Cannot use run() inside async loop.
2025-11-30 03:57:29,864 ERROR   wandb-AsyncioManager-main:2602144 [redirect.py:_on_write():664] [all runs] error in stderr callback
Traceback (most recent call last):
  File "/home/lug15gew/Desktop/thesis/.venv/lib/python3.12/site-packages/wandb/sdk/lib/redirect.py", line 662, in _on_write
    cb(written_data)
  File "/home/lug15gew/Desktop/thesis/.venv/lib/python3.12/site-packages/wandb/sdk/wandb_run.py", line 2433, in <lambda>
    lambda data: self._console_raw_callback("stderr", data),
                 ^^^^^^^^^^^^^^^^^^^^^^^^^^^^^^^^^^^^^^^^^^
  File "/home/lug15gew/Desktop/thesis/.venv/lib/python3.12/site-packages/wandb/sdk/wandb_run.py", line 399, in wrapper
    return func(self, *args, **kwargs)
           ^^^^^^^^^^^^^^^^^^^^^^^^^^^
  File "/home/lug15gew/Desktop/thesis/.venv/lib/python3.12/site-packages/wandb/sdk/wandb_run.py", line 457, in wrapper_fn
    return func(self, *args, **kwargs)
           ^^^^^^^^^^^^^^^^^^^^^^^^^^^
  File "/home/lug15gew/Desktop/thesis/.venv/lib/python3.12/site-packages/wandb/sdk/wandb_run.py", line 1595, in _console_raw_callback
    self._backend.interface.publish_output_raw(name, data)
  File "/home/lug15gew/Desktop/thesis/.venv/lib/python3.12/site-packages/wandb/sdk/interface/interface.py", line 802, in publish_output_raw
    self._publish_output_raw(o)
  File "/home/lug15gew/Desktop/thesis/.venv/lib/python3.12/site-packages/wandb/sdk/interface/interface_shared.py", line 37, in _publish_output_raw
    self._publish(rec)
  File "/home/lug15gew/Desktop/thesis/.venv/lib/python3.12/site-packages/wandb/sdk/interface/interface_sock.py", line 43, in _publish
    self._asyncer.run(lambda: self._client.publish(request))
  File "/home/lug15gew/Desktop/thesis/.venv/lib/python3.12/site-packages/wandb/sdk/lib/asyncio_manager.py", line 131, in run
    raise ValueError("Cannot use run() inside async loop.")
ValueError: Cannot use run() inside async loop.
2025-11-30 04:55:38,904 ERROR   wandb-AsyncioManager-main:2602144 [redirect.py:_on_write():664] [all runs] error in stderr callback
Traceback (most recent call last):
  File "/home/lug15gew/Desktop/thesis/.venv/lib/python3.12/site-packages/wandb/sdk/lib/redirect.py", line 662, in _on_write
    cb(written_data)
  File "/home/lug15gew/Desktop/thesis/.venv/lib/python3.12/site-packages/wandb/sdk/wandb_run.py", line 2433, in <lambda>
    lambda data: self._console_raw_callback("stderr", data),
                 ^^^^^^^^^^^^^^^^^^^^^^^^^^^^^^^^^^^^^^^^^^
  File "/home/lug15gew/Desktop/thesis/.venv/lib/python3.12/site-packages/wandb/sdk/wandb_run.py", line 399, in wrapper
    return func(self, *args, **kwargs)
           ^^^^^^^^^^^^^^^^^^^^^^^^^^^
  File "/home/lug15gew/Desktop/thesis/.venv/lib/python3.12/site-packages/wandb/sdk/wandb_run.py", line 457, in wrapper_fn
    return func(self, *args, **kwargs)
           ^^^^^^^^^^^^^^^^^^^^^^^^^^^
  File "/home/lug15gew/Desktop/thesis/.venv/lib/python3.12/site-packages/wandb/sdk/wandb_run.py", line 1595, in _console_raw_callback
    self._backend.interface.publish_output_raw(name, data)
  File "/home/lug15gew/Desktop/thesis/.venv/lib/python3.12/site-packages/wandb/sdk/interface/interface.py", line 802, in publish_output_raw
    self._publish_output_raw(o)
  File "/home/lug15gew/Desktop/thesis/.venv/lib/python3.12/site-packages/wandb/sdk/interface/interface_shared.py", line 37, in _publish_output_raw
    self._publish(rec)
  File "/home/lug15gew/Desktop/thesis/.venv/lib/python3.12/site-packages/wandb/sdk/interface/interface_sock.py", line 43, in _publish
    self._asyncer.run(lambda: self._client.publish(request))
  File "/home/lug15gew/Desktop/thesis/.venv/lib/python3.12/site-packages/wandb/sdk/lib/asyncio_manager.py", line 131, in run
    raise ValueError("Cannot use run() inside async loop.")
ValueError: Cannot use run() inside async loop.
2025-11-30 05:53:29,637 ERROR   wandb-AsyncioManager-main:2602144 [redirect.py:_on_write():664] [all runs] error in stderr callback
Traceback (most recent call last):
  File "/home/lug15gew/Desktop/thesis/.venv/lib/python3.12/site-packages/wandb/sdk/lib/redirect.py", line 662, in _on_write
    cb(written_data)
  File "/home/lug15gew/Desktop/thesis/.venv/lib/python3.12/site-packages/wandb/sdk/wandb_run.py", line 2433, in <lambda>
    lambda data: self._console_raw_callback("stderr", data),
                 ^^^^^^^^^^^^^^^^^^^^^^^^^^^^^^^^^^^^^^^^^^
  File "/home/lug15gew/Desktop/thesis/.venv/lib/python3.12/site-packages/wandb/sdk/wandb_run.py", line 399, in wrapper
    return func(self, *args, **kwargs)
           ^^^^^^^^^^^^^^^^^^^^^^^^^^^
  File "/home/lug15gew/Desktop/thesis/.venv/lib/python3.12/site-packages/wandb/sdk/wandb_run.py", line 457, in wrapper_fn
    return func(self, *args, **kwargs)
           ^^^^^^^^^^^^^^^^^^^^^^^^^^^
  File "/home/lug15gew/Desktop/thesis/.venv/lib/python3.12/site-packages/wandb/sdk/wandb_run.py", line 1595, in _console_raw_callback
    self._backend.interface.publish_output_raw(name, data)
  File "/home/lug15gew/Desktop/thesis/.venv/lib/python3.12/site-packages/wandb/sdk/interface/interface.py", line 802, in publish_output_raw
    self._publish_output_raw(o)
  File "/home/lug15gew/Desktop/thesis/.venv/lib/python3.12/site-packages/wandb/sdk/interface/interface_shared.py", line 37, in _publish_output_raw
    self._publish(rec)
  File "/home/lug15gew/Desktop/thesis/.venv/lib/python3.12/site-packages/wandb/sdk/interface/interface_sock.py", line 43, in _publish
    self._asyncer.run(lambda: self._client.publish(request))
  File "/home/lug15gew/Desktop/thesis/.venv/lib/python3.12/site-packages/wandb/sdk/lib/asyncio_manager.py", line 131, in run
    raise ValueError("Cannot use run() inside async loop.")
ValueError: Cannot use run() inside async loop.
2025-11-30 06:51:17,124 ERROR   wandb-AsyncioManager-main:2602144 [redirect.py:_on_write():664] [all runs] error in stderr callback
Traceback (most recent call last):
  File "/home/lug15gew/Desktop/thesis/.venv/lib/python3.12/site-packages/wandb/sdk/lib/redirect.py", line 662, in _on_write
    cb(written_data)
  File "/home/lug15gew/Desktop/thesis/.venv/lib/python3.12/site-packages/wandb/sdk/wandb_run.py", line 2433, in <lambda>
    lambda data: self._console_raw_callback("stderr", data),
                 ^^^^^^^^^^^^^^^^^^^^^^^^^^^^^^^^^^^^^^^^^^
  File "/home/lug15gew/Desktop/thesis/.venv/lib/python3.12/site-packages/wandb/sdk/wandb_run.py", line 399, in wrapper
    return func(self, *args, **kwargs)
           ^^^^^^^^^^^^^^^^^^^^^^^^^^^
  File "/home/lug15gew/Desktop/thesis/.venv/lib/python3.12/site-packages/wandb/sdk/wandb_run.py", line 457, in wrapper_fn
    return func(self, *args, **kwargs)
           ^^^^^^^^^^^^^^^^^^^^^^^^^^^
  File "/home/lug15gew/Desktop/thesis/.venv/lib/python3.12/site-packages/wandb/sdk/wandb_run.py", line 1595, in _console_raw_callback
    self._backend.interface.publish_output_raw(name, data)
  File "/home/lug15gew/Desktop/thesis/.venv/lib/python3.12/site-packages/wandb/sdk/interface/interface.py", line 802, in publish_output_raw
    self._publish_output_raw(o)
  File "/home/lug15gew/Desktop/thesis/.venv/lib/python3.12/site-packages/wandb/sdk/interface/interface_shared.py", line 37, in _publish_output_raw
    self._publish(rec)
  File "/home/lug15gew/Desktop/thesis/.venv/lib/python3.12/site-packages/wandb/sdk/interface/interface_sock.py", line 43, in _publish
    self._asyncer.run(lambda: self._client.publish(request))
  File "/home/lug15gew/Desktop/thesis/.venv/lib/python3.12/site-packages/wandb/sdk/lib/asyncio_manager.py", line 131, in run
    raise ValueError("Cannot use run() inside async loop.")
ValueError: Cannot use run() inside async loop.
2025-11-30 07:49:22,528 ERROR   wandb-AsyncioManager-main:2602144 [redirect.py:_on_write():664] [all runs] error in stderr callback
Traceback (most recent call last):
  File "/home/lug15gew/Desktop/thesis/.venv/lib/python3.12/site-packages/wandb/sdk/lib/redirect.py", line 662, in _on_write
    cb(written_data)
  File "/home/lug15gew/Desktop/thesis/.venv/lib/python3.12/site-packages/wandb/sdk/wandb_run.py", line 2433, in <lambda>
    lambda data: self._console_raw_callback("stderr", data),
                 ^^^^^^^^^^^^^^^^^^^^^^^^^^^^^^^^^^^^^^^^^^
  File "/home/lug15gew/Desktop/thesis/.venv/lib/python3.12/site-packages/wandb/sdk/wandb_run.py", line 399, in wrapper
    return func(self, *args, **kwargs)
           ^^^^^^^^^^^^^^^^^^^^^^^^^^^
  File "/home/lug15gew/Desktop/thesis/.venv/lib/python3.12/site-packages/wandb/sdk/wandb_run.py", line 457, in wrapper_fn
    return func(self, *args, **kwargs)
           ^^^^^^^^^^^^^^^^^^^^^^^^^^^
  File "/home/lug15gew/Desktop/thesis/.venv/lib/python3.12/site-packages/wandb/sdk/wandb_run.py", line 1595, in _console_raw_callback
    self._backend.interface.publish_output_raw(name, data)
  File "/home/lug15gew/Desktop/thesis/.venv/lib/python3.12/site-packages/wandb/sdk/interface/interface.py", line 802, in publish_output_raw
    self._publish_output_raw(o)
  File "/home/lug15gew/Desktop/thesis/.venv/lib/python3.12/site-packages/wandb/sdk/interface/interface_shared.py", line 37, in _publish_output_raw
    self._publish(rec)
  File "/home/lug15gew/Desktop/thesis/.venv/lib/python3.12/site-packages/wandb/sdk/interface/interface_sock.py", line 43, in _publish
    self._asyncer.run(lambda: self._client.publish(request))
  File "/home/lug15gew/Desktop/thesis/.venv/lib/python3.12/site-packages/wandb/sdk/lib/asyncio_manager.py", line 131, in run
    raise ValueError("Cannot use run() inside async loop.")
ValueError: Cannot use run() inside async loop.
2025-11-30 08:54:10,767 ERROR   wandb-AsyncioManager-main:2602144 [redirect.py:_on_write():664] [all runs] error in stderr callback
Traceback (most recent call last):
  File "/home/lug15gew/Desktop/thesis/.venv/lib/python3.12/site-packages/wandb/sdk/lib/redirect.py", line 662, in _on_write
    cb(written_data)
  File "/home/lug15gew/Desktop/thesis/.venv/lib/python3.12/site-packages/wandb/sdk/wandb_run.py", line 2433, in <lambda>
    lambda data: self._console_raw_callback("stderr", data),
                 ^^^^^^^^^^^^^^^^^^^^^^^^^^^^^^^^^^^^^^^^^^
  File "/home/lug15gew/Desktop/thesis/.venv/lib/python3.12/site-packages/wandb/sdk/wandb_run.py", line 399, in wrapper
    return func(self, *args, **kwargs)
           ^^^^^^^^^^^^^^^^^^^^^^^^^^^
  File "/home/lug15gew/Desktop/thesis/.venv/lib/python3.12/site-packages/wandb/sdk/wandb_run.py", line 457, in wrapper_fn
    return func(self, *args, **kwargs)
           ^^^^^^^^^^^^^^^^^^^^^^^^^^^
  File "/home/lug15gew/Desktop/thesis/.venv/lib/python3.12/site-packages/wandb/sdk/wandb_run.py", line 1595, in _console_raw_callback
    self._backend.interface.publish_output_raw(name, data)
  File "/home/lug15gew/Desktop/thesis/.venv/lib/python3.12/site-packages/wandb/sdk/interface/interface.py", line 802, in publish_output_raw
    self._publish_output_raw(o)
  File "/home/lug15gew/Desktop/thesis/.venv/lib/python3.12/site-packages/wandb/sdk/interface/interface_shared.py", line 37, in _publish_output_raw
    self._publish(rec)
  File "/home/lug15gew/Desktop/thesis/.venv/lib/python3.12/site-packages/wandb/sdk/interface/interface_sock.py", line 43, in _publish
    self._asyncer.run(lambda: self._client.publish(request))
  File "/home/lug15gew/Desktop/thesis/.venv/lib/python3.12/site-packages/wandb/sdk/lib/asyncio_manager.py", line 131, in run
    raise ValueError("Cannot use run() inside async loop.")
ValueError: Cannot use run() inside async loop.
2025-11-30 09:51:54,844 ERROR   wandb-AsyncioManager-main:2602144 [redirect.py:_on_write():664] [all runs] error in stderr callback
Traceback (most recent call last):
  File "/home/lug15gew/Desktop/thesis/.venv/lib/python3.12/site-packages/wandb/sdk/lib/redirect.py", line 662, in _on_write
    cb(written_data)
  File "/home/lug15gew/Desktop/thesis/.venv/lib/python3.12/site-packages/wandb/sdk/wandb_run.py", line 2433, in <lambda>
    lambda data: self._console_raw_callback("stderr", data),
                 ^^^^^^^^^^^^^^^^^^^^^^^^^^^^^^^^^^^^^^^^^^
  File "/home/lug15gew/Desktop/thesis/.venv/lib/python3.12/site-packages/wandb/sdk/wandb_run.py", line 399, in wrapper
    return func(self, *args, **kwargs)
           ^^^^^^^^^^^^^^^^^^^^^^^^^^^
  File "/home/lug15gew/Desktop/thesis/.venv/lib/python3.12/site-packages/wandb/sdk/wandb_run.py", line 457, in wrapper_fn
    return func(self, *args, **kwargs)
           ^^^^^^^^^^^^^^^^^^^^^^^^^^^
  File "/home/lug15gew/Desktop/thesis/.venv/lib/python3.12/site-packages/wandb/sdk/wandb_run.py", line 1595, in _console_raw_callback
    self._backend.interface.publish_output_raw(name, data)
  File "/home/lug15gew/Desktop/thesis/.venv/lib/python3.12/site-packages/wandb/sdk/interface/interface.py", line 802, in publish_output_raw
    self._publish_output_raw(o)
  File "/home/lug15gew/Desktop/thesis/.venv/lib/python3.12/site-packages/wandb/sdk/interface/interface_shared.py", line 37, in _publish_output_raw
    self._publish(rec)
  File "/home/lug15gew/Desktop/thesis/.venv/lib/python3.12/site-packages/wandb/sdk/interface/interface_sock.py", line 43, in _publish
    self._asyncer.run(lambda: self._client.publish(request))
  File "/home/lug15gew/Desktop/thesis/.venv/lib/python3.12/site-packages/wandb/sdk/lib/asyncio_manager.py", line 131, in run
    raise ValueError("Cannot use run() inside async loop.")
ValueError: Cannot use run() inside async loop.
2025-11-30 10:49:28,231 ERROR   wandb-AsyncioManager-main:2602144 [redirect.py:_on_write():664] [all runs] error in stderr callback
Traceback (most recent call last):
  File "/home/lug15gew/Desktop/thesis/.venv/lib/python3.12/site-packages/wandb/sdk/lib/redirect.py", line 662, in _on_write
    cb(written_data)
  File "/home/lug15gew/Desktop/thesis/.venv/lib/python3.12/site-packages/wandb/sdk/wandb_run.py", line 2433, in <lambda>
    lambda data: self._console_raw_callback("stderr", data),
                 ^^^^^^^^^^^^^^^^^^^^^^^^^^^^^^^^^^^^^^^^^^
  File "/home/lug15gew/Desktop/thesis/.venv/lib/python3.12/site-packages/wandb/sdk/wandb_run.py", line 399, in wrapper
    return func(self, *args, **kwargs)
           ^^^^^^^^^^^^^^^^^^^^^^^^^^^
  File "/home/lug15gew/Desktop/thesis/.venv/lib/python3.12/site-packages/wandb/sdk/wandb_run.py", line 457, in wrapper_fn
    return func(self, *args, **kwargs)
           ^^^^^^^^^^^^^^^^^^^^^^^^^^^
  File "/home/lug15gew/Desktop/thesis/.venv/lib/python3.12/site-packages/wandb/sdk/wandb_run.py", line 1595, in _console_raw_callback
    self._backend.interface.publish_output_raw(name, data)
  File "/home/lug15gew/Desktop/thesis/.venv/lib/python3.12/site-packages/wandb/sdk/interface/interface.py", line 802, in publish_output_raw
    self._publish_output_raw(o)
  File "/home/lug15gew/Desktop/thesis/.venv/lib/python3.12/site-packages/wandb/sdk/interface/interface_shared.py", line 37, in _publish_output_raw
    self._publish(rec)
  File "/home/lug15gew/Desktop/thesis/.venv/lib/python3.12/site-packages/wandb/sdk/interface/interface_sock.py", line 43, in _publish
    self._asyncer.run(lambda: self._client.publish(request))
  File "/home/lug15gew/Desktop/thesis/.venv/lib/python3.12/site-packages/wandb/sdk/lib/asyncio_manager.py", line 131, in run
    raise ValueError("Cannot use run() inside async loop.")
ValueError: Cannot use run() inside async loop.
2025-11-30 11:47:08,299 ERROR   wandb-AsyncioManager-main:2602144 [redirect.py:_on_write():664] [all runs] error in stderr callback
Traceback (most recent call last):
  File "/home/lug15gew/Desktop/thesis/.venv/lib/python3.12/site-packages/wandb/sdk/lib/redirect.py", line 662, in _on_write
    cb(written_data)
  File "/home/lug15gew/Desktop/thesis/.venv/lib/python3.12/site-packages/wandb/sdk/wandb_run.py", line 2433, in <lambda>
    lambda data: self._console_raw_callback("stderr", data),
                 ^^^^^^^^^^^^^^^^^^^^^^^^^^^^^^^^^^^^^^^^^^
  File "/home/lug15gew/Desktop/thesis/.venv/lib/python3.12/site-packages/wandb/sdk/wandb_run.py", line 399, in wrapper
    return func(self, *args, **kwargs)
           ^^^^^^^^^^^^^^^^^^^^^^^^^^^
  File "/home/lug15gew/Desktop/thesis/.venv/lib/python3.12/site-packages/wandb/sdk/wandb_run.py", line 457, in wrapper_fn
    return func(self, *args, **kwargs)
           ^^^^^^^^^^^^^^^^^^^^^^^^^^^
  File "/home/lug15gew/Desktop/thesis/.venv/lib/python3.12/site-packages/wandb/sdk/wandb_run.py", line 1595, in _console_raw_callback
    self._backend.interface.publish_output_raw(name, data)
  File "/home/lug15gew/Desktop/thesis/.venv/lib/python3.12/site-packages/wandb/sdk/interface/interface.py", line 802, in publish_output_raw
    self._publish_output_raw(o)
  File "/home/lug15gew/Desktop/thesis/.venv/lib/python3.12/site-packages/wandb/sdk/interface/interface_shared.py", line 37, in _publish_output_raw
    self._publish(rec)
  File "/home/lug15gew/Desktop/thesis/.venv/lib/python3.12/site-packages/wandb/sdk/interface/interface_sock.py", line 43, in _publish
    self._asyncer.run(lambda: self._client.publish(request))
  File "/home/lug15gew/Desktop/thesis/.venv/lib/python3.12/site-packages/wandb/sdk/lib/asyncio_manager.py", line 131, in run
    raise ValueError("Cannot use run() inside async loop.")
ValueError: Cannot use run() inside async loop.
2025-11-30 12:44:41,314 ERROR   wandb-AsyncioManager-main:2602144 [redirect.py:_on_write():664] [all runs] error in stderr callback
Traceback (most recent call last):
  File "/home/lug15gew/Desktop/thesis/.venv/lib/python3.12/site-packages/wandb/sdk/lib/redirect.py", line 662, in _on_write
    cb(written_data)
  File "/home/lug15gew/Desktop/thesis/.venv/lib/python3.12/site-packages/wandb/sdk/wandb_run.py", line 2433, in <lambda>
    lambda data: self._console_raw_callback("stderr", data),
                 ^^^^^^^^^^^^^^^^^^^^^^^^^^^^^^^^^^^^^^^^^^
  File "/home/lug15gew/Desktop/thesis/.venv/lib/python3.12/site-packages/wandb/sdk/wandb_run.py", line 399, in wrapper
    return func(self, *args, **kwargs)
           ^^^^^^^^^^^^^^^^^^^^^^^^^^^
  File "/home/lug15gew/Desktop/thesis/.venv/lib/python3.12/site-packages/wandb/sdk/wandb_run.py", line 457, in wrapper_fn
    return func(self, *args, **kwargs)
           ^^^^^^^^^^^^^^^^^^^^^^^^^^^
  File "/home/lug15gew/Desktop/thesis/.venv/lib/python3.12/site-packages/wandb/sdk/wandb_run.py", line 1595, in _console_raw_callback
    self._backend.interface.publish_output_raw(name, data)
  File "/home/lug15gew/Desktop/thesis/.venv/lib/python3.12/site-packages/wandb/sdk/interface/interface.py", line 802, in publish_output_raw
    self._publish_output_raw(o)
  File "/home/lug15gew/Desktop/thesis/.venv/lib/python3.12/site-packages/wandb/sdk/interface/interface_shared.py", line 37, in _publish_output_raw
    self._publish(rec)
  File "/home/lug15gew/Desktop/thesis/.venv/lib/python3.12/site-packages/wandb/sdk/interface/interface_sock.py", line 43, in _publish
    self._asyncer.run(lambda: self._client.publish(request))
  File "/home/lug15gew/Desktop/thesis/.venv/lib/python3.12/site-packages/wandb/sdk/lib/asyncio_manager.py", line 131, in run
    raise ValueError("Cannot use run() inside async loop.")
ValueError: Cannot use run() inside async loop.
2025-11-30 13:42:24,367 ERROR   wandb-AsyncioManager-main:2602144 [redirect.py:_on_write():664] [all runs] error in stderr callback
Traceback (most recent call last):
  File "/home/lug15gew/Desktop/thesis/.venv/lib/python3.12/site-packages/wandb/sdk/lib/redirect.py", line 662, in _on_write
    cb(written_data)
  File "/home/lug15gew/Desktop/thesis/.venv/lib/python3.12/site-packages/wandb/sdk/wandb_run.py", line 2433, in <lambda>
    lambda data: self._console_raw_callback("stderr", data),
                 ^^^^^^^^^^^^^^^^^^^^^^^^^^^^^^^^^^^^^^^^^^
  File "/home/lug15gew/Desktop/thesis/.venv/lib/python3.12/site-packages/wandb/sdk/wandb_run.py", line 399, in wrapper
    return func(self, *args, **kwargs)
           ^^^^^^^^^^^^^^^^^^^^^^^^^^^
  File "/home/lug15gew/Desktop/thesis/.venv/lib/python3.12/site-packages/wandb/sdk/wandb_run.py", line 457, in wrapper_fn
    return func(self, *args, **kwargs)
           ^^^^^^^^^^^^^^^^^^^^^^^^^^^
  File "/home/lug15gew/Desktop/thesis/.venv/lib/python3.12/site-packages/wandb/sdk/wandb_run.py", line 1595, in _console_raw_callback
    self._backend.interface.publish_output_raw(name, data)
  File "/home/lug15gew/Desktop/thesis/.venv/lib/python3.12/site-packages/wandb/sdk/interface/interface.py", line 802, in publish_output_raw
    self._publish_output_raw(o)
  File "/home/lug15gew/Desktop/thesis/.venv/lib/python3.12/site-packages/wandb/sdk/interface/interface_shared.py", line 37, in _publish_output_raw
    self._publish(rec)
  File "/home/lug15gew/Desktop/thesis/.venv/lib/python3.12/site-packages/wandb/sdk/interface/interface_sock.py", line 43, in _publish
    self._asyncer.run(lambda: self._client.publish(request))
  File "/home/lug15gew/Desktop/thesis/.venv/lib/python3.12/site-packages/wandb/sdk/lib/asyncio_manager.py", line 131, in run
    raise ValueError("Cannot use run() inside async loop.")
ValueError: Cannot use run() inside async loop.
2025-11-30 14:40:01,031 ERROR   wandb-AsyncioManager-main:2602144 [redirect.py:_on_write():664] [all runs] error in stderr callback
Traceback (most recent call last):
  File "/home/lug15gew/Desktop/thesis/.venv/lib/python3.12/site-packages/wandb/sdk/lib/redirect.py", line 662, in _on_write
    cb(written_data)
  File "/home/lug15gew/Desktop/thesis/.venv/lib/python3.12/site-packages/wandb/sdk/wandb_run.py", line 2433, in <lambda>
    lambda data: self._console_raw_callback("stderr", data),
                 ^^^^^^^^^^^^^^^^^^^^^^^^^^^^^^^^^^^^^^^^^^
  File "/home/lug15gew/Desktop/thesis/.venv/lib/python3.12/site-packages/wandb/sdk/wandb_run.py", line 399, in wrapper
    return func(self, *args, **kwargs)
           ^^^^^^^^^^^^^^^^^^^^^^^^^^^
  File "/home/lug15gew/Desktop/thesis/.venv/lib/python3.12/site-packages/wandb/sdk/wandb_run.py", line 457, in wrapper_fn
    return func(self, *args, **kwargs)
           ^^^^^^^^^^^^^^^^^^^^^^^^^^^
  File "/home/lug15gew/Desktop/thesis/.venv/lib/python3.12/site-packages/wandb/sdk/wandb_run.py", line 1595, in _console_raw_callback
    self._backend.interface.publish_output_raw(name, data)
  File "/home/lug15gew/Desktop/thesis/.venv/lib/python3.12/site-packages/wandb/sdk/interface/interface.py", line 802, in publish_output_raw
    self._publish_output_raw(o)
  File "/home/lug15gew/Desktop/thesis/.venv/lib/python3.12/site-packages/wandb/sdk/interface/interface_shared.py", line 37, in _publish_output_raw
    self._publish(rec)
  File "/home/lug15gew/Desktop/thesis/.venv/lib/python3.12/site-packages/wandb/sdk/interface/interface_sock.py", line 43, in _publish
    self._asyncer.run(lambda: self._client.publish(request))
  File "/home/lug15gew/Desktop/thesis/.venv/lib/python3.12/site-packages/wandb/sdk/lib/asyncio_manager.py", line 131, in run
    raise ValueError("Cannot use run() inside async loop.")
ValueError: Cannot use run() inside async loop.
2025-11-30 15:37:32,260 ERROR   wandb-AsyncioManager-main:2602144 [redirect.py:_on_write():664] [all runs] error in stderr callback
Traceback (most recent call last):
  File "/home/lug15gew/Desktop/thesis/.venv/lib/python3.12/site-packages/wandb/sdk/lib/redirect.py", line 662, in _on_write
    cb(written_data)
  File "/home/lug15gew/Desktop/thesis/.venv/lib/python3.12/site-packages/wandb/sdk/wandb_run.py", line 2433, in <lambda>
    lambda data: self._console_raw_callback("stderr", data),
                 ^^^^^^^^^^^^^^^^^^^^^^^^^^^^^^^^^^^^^^^^^^
  File "/home/lug15gew/Desktop/thesis/.venv/lib/python3.12/site-packages/wandb/sdk/wandb_run.py", line 399, in wrapper
    return func(self, *args, **kwargs)
           ^^^^^^^^^^^^^^^^^^^^^^^^^^^
  File "/home/lug15gew/Desktop/thesis/.venv/lib/python3.12/site-packages/wandb/sdk/wandb_run.py", line 457, in wrapper_fn
    return func(self, *args, **kwargs)
           ^^^^^^^^^^^^^^^^^^^^^^^^^^^
  File "/home/lug15gew/Desktop/thesis/.venv/lib/python3.12/site-packages/wandb/sdk/wandb_run.py", line 1595, in _console_raw_callback
    self._backend.interface.publish_output_raw(name, data)
  File "/home/lug15gew/Desktop/thesis/.venv/lib/python3.12/site-packages/wandb/sdk/interface/interface.py", line 802, in publish_output_raw
    self._publish_output_raw(o)
  File "/home/lug15gew/Desktop/thesis/.venv/lib/python3.12/site-packages/wandb/sdk/interface/interface_shared.py", line 37, in _publish_output_raw
    self._publish(rec)
  File "/home/lug15gew/Desktop/thesis/.venv/lib/python3.12/site-packages/wandb/sdk/interface/interface_sock.py", line 43, in _publish
    self._asyncer.run(lambda: self._client.publish(request))
  File "/home/lug15gew/Desktop/thesis/.venv/lib/python3.12/site-packages/wandb/sdk/lib/asyncio_manager.py", line 131, in run
    raise ValueError("Cannot use run() inside async loop.")
ValueError: Cannot use run() inside async loop.
2025-11-30 16:35:34,938 ERROR   wandb-AsyncioManager-main:2602144 [redirect.py:_on_write():664] [all runs] error in stderr callback
Traceback (most recent call last):
  File "/home/lug15gew/Desktop/thesis/.venv/lib/python3.12/site-packages/wandb/sdk/lib/redirect.py", line 662, in _on_write
    cb(written_data)
  File "/home/lug15gew/Desktop/thesis/.venv/lib/python3.12/site-packages/wandb/sdk/wandb_run.py", line 2433, in <lambda>
    lambda data: self._console_raw_callback("stderr", data),
                 ^^^^^^^^^^^^^^^^^^^^^^^^^^^^^^^^^^^^^^^^^^
  File "/home/lug15gew/Desktop/thesis/.venv/lib/python3.12/site-packages/wandb/sdk/wandb_run.py", line 399, in wrapper
    return func(self, *args, **kwargs)
           ^^^^^^^^^^^^^^^^^^^^^^^^^^^
  File "/home/lug15gew/Desktop/thesis/.venv/lib/python3.12/site-packages/wandb/sdk/wandb_run.py", line 457, in wrapper_fn
    return func(self, *args, **kwargs)
           ^^^^^^^^^^^^^^^^^^^^^^^^^^^
  File "/home/lug15gew/Desktop/thesis/.venv/lib/python3.12/site-packages/wandb/sdk/wandb_run.py", line 1595, in _console_raw_callback
    self._backend.interface.publish_output_raw(name, data)
  File "/home/lug15gew/Desktop/thesis/.venv/lib/python3.12/site-packages/wandb/sdk/interface/interface.py", line 802, in publish_output_raw
    self._publish_output_raw(o)
  File "/home/lug15gew/Desktop/thesis/.venv/lib/python3.12/site-packages/wandb/sdk/interface/interface_shared.py", line 37, in _publish_output_raw
    self._publish(rec)
  File "/home/lug15gew/Desktop/thesis/.venv/lib/python3.12/site-packages/wandb/sdk/interface/interface_sock.py", line 43, in _publish
    self._asyncer.run(lambda: self._client.publish(request))
  File "/home/lug15gew/Desktop/thesis/.venv/lib/python3.12/site-packages/wandb/sdk/lib/asyncio_manager.py", line 131, in run
    raise ValueError("Cannot use run() inside async loop.")
ValueError: Cannot use run() inside async loop.
2025-11-30 17:33:29,792 ERROR   wandb-AsyncioManager-main:2602144 [redirect.py:_on_write():664] [all runs] error in stderr callback
Traceback (most recent call last):
  File "/home/lug15gew/Desktop/thesis/.venv/lib/python3.12/site-packages/wandb/sdk/lib/redirect.py", line 662, in _on_write
    cb(written_data)
  File "/home/lug15gew/Desktop/thesis/.venv/lib/python3.12/site-packages/wandb/sdk/wandb_run.py", line 2433, in <lambda>
    lambda data: self._console_raw_callback("stderr", data),
                 ^^^^^^^^^^^^^^^^^^^^^^^^^^^^^^^^^^^^^^^^^^
  File "/home/lug15gew/Desktop/thesis/.venv/lib/python3.12/site-packages/wandb/sdk/wandb_run.py", line 399, in wrapper
    return func(self, *args, **kwargs)
           ^^^^^^^^^^^^^^^^^^^^^^^^^^^
  File "/home/lug15gew/Desktop/thesis/.venv/lib/python3.12/site-packages/wandb/sdk/wandb_run.py", line 457, in wrapper_fn
    return func(self, *args, **kwargs)
           ^^^^^^^^^^^^^^^^^^^^^^^^^^^
  File "/home/lug15gew/Desktop/thesis/.venv/lib/python3.12/site-packages/wandb/sdk/wandb_run.py", line 1595, in _console_raw_callback
    self._backend.interface.publish_output_raw(name, data)
  File "/home/lug15gew/Desktop/thesis/.venv/lib/python3.12/site-packages/wandb/sdk/interface/interface.py", line 802, in publish_output_raw
    self._publish_output_raw(o)
  File "/home/lug15gew/Desktop/thesis/.venv/lib/python3.12/site-packages/wandb/sdk/interface/interface_shared.py", line 37, in _publish_output_raw
    self._publish(rec)
  File "/home/lug15gew/Desktop/thesis/.venv/lib/python3.12/site-packages/wandb/sdk/interface/interface_sock.py", line 43, in _publish
    self._asyncer.run(lambda: self._client.publish(request))
  File "/home/lug15gew/Desktop/thesis/.venv/lib/python3.12/site-packages/wandb/sdk/lib/asyncio_manager.py", line 131, in run
    raise ValueError("Cannot use run() inside async loop.")
ValueError: Cannot use run() inside async loop.
2025-11-30 18:37:12,161 ERROR   wandb-AsyncioManager-main:2602144 [redirect.py:_on_write():664] [all runs] error in stderr callback
Traceback (most recent call last):
  File "/home/lug15gew/Desktop/thesis/.venv/lib/python3.12/site-packages/wandb/sdk/lib/redirect.py", line 662, in _on_write
    cb(written_data)
  File "/home/lug15gew/Desktop/thesis/.venv/lib/python3.12/site-packages/wandb/sdk/wandb_run.py", line 2433, in <lambda>
    lambda data: self._console_raw_callback("stderr", data),
                 ^^^^^^^^^^^^^^^^^^^^^^^^^^^^^^^^^^^^^^^^^^
  File "/home/lug15gew/Desktop/thesis/.venv/lib/python3.12/site-packages/wandb/sdk/wandb_run.py", line 399, in wrapper
    return func(self, *args, **kwargs)
           ^^^^^^^^^^^^^^^^^^^^^^^^^^^
  File "/home/lug15gew/Desktop/thesis/.venv/lib/python3.12/site-packages/wandb/sdk/wandb_run.py", line 457, in wrapper_fn
    return func(self, *args, **kwargs)
           ^^^^^^^^^^^^^^^^^^^^^^^^^^^
  File "/home/lug15gew/Desktop/thesis/.venv/lib/python3.12/site-packages/wandb/sdk/wandb_run.py", line 1595, in _console_raw_callback
    self._backend.interface.publish_output_raw(name, data)
  File "/home/lug15gew/Desktop/thesis/.venv/lib/python3.12/site-packages/wandb/sdk/interface/interface.py", line 802, in publish_output_raw
    self._publish_output_raw(o)
  File "/home/lug15gew/Desktop/thesis/.venv/lib/python3.12/site-packages/wandb/sdk/interface/interface_shared.py", line 37, in _publish_output_raw
    self._publish(rec)
  File "/home/lug15gew/Desktop/thesis/.venv/lib/python3.12/site-packages/wandb/sdk/interface/interface_sock.py", line 43, in _publish
    self._asyncer.run(lambda: self._client.publish(request))
  File "/home/lug15gew/Desktop/thesis/.venv/lib/python3.12/site-packages/wandb/sdk/lib/asyncio_manager.py", line 131, in run
    raise ValueError("Cannot use run() inside async loop.")
ValueError: Cannot use run() inside async loop.
2025-11-30 19:39:20,086 ERROR   wandb-AsyncioManager-main:2602144 [redirect.py:_on_write():664] [all runs] error in stderr callback
Traceback (most recent call last):
  File "/home/lug15gew/Desktop/thesis/.venv/lib/python3.12/site-packages/wandb/sdk/lib/redirect.py", line 662, in _on_write
    cb(written_data)
  File "/home/lug15gew/Desktop/thesis/.venv/lib/python3.12/site-packages/wandb/sdk/wandb_run.py", line 2433, in <lambda>
    lambda data: self._console_raw_callback("stderr", data),
                 ^^^^^^^^^^^^^^^^^^^^^^^^^^^^^^^^^^^^^^^^^^
  File "/home/lug15gew/Desktop/thesis/.venv/lib/python3.12/site-packages/wandb/sdk/wandb_run.py", line 399, in wrapper
    return func(self, *args, **kwargs)
           ^^^^^^^^^^^^^^^^^^^^^^^^^^^
  File "/home/lug15gew/Desktop/thesis/.venv/lib/python3.12/site-packages/wandb/sdk/wandb_run.py", line 457, in wrapper_fn
    return func(self, *args, **kwargs)
           ^^^^^^^^^^^^^^^^^^^^^^^^^^^
  File "/home/lug15gew/Desktop/thesis/.venv/lib/python3.12/site-packages/wandb/sdk/wandb_run.py", line 1595, in _console_raw_callback
    self._backend.interface.publish_output_raw(name, data)
  File "/home/lug15gew/Desktop/thesis/.venv/lib/python3.12/site-packages/wandb/sdk/interface/interface.py", line 802, in publish_output_raw
    self._publish_output_raw(o)
  File "/home/lug15gew/Desktop/thesis/.venv/lib/python3.12/site-packages/wandb/sdk/interface/interface_shared.py", line 37, in _publish_output_raw
    self._publish(rec)
  File "/home/lug15gew/Desktop/thesis/.venv/lib/python3.12/site-packages/wandb/sdk/interface/interface_sock.py", line 43, in _publish
    self._asyncer.run(lambda: self._client.publish(request))
  File "/home/lug15gew/Desktop/thesis/.venv/lib/python3.12/site-packages/wandb/sdk/lib/asyncio_manager.py", line 131, in run
    raise ValueError("Cannot use run() inside async loop.")
ValueError: Cannot use run() inside async loop.
2025-11-30 20:37:02,290 ERROR   wandb-AsyncioManager-main:2602144 [redirect.py:_on_write():664] [all runs] error in stderr callback
Traceback (most recent call last):
  File "/home/lug15gew/Desktop/thesis/.venv/lib/python3.12/site-packages/wandb/sdk/lib/redirect.py", line 662, in _on_write
    cb(written_data)
  File "/home/lug15gew/Desktop/thesis/.venv/lib/python3.12/site-packages/wandb/sdk/wandb_run.py", line 2433, in <lambda>
    lambda data: self._console_raw_callback("stderr", data),
                 ^^^^^^^^^^^^^^^^^^^^^^^^^^^^^^^^^^^^^^^^^^
  File "/home/lug15gew/Desktop/thesis/.venv/lib/python3.12/site-packages/wandb/sdk/wandb_run.py", line 399, in wrapper
    return func(self, *args, **kwargs)
           ^^^^^^^^^^^^^^^^^^^^^^^^^^^
  File "/home/lug15gew/Desktop/thesis/.venv/lib/python3.12/site-packages/wandb/sdk/wandb_run.py", line 457, in wrapper_fn
    return func(self, *args, **kwargs)
           ^^^^^^^^^^^^^^^^^^^^^^^^^^^
  File "/home/lug15gew/Desktop/thesis/.venv/lib/python3.12/site-packages/wandb/sdk/wandb_run.py", line 1595, in _console_raw_callback
    self._backend.interface.publish_output_raw(name, data)
  File "/home/lug15gew/Desktop/thesis/.venv/lib/python3.12/site-packages/wandb/sdk/interface/interface.py", line 802, in publish_output_raw
    self._publish_output_raw(o)
  File "/home/lug15gew/Desktop/thesis/.venv/lib/python3.12/site-packages/wandb/sdk/interface/interface_shared.py", line 37, in _publish_output_raw
    self._publish(rec)
  File "/home/lug15gew/Desktop/thesis/.venv/lib/python3.12/site-packages/wandb/sdk/interface/interface_sock.py", line 43, in _publish
    self._asyncer.run(lambda: self._client.publish(request))
  File "/home/lug15gew/Desktop/thesis/.venv/lib/python3.12/site-packages/wandb/sdk/lib/asyncio_manager.py", line 131, in run
    raise ValueError("Cannot use run() inside async loop.")
ValueError: Cannot use run() inside async loop.
2025-11-30 21:34:24,488 ERROR   wandb-AsyncioManager-main:2602144 [redirect.py:_on_write():664] [all runs] error in stderr callback
Traceback (most recent call last):
  File "/home/lug15gew/Desktop/thesis/.venv/lib/python3.12/site-packages/wandb/sdk/lib/redirect.py", line 662, in _on_write
    cb(written_data)
  File "/home/lug15gew/Desktop/thesis/.venv/lib/python3.12/site-packages/wandb/sdk/wandb_run.py", line 2433, in <lambda>
    lambda data: self._console_raw_callback("stderr", data),
                 ^^^^^^^^^^^^^^^^^^^^^^^^^^^^^^^^^^^^^^^^^^
  File "/home/lug15gew/Desktop/thesis/.venv/lib/python3.12/site-packages/wandb/sdk/wandb_run.py", line 399, in wrapper
    return func(self, *args, **kwargs)
           ^^^^^^^^^^^^^^^^^^^^^^^^^^^
  File "/home/lug15gew/Desktop/thesis/.venv/lib/python3.12/site-packages/wandb/sdk/wandb_run.py", line 457, in wrapper_fn
    return func(self, *args, **kwargs)
           ^^^^^^^^^^^^^^^^^^^^^^^^^^^
  File "/home/lug15gew/Desktop/thesis/.venv/lib/python3.12/site-packages/wandb/sdk/wandb_run.py", line 1595, in _console_raw_callback
    self._backend.interface.publish_output_raw(name, data)
  File "/home/lug15gew/Desktop/thesis/.venv/lib/python3.12/site-packages/wandb/sdk/interface/interface.py", line 802, in publish_output_raw
    self._publish_output_raw(o)
  File "/home/lug15gew/Desktop/thesis/.venv/lib/python3.12/site-packages/wandb/sdk/interface/interface_shared.py", line 37, in _publish_output_raw
    self._publish(rec)
  File "/home/lug15gew/Desktop/thesis/.venv/lib/python3.12/site-packages/wandb/sdk/interface/interface_sock.py", line 43, in _publish
    self._asyncer.run(lambda: self._client.publish(request))
  File "/home/lug15gew/Desktop/thesis/.venv/lib/python3.12/site-packages/wandb/sdk/lib/asyncio_manager.py", line 131, in run
    raise ValueError("Cannot use run() inside async loop.")
ValueError: Cannot use run() inside async loop.
2025-11-30 22:32:02,207 ERROR   wandb-AsyncioManager-main:2602144 [redirect.py:_on_write():664] [all runs] error in stderr callback
Traceback (most recent call last):
  File "/home/lug15gew/Desktop/thesis/.venv/lib/python3.12/site-packages/wandb/sdk/lib/redirect.py", line 662, in _on_write
    cb(written_data)
  File "/home/lug15gew/Desktop/thesis/.venv/lib/python3.12/site-packages/wandb/sdk/wandb_run.py", line 2433, in <lambda>
    lambda data: self._console_raw_callback("stderr", data),
                 ^^^^^^^^^^^^^^^^^^^^^^^^^^^^^^^^^^^^^^^^^^
  File "/home/lug15gew/Desktop/thesis/.venv/lib/python3.12/site-packages/wandb/sdk/wandb_run.py", line 399, in wrapper
    return func(self, *args, **kwargs)
           ^^^^^^^^^^^^^^^^^^^^^^^^^^^
  File "/home/lug15gew/Desktop/thesis/.venv/lib/python3.12/site-packages/wandb/sdk/wandb_run.py", line 457, in wrapper_fn
    return func(self, *args, **kwargs)
           ^^^^^^^^^^^^^^^^^^^^^^^^^^^
  File "/home/lug15gew/Desktop/thesis/.venv/lib/python3.12/site-packages/wandb/sdk/wandb_run.py", line 1595, in _console_raw_callback
    self._backend.interface.publish_output_raw(name, data)
  File "/home/lug15gew/Desktop/thesis/.venv/lib/python3.12/site-packages/wandb/sdk/interface/interface.py", line 802, in publish_output_raw
    self._publish_output_raw(o)
  File "/home/lug15gew/Desktop/thesis/.venv/lib/python3.12/site-packages/wandb/sdk/interface/interface_shared.py", line 37, in _publish_output_raw
    self._publish(rec)
  File "/home/lug15gew/Desktop/thesis/.venv/lib/python3.12/site-packages/wandb/sdk/interface/interface_sock.py", line 43, in _publish
    self._asyncer.run(lambda: self._client.publish(request))
  File "/home/lug15gew/Desktop/thesis/.venv/lib/python3.12/site-packages/wandb/sdk/lib/asyncio_manager.py", line 131, in run
    raise ValueError("Cannot use run() inside async loop.")
ValueError: Cannot use run() inside async loop.
2025-11-30 23:30:21,083 ERROR   wandb-AsyncioManager-main:2602144 [redirect.py:_on_write():664] [all runs] error in stderr callback
Traceback (most recent call last):
  File "/home/lug15gew/Desktop/thesis/.venv/lib/python3.12/site-packages/wandb/sdk/lib/redirect.py", line 662, in _on_write
    cb(written_data)
  File "/home/lug15gew/Desktop/thesis/.venv/lib/python3.12/site-packages/wandb/sdk/wandb_run.py", line 2433, in <lambda>
    lambda data: self._console_raw_callback("stderr", data),
                 ^^^^^^^^^^^^^^^^^^^^^^^^^^^^^^^^^^^^^^^^^^
  File "/home/lug15gew/Desktop/thesis/.venv/lib/python3.12/site-packages/wandb/sdk/wandb_run.py", line 399, in wrapper
    return func(self, *args, **kwargs)
           ^^^^^^^^^^^^^^^^^^^^^^^^^^^
  File "/home/lug15gew/Desktop/thesis/.venv/lib/python3.12/site-packages/wandb/sdk/wandb_run.py", line 457, in wrapper_fn
    return func(self, *args, **kwargs)
           ^^^^^^^^^^^^^^^^^^^^^^^^^^^
  File "/home/lug15gew/Desktop/thesis/.venv/lib/python3.12/site-packages/wandb/sdk/wandb_run.py", line 1595, in _console_raw_callback
    self._backend.interface.publish_output_raw(name, data)
  File "/home/lug15gew/Desktop/thesis/.venv/lib/python3.12/site-packages/wandb/sdk/interface/interface.py", line 802, in publish_output_raw
    self._publish_output_raw(o)
  File "/home/lug15gew/Desktop/thesis/.venv/lib/python3.12/site-packages/wandb/sdk/interface/interface_shared.py", line 37, in _publish_output_raw
    self._publish(rec)
  File "/home/lug15gew/Desktop/thesis/.venv/lib/python3.12/site-packages/wandb/sdk/interface/interface_sock.py", line 43, in _publish
    self._asyncer.run(lambda: self._client.publish(request))
  File "/home/lug15gew/Desktop/thesis/.venv/lib/python3.12/site-packages/wandb/sdk/lib/asyncio_manager.py", line 131, in run
    raise ValueError("Cannot use run() inside async loop.")
ValueError: Cannot use run() inside async loop.
2025-12-01 00:28:13,243 ERROR   wandb-AsyncioManager-main:2602144 [redirect.py:_on_write():664] [all runs] error in stderr callback
Traceback (most recent call last):
  File "/home/lug15gew/Desktop/thesis/.venv/lib/python3.12/site-packages/wandb/sdk/lib/redirect.py", line 662, in _on_write
    cb(written_data)
  File "/home/lug15gew/Desktop/thesis/.venv/lib/python3.12/site-packages/wandb/sdk/wandb_run.py", line 2433, in <lambda>
    lambda data: self._console_raw_callback("stderr", data),
                 ^^^^^^^^^^^^^^^^^^^^^^^^^^^^^^^^^^^^^^^^^^
  File "/home/lug15gew/Desktop/thesis/.venv/lib/python3.12/site-packages/wandb/sdk/wandb_run.py", line 399, in wrapper
    return func(self, *args, **kwargs)
           ^^^^^^^^^^^^^^^^^^^^^^^^^^^
  File "/home/lug15gew/Desktop/thesis/.venv/lib/python3.12/site-packages/wandb/sdk/wandb_run.py", line 457, in wrapper_fn
    return func(self, *args, **kwargs)
           ^^^^^^^^^^^^^^^^^^^^^^^^^^^
  File "/home/lug15gew/Desktop/thesis/.venv/lib/python3.12/site-packages/wandb/sdk/wandb_run.py", line 1595, in _console_raw_callback
    self._backend.interface.publish_output_raw(name, data)
  File "/home/lug15gew/Desktop/thesis/.venv/lib/python3.12/site-packages/wandb/sdk/interface/interface.py", line 802, in publish_output_raw
    self._publish_output_raw(o)
  File "/home/lug15gew/Desktop/thesis/.venv/lib/python3.12/site-packages/wandb/sdk/interface/interface_shared.py", line 37, in _publish_output_raw
    self._publish(rec)
  File "/home/lug15gew/Desktop/thesis/.venv/lib/python3.12/site-packages/wandb/sdk/interface/interface_sock.py", line 43, in _publish
    self._asyncer.run(lambda: self._client.publish(request))
  File "/home/lug15gew/Desktop/thesis/.venv/lib/python3.12/site-packages/wandb/sdk/lib/asyncio_manager.py", line 131, in run
    raise ValueError("Cannot use run() inside async loop.")
ValueError: Cannot use run() inside async loop.
2025-12-01 01:27:37,048 ERROR   wandb-AsyncioManager-main:2602144 [redirect.py:_on_write():664] [all runs] error in stderr callback
Traceback (most recent call last):
  File "/home/lug15gew/Desktop/thesis/.venv/lib/python3.12/site-packages/wandb/sdk/lib/redirect.py", line 662, in _on_write
    cb(written_data)
  File "/home/lug15gew/Desktop/thesis/.venv/lib/python3.12/site-packages/wandb/sdk/wandb_run.py", line 2433, in <lambda>
    lambda data: self._console_raw_callback("stderr", data),
                 ^^^^^^^^^^^^^^^^^^^^^^^^^^^^^^^^^^^^^^^^^^
  File "/home/lug15gew/Desktop/thesis/.venv/lib/python3.12/site-packages/wandb/sdk/wandb_run.py", line 399, in wrapper
    return func(self, *args, **kwargs)
           ^^^^^^^^^^^^^^^^^^^^^^^^^^^
  File "/home/lug15gew/Desktop/thesis/.venv/lib/python3.12/site-packages/wandb/sdk/wandb_run.py", line 457, in wrapper_fn
    return func(self, *args, **kwargs)
           ^^^^^^^^^^^^^^^^^^^^^^^^^^^
  File "/home/lug15gew/Desktop/thesis/.venv/lib/python3.12/site-packages/wandb/sdk/wandb_run.py", line 1595, in _console_raw_callback
    self._backend.interface.publish_output_raw(name, data)
  File "/home/lug15gew/Desktop/thesis/.venv/lib/python3.12/site-packages/wandb/sdk/interface/interface.py", line 802, in publish_output_raw
    self._publish_output_raw(o)
  File "/home/lug15gew/Desktop/thesis/.venv/lib/python3.12/site-packages/wandb/sdk/interface/interface_shared.py", line 37, in _publish_output_raw
    self._publish(rec)
  File "/home/lug15gew/Desktop/thesis/.venv/lib/python3.12/site-packages/wandb/sdk/interface/interface_sock.py", line 43, in _publish
    self._asyncer.run(lambda: self._client.publish(request))
  File "/home/lug15gew/Desktop/thesis/.venv/lib/python3.12/site-packages/wandb/sdk/lib/asyncio_manager.py", line 131, in run
    raise ValueError("Cannot use run() inside async loop.")
ValueError: Cannot use run() inside async loop.
2025-12-01 02:25:00,925 ERROR   wandb-AsyncioManager-main:2602144 [redirect.py:_on_write():664] [all runs] error in stderr callback
Traceback (most recent call last):
  File "/home/lug15gew/Desktop/thesis/.venv/lib/python3.12/site-packages/wandb/sdk/lib/redirect.py", line 662, in _on_write
    cb(written_data)
  File "/home/lug15gew/Desktop/thesis/.venv/lib/python3.12/site-packages/wandb/sdk/wandb_run.py", line 2433, in <lambda>
    lambda data: self._console_raw_callback("stderr", data),
                 ^^^^^^^^^^^^^^^^^^^^^^^^^^^^^^^^^^^^^^^^^^
  File "/home/lug15gew/Desktop/thesis/.venv/lib/python3.12/site-packages/wandb/sdk/wandb_run.py", line 399, in wrapper
    return func(self, *args, **kwargs)
           ^^^^^^^^^^^^^^^^^^^^^^^^^^^
  File "/home/lug15gew/Desktop/thesis/.venv/lib/python3.12/site-packages/wandb/sdk/wandb_run.py", line 457, in wrapper_fn
    return func(self, *args, **kwargs)
           ^^^^^^^^^^^^^^^^^^^^^^^^^^^
  File "/home/lug15gew/Desktop/thesis/.venv/lib/python3.12/site-packages/wandb/sdk/wandb_run.py", line 1595, in _console_raw_callback
    self._backend.interface.publish_output_raw(name, data)
  File "/home/lug15gew/Desktop/thesis/.venv/lib/python3.12/site-packages/wandb/sdk/interface/interface.py", line 802, in publish_output_raw
    self._publish_output_raw(o)
  File "/home/lug15gew/Desktop/thesis/.venv/lib/python3.12/site-packages/wandb/sdk/interface/interface_shared.py", line 37, in _publish_output_raw
    self._publish(rec)
  File "/home/lug15gew/Desktop/thesis/.venv/lib/python3.12/site-packages/wandb/sdk/interface/interface_sock.py", line 43, in _publish
    self._asyncer.run(lambda: self._client.publish(request))
  File "/home/lug15gew/Desktop/thesis/.venv/lib/python3.12/site-packages/wandb/sdk/lib/asyncio_manager.py", line 131, in run
    raise ValueError("Cannot use run() inside async loop.")
ValueError: Cannot use run() inside async loop.
2025-12-01 03:22:17,209 ERROR   wandb-AsyncioManager-main:2602144 [redirect.py:_on_write():664] [all runs] error in stderr callback
Traceback (most recent call last):
  File "/home/lug15gew/Desktop/thesis/.venv/lib/python3.12/site-packages/wandb/sdk/lib/redirect.py", line 662, in _on_write
    cb(written_data)
  File "/home/lug15gew/Desktop/thesis/.venv/lib/python3.12/site-packages/wandb/sdk/wandb_run.py", line 2433, in <lambda>
    lambda data: self._console_raw_callback("stderr", data),
                 ^^^^^^^^^^^^^^^^^^^^^^^^^^^^^^^^^^^^^^^^^^
  File "/home/lug15gew/Desktop/thesis/.venv/lib/python3.12/site-packages/wandb/sdk/wandb_run.py", line 399, in wrapper
    return func(self, *args, **kwargs)
           ^^^^^^^^^^^^^^^^^^^^^^^^^^^
  File "/home/lug15gew/Desktop/thesis/.venv/lib/python3.12/site-packages/wandb/sdk/wandb_run.py", line 457, in wrapper_fn
    return func(self, *args, **kwargs)
           ^^^^^^^^^^^^^^^^^^^^^^^^^^^
  File "/home/lug15gew/Desktop/thesis/.venv/lib/python3.12/site-packages/wandb/sdk/wandb_run.py", line 1595, in _console_raw_callback
    self._backend.interface.publish_output_raw(name, data)
  File "/home/lug15gew/Desktop/thesis/.venv/lib/python3.12/site-packages/wandb/sdk/interface/interface.py", line 802, in publish_output_raw
    self._publish_output_raw(o)
  File "/home/lug15gew/Desktop/thesis/.venv/lib/python3.12/site-packages/wandb/sdk/interface/interface_shared.py", line 37, in _publish_output_raw
    self._publish(rec)
  File "/home/lug15gew/Desktop/thesis/.venv/lib/python3.12/site-packages/wandb/sdk/interface/interface_sock.py", line 43, in _publish
    self._asyncer.run(lambda: self._client.publish(request))
  File "/home/lug15gew/Desktop/thesis/.venv/lib/python3.12/site-packages/wandb/sdk/lib/asyncio_manager.py", line 131, in run
    raise ValueError("Cannot use run() inside async loop.")
ValueError: Cannot use run() inside async loop.
2025-12-01 04:19:31,900 ERROR   wandb-AsyncioManager-main:2602144 [redirect.py:_on_write():664] [all runs] error in stderr callback
Traceback (most recent call last):
  File "/home/lug15gew/Desktop/thesis/.venv/lib/python3.12/site-packages/wandb/sdk/lib/redirect.py", line 662, in _on_write
    cb(written_data)
  File "/home/lug15gew/Desktop/thesis/.venv/lib/python3.12/site-packages/wandb/sdk/wandb_run.py", line 2433, in <lambda>
    lambda data: self._console_raw_callback("stderr", data),
                 ^^^^^^^^^^^^^^^^^^^^^^^^^^^^^^^^^^^^^^^^^^
  File "/home/lug15gew/Desktop/thesis/.venv/lib/python3.12/site-packages/wandb/sdk/wandb_run.py", line 399, in wrapper
    return func(self, *args, **kwargs)
           ^^^^^^^^^^^^^^^^^^^^^^^^^^^
  File "/home/lug15gew/Desktop/thesis/.venv/lib/python3.12/site-packages/wandb/sdk/wandb_run.py", line 457, in wrapper_fn
    return func(self, *args, **kwargs)
           ^^^^^^^^^^^^^^^^^^^^^^^^^^^
  File "/home/lug15gew/Desktop/thesis/.venv/lib/python3.12/site-packages/wandb/sdk/wandb_run.py", line 1595, in _console_raw_callback
    self._backend.interface.publish_output_raw(name, data)
  File "/home/lug15gew/Desktop/thesis/.venv/lib/python3.12/site-packages/wandb/sdk/interface/interface.py", line 802, in publish_output_raw
    self._publish_output_raw(o)
  File "/home/lug15gew/Desktop/thesis/.venv/lib/python3.12/site-packages/wandb/sdk/interface/interface_shared.py", line 37, in _publish_output_raw
    self._publish(rec)
  File "/home/lug15gew/Desktop/thesis/.venv/lib/python3.12/site-packages/wandb/sdk/interface/interface_sock.py", line 43, in _publish
    self._asyncer.run(lambda: self._client.publish(request))
  File "/home/lug15gew/Desktop/thesis/.venv/lib/python3.12/site-packages/wandb/sdk/lib/asyncio_manager.py", line 131, in run
    raise ValueError("Cannot use run() inside async loop.")
ValueError: Cannot use run() inside async loop.
2025-12-01 05:16:42,199 ERROR   wandb-AsyncioManager-main:2602144 [redirect.py:_on_write():664] [all runs] error in stderr callback
Traceback (most recent call last):
  File "/home/lug15gew/Desktop/thesis/.venv/lib/python3.12/site-packages/wandb/sdk/lib/redirect.py", line 662, in _on_write
    cb(written_data)
  File "/home/lug15gew/Desktop/thesis/.venv/lib/python3.12/site-packages/wandb/sdk/wandb_run.py", line 2433, in <lambda>
    lambda data: self._console_raw_callback("stderr", data),
                 ^^^^^^^^^^^^^^^^^^^^^^^^^^^^^^^^^^^^^^^^^^
  File "/home/lug15gew/Desktop/thesis/.venv/lib/python3.12/site-packages/wandb/sdk/wandb_run.py", line 399, in wrapper
    return func(self, *args, **kwargs)
           ^^^^^^^^^^^^^^^^^^^^^^^^^^^
  File "/home/lug15gew/Desktop/thesis/.venv/lib/python3.12/site-packages/wandb/sdk/wandb_run.py", line 457, in wrapper_fn
    return func(self, *args, **kwargs)
           ^^^^^^^^^^^^^^^^^^^^^^^^^^^
  File "/home/lug15gew/Desktop/thesis/.venv/lib/python3.12/site-packages/wandb/sdk/wandb_run.py", line 1595, in _console_raw_callback
    self._backend.interface.publish_output_raw(name, data)
  File "/home/lug15gew/Desktop/thesis/.venv/lib/python3.12/site-packages/wandb/sdk/interface/interface.py", line 802, in publish_output_raw
    self._publish_output_raw(o)
  File "/home/lug15gew/Desktop/thesis/.venv/lib/python3.12/site-packages/wandb/sdk/interface/interface_shared.py", line 37, in _publish_output_raw
    self._publish(rec)
  File "/home/lug15gew/Desktop/thesis/.venv/lib/python3.12/site-packages/wandb/sdk/interface/interface_sock.py", line 43, in _publish
    self._asyncer.run(lambda: self._client.publish(request))
  File "/home/lug15gew/Desktop/thesis/.venv/lib/python3.12/site-packages/wandb/sdk/lib/asyncio_manager.py", line 131, in run
    raise ValueError("Cannot use run() inside async loop.")
ValueError: Cannot use run() inside async loop.
2025-12-01 06:14:05,575 ERROR   wandb-AsyncioManager-main:2602144 [redirect.py:_on_write():664] [all runs] error in stderr callback
Traceback (most recent call last):
  File "/home/lug15gew/Desktop/thesis/.venv/lib/python3.12/site-packages/wandb/sdk/lib/redirect.py", line 662, in _on_write
    cb(written_data)
  File "/home/lug15gew/Desktop/thesis/.venv/lib/python3.12/site-packages/wandb/sdk/wandb_run.py", line 2433, in <lambda>
    lambda data: self._console_raw_callback("stderr", data),
                 ^^^^^^^^^^^^^^^^^^^^^^^^^^^^^^^^^^^^^^^^^^
  File "/home/lug15gew/Desktop/thesis/.venv/lib/python3.12/site-packages/wandb/sdk/wandb_run.py", line 399, in wrapper
    return func(self, *args, **kwargs)
           ^^^^^^^^^^^^^^^^^^^^^^^^^^^
  File "/home/lug15gew/Desktop/thesis/.venv/lib/python3.12/site-packages/wandb/sdk/wandb_run.py", line 457, in wrapper_fn
    return func(self, *args, **kwargs)
           ^^^^^^^^^^^^^^^^^^^^^^^^^^^
  File "/home/lug15gew/Desktop/thesis/.venv/lib/python3.12/site-packages/wandb/sdk/wandb_run.py", line 1595, in _console_raw_callback
    self._backend.interface.publish_output_raw(name, data)
  File "/home/lug15gew/Desktop/thesis/.venv/lib/python3.12/site-packages/wandb/sdk/interface/interface.py", line 802, in publish_output_raw
    self._publish_output_raw(o)
  File "/home/lug15gew/Desktop/thesis/.venv/lib/python3.12/site-packages/wandb/sdk/interface/interface_shared.py", line 37, in _publish_output_raw
    self._publish(rec)
  File "/home/lug15gew/Desktop/thesis/.venv/lib/python3.12/site-packages/wandb/sdk/interface/interface_sock.py", line 43, in _publish
    self._asyncer.run(lambda: self._client.publish(request))
  File "/home/lug15gew/Desktop/thesis/.venv/lib/python3.12/site-packages/wandb/sdk/lib/asyncio_manager.py", line 131, in run
    raise ValueError("Cannot use run() inside async loop.")
ValueError: Cannot use run() inside async loop.
2025-12-01 07:11:28,026 ERROR   wandb-AsyncioManager-main:2602144 [redirect.py:_on_write():664] [all runs] error in stderr callback
Traceback (most recent call last):
  File "/home/lug15gew/Desktop/thesis/.venv/lib/python3.12/site-packages/wandb/sdk/lib/redirect.py", line 662, in _on_write
    cb(written_data)
  File "/home/lug15gew/Desktop/thesis/.venv/lib/python3.12/site-packages/wandb/sdk/wandb_run.py", line 2433, in <lambda>
    lambda data: self._console_raw_callback("stderr", data),
                 ^^^^^^^^^^^^^^^^^^^^^^^^^^^^^^^^^^^^^^^^^^
  File "/home/lug15gew/Desktop/thesis/.venv/lib/python3.12/site-packages/wandb/sdk/wandb_run.py", line 399, in wrapper
    return func(self, *args, **kwargs)
           ^^^^^^^^^^^^^^^^^^^^^^^^^^^
  File "/home/lug15gew/Desktop/thesis/.venv/lib/python3.12/site-packages/wandb/sdk/wandb_run.py", line 457, in wrapper_fn
    return func(self, *args, **kwargs)
           ^^^^^^^^^^^^^^^^^^^^^^^^^^^
  File "/home/lug15gew/Desktop/thesis/.venv/lib/python3.12/site-packages/wandb/sdk/wandb_run.py", line 1595, in _console_raw_callback
    self._backend.interface.publish_output_raw(name, data)
  File "/home/lug15gew/Desktop/thesis/.venv/lib/python3.12/site-packages/wandb/sdk/interface/interface.py", line 802, in publish_output_raw
    self._publish_output_raw(o)
  File "/home/lug15gew/Desktop/thesis/.venv/lib/python3.12/site-packages/wandb/sdk/interface/interface_shared.py", line 37, in _publish_output_raw
    self._publish(rec)
  File "/home/lug15gew/Desktop/thesis/.venv/lib/python3.12/site-packages/wandb/sdk/interface/interface_sock.py", line 43, in _publish
    self._asyncer.run(lambda: self._client.publish(request))
  File "/home/lug15gew/Desktop/thesis/.venv/lib/python3.12/site-packages/wandb/sdk/lib/asyncio_manager.py", line 131, in run
    raise ValueError("Cannot use run() inside async loop.")
ValueError: Cannot use run() inside async loop.
2025-12-01 08:09:11,787 ERROR   wandb-AsyncioManager-main:2602144 [redirect.py:_on_write():664] [all runs] error in stderr callback
Traceback (most recent call last):
  File "/home/lug15gew/Desktop/thesis/.venv/lib/python3.12/site-packages/wandb/sdk/lib/redirect.py", line 662, in _on_write
    cb(written_data)
  File "/home/lug15gew/Desktop/thesis/.venv/lib/python3.12/site-packages/wandb/sdk/wandb_run.py", line 2433, in <lambda>
    lambda data: self._console_raw_callback("stderr", data),
                 ^^^^^^^^^^^^^^^^^^^^^^^^^^^^^^^^^^^^^^^^^^
  File "/home/lug15gew/Desktop/thesis/.venv/lib/python3.12/site-packages/wandb/sdk/wandb_run.py", line 399, in wrapper
    return func(self, *args, **kwargs)
           ^^^^^^^^^^^^^^^^^^^^^^^^^^^
  File "/home/lug15gew/Desktop/thesis/.venv/lib/python3.12/site-packages/wandb/sdk/wandb_run.py", line 457, in wrapper_fn
    return func(self, *args, **kwargs)
           ^^^^^^^^^^^^^^^^^^^^^^^^^^^
  File "/home/lug15gew/Desktop/thesis/.venv/lib/python3.12/site-packages/wandb/sdk/wandb_run.py", line 1595, in _console_raw_callback
    self._backend.interface.publish_output_raw(name, data)
  File "/home/lug15gew/Desktop/thesis/.venv/lib/python3.12/site-packages/wandb/sdk/interface/interface.py", line 802, in publish_output_raw
    self._publish_output_raw(o)
  File "/home/lug15gew/Desktop/thesis/.venv/lib/python3.12/site-packages/wandb/sdk/interface/interface_shared.py", line 37, in _publish_output_raw
    self._publish(rec)
  File "/home/lug15gew/Desktop/thesis/.venv/lib/python3.12/site-packages/wandb/sdk/interface/interface_sock.py", line 43, in _publish
    self._asyncer.run(lambda: self._client.publish(request))
  File "/home/lug15gew/Desktop/thesis/.venv/lib/python3.12/site-packages/wandb/sdk/lib/asyncio_manager.py", line 131, in run
    raise ValueError("Cannot use run() inside async loop.")
ValueError: Cannot use run() inside async loop.
2025-12-01 09:06:31,322 ERROR   wandb-AsyncioManager-main:2602144 [redirect.py:_on_write():664] [all runs] error in stderr callback
Traceback (most recent call last):
  File "/home/lug15gew/Desktop/thesis/.venv/lib/python3.12/site-packages/wandb/sdk/lib/redirect.py", line 662, in _on_write
    cb(written_data)
  File "/home/lug15gew/Desktop/thesis/.venv/lib/python3.12/site-packages/wandb/sdk/wandb_run.py", line 2433, in <lambda>
    lambda data: self._console_raw_callback("stderr", data),
                 ^^^^^^^^^^^^^^^^^^^^^^^^^^^^^^^^^^^^^^^^^^
  File "/home/lug15gew/Desktop/thesis/.venv/lib/python3.12/site-packages/wandb/sdk/wandb_run.py", line 399, in wrapper
    return func(self, *args, **kwargs)
           ^^^^^^^^^^^^^^^^^^^^^^^^^^^
  File "/home/lug15gew/Desktop/thesis/.venv/lib/python3.12/site-packages/wandb/sdk/wandb_run.py", line 457, in wrapper_fn
    return func(self, *args, **kwargs)
           ^^^^^^^^^^^^^^^^^^^^^^^^^^^
  File "/home/lug15gew/Desktop/thesis/.venv/lib/python3.12/site-packages/wandb/sdk/wandb_run.py", line 1595, in _console_raw_callback
    self._backend.interface.publish_output_raw(name, data)
  File "/home/lug15gew/Desktop/thesis/.venv/lib/python3.12/site-packages/wandb/sdk/interface/interface.py", line 802, in publish_output_raw
    self._publish_output_raw(o)
  File "/home/lug15gew/Desktop/thesis/.venv/lib/python3.12/site-packages/wandb/sdk/interface/interface_shared.py", line 37, in _publish_output_raw
    self._publish(rec)
  File "/home/lug15gew/Desktop/thesis/.venv/lib/python3.12/site-packages/wandb/sdk/interface/interface_sock.py", line 43, in _publish
    self._asyncer.run(lambda: self._client.publish(request))
  File "/home/lug15gew/Desktop/thesis/.venv/lib/python3.12/site-packages/wandb/sdk/lib/asyncio_manager.py", line 131, in run
    raise ValueError("Cannot use run() inside async loop.")
ValueError: Cannot use run() inside async loop.
2025-12-01 10:04:01,929 ERROR   wandb-AsyncioManager-main:2602144 [redirect.py:_on_write():664] [all runs] error in stderr callback
Traceback (most recent call last):
  File "/home/lug15gew/Desktop/thesis/.venv/lib/python3.12/site-packages/wandb/sdk/lib/redirect.py", line 662, in _on_write
    cb(written_data)
  File "/home/lug15gew/Desktop/thesis/.venv/lib/python3.12/site-packages/wandb/sdk/wandb_run.py", line 2433, in <lambda>
    lambda data: self._console_raw_callback("stderr", data),
                 ^^^^^^^^^^^^^^^^^^^^^^^^^^^^^^^^^^^^^^^^^^
  File "/home/lug15gew/Desktop/thesis/.venv/lib/python3.12/site-packages/wandb/sdk/wandb_run.py", line 399, in wrapper
    return func(self, *args, **kwargs)
           ^^^^^^^^^^^^^^^^^^^^^^^^^^^
  File "/home/lug15gew/Desktop/thesis/.venv/lib/python3.12/site-packages/wandb/sdk/wandb_run.py", line 457, in wrapper_fn
    return func(self, *args, **kwargs)
           ^^^^^^^^^^^^^^^^^^^^^^^^^^^
  File "/home/lug15gew/Desktop/thesis/.venv/lib/python3.12/site-packages/wandb/sdk/wandb_run.py", line 1595, in _console_raw_callback
    self._backend.interface.publish_output_raw(name, data)
  File "/home/lug15gew/Desktop/thesis/.venv/lib/python3.12/site-packages/wandb/sdk/interface/interface.py", line 802, in publish_output_raw
    self._publish_output_raw(o)
  File "/home/lug15gew/Desktop/thesis/.venv/lib/python3.12/site-packages/wandb/sdk/interface/interface_shared.py", line 37, in _publish_output_raw
    self._publish(rec)
  File "/home/lug15gew/Desktop/thesis/.venv/lib/python3.12/site-packages/wandb/sdk/interface/interface_sock.py", line 43, in _publish
    self._asyncer.run(lambda: self._client.publish(request))
  File "/home/lug15gew/Desktop/thesis/.venv/lib/python3.12/site-packages/wandb/sdk/lib/asyncio_manager.py", line 131, in run
    raise ValueError("Cannot use run() inside async loop.")
ValueError: Cannot use run() inside async loop.
2025-12-01 11:01:31,166 ERROR   wandb-AsyncioManager-main:2602144 [redirect.py:_on_write():664] [all runs] error in stderr callback
Traceback (most recent call last):
  File "/home/lug15gew/Desktop/thesis/.venv/lib/python3.12/site-packages/wandb/sdk/lib/redirect.py", line 662, in _on_write
    cb(written_data)
  File "/home/lug15gew/Desktop/thesis/.venv/lib/python3.12/site-packages/wandb/sdk/wandb_run.py", line 2433, in <lambda>
    lambda data: self._console_raw_callback("stderr", data),
                 ^^^^^^^^^^^^^^^^^^^^^^^^^^^^^^^^^^^^^^^^^^
  File "/home/lug15gew/Desktop/thesis/.venv/lib/python3.12/site-packages/wandb/sdk/wandb_run.py", line 399, in wrapper
    return func(self, *args, **kwargs)
           ^^^^^^^^^^^^^^^^^^^^^^^^^^^
  File "/home/lug15gew/Desktop/thesis/.venv/lib/python3.12/site-packages/wandb/sdk/wandb_run.py", line 457, in wrapper_fn
    return func(self, *args, **kwargs)
           ^^^^^^^^^^^^^^^^^^^^^^^^^^^
  File "/home/lug15gew/Desktop/thesis/.venv/lib/python3.12/site-packages/wandb/sdk/wandb_run.py", line 1595, in _console_raw_callback
    self._backend.interface.publish_output_raw(name, data)
  File "/home/lug15gew/Desktop/thesis/.venv/lib/python3.12/site-packages/wandb/sdk/interface/interface.py", line 802, in publish_output_raw
    self._publish_output_raw(o)
  File "/home/lug15gew/Desktop/thesis/.venv/lib/python3.12/site-packages/wandb/sdk/interface/interface_shared.py", line 37, in _publish_output_raw
    self._publish(rec)
  File "/home/lug15gew/Desktop/thesis/.venv/lib/python3.12/site-packages/wandb/sdk/interface/interface_sock.py", line 43, in _publish
    self._asyncer.run(lambda: self._client.publish(request))
  File "/home/lug15gew/Desktop/thesis/.venv/lib/python3.12/site-packages/wandb/sdk/lib/asyncio_manager.py", line 131, in run
    raise ValueError("Cannot use run() inside async loop.")
ValueError: Cannot use run() inside async loop.
2025-12-01 12:05:41,182 ERROR   wandb-AsyncioManager-main:2602144 [redirect.py:_on_write():664] [all runs] error in stderr callback
Traceback (most recent call last):
  File "/home/lug15gew/Desktop/thesis/.venv/lib/python3.12/site-packages/wandb/sdk/lib/redirect.py", line 662, in _on_write
    cb(written_data)
  File "/home/lug15gew/Desktop/thesis/.venv/lib/python3.12/site-packages/wandb/sdk/wandb_run.py", line 2433, in <lambda>
    lambda data: self._console_raw_callback("stderr", data),
                 ^^^^^^^^^^^^^^^^^^^^^^^^^^^^^^^^^^^^^^^^^^
  File "/home/lug15gew/Desktop/thesis/.venv/lib/python3.12/site-packages/wandb/sdk/wandb_run.py", line 399, in wrapper
    return func(self, *args, **kwargs)
           ^^^^^^^^^^^^^^^^^^^^^^^^^^^
  File "/home/lug15gew/Desktop/thesis/.venv/lib/python3.12/site-packages/wandb/sdk/wandb_run.py", line 457, in wrapper_fn
    return func(self, *args, **kwargs)
           ^^^^^^^^^^^^^^^^^^^^^^^^^^^
  File "/home/lug15gew/Desktop/thesis/.venv/lib/python3.12/site-packages/wandb/sdk/wandb_run.py", line 1595, in _console_raw_callback
    self._backend.interface.publish_output_raw(name, data)
  File "/home/lug15gew/Desktop/thesis/.venv/lib/python3.12/site-packages/wandb/sdk/interface/interface.py", line 802, in publish_output_raw
    self._publish_output_raw(o)
  File "/home/lug15gew/Desktop/thesis/.venv/lib/python3.12/site-packages/wandb/sdk/interface/interface_shared.py", line 37, in _publish_output_raw
    self._publish(rec)
  File "/home/lug15gew/Desktop/thesis/.venv/lib/python3.12/site-packages/wandb/sdk/interface/interface_sock.py", line 43, in _publish
    self._asyncer.run(lambda: self._client.publish(request))
  File "/home/lug15gew/Desktop/thesis/.venv/lib/python3.12/site-packages/wandb/sdk/lib/asyncio_manager.py", line 131, in run
    raise ValueError("Cannot use run() inside async loop.")
ValueError: Cannot use run() inside async loop.
2025-12-01 13:03:54,768 ERROR   wandb-AsyncioManager-main:2602144 [redirect.py:_on_write():664] [all runs] error in stderr callback
Traceback (most recent call last):
  File "/home/lug15gew/Desktop/thesis/.venv/lib/python3.12/site-packages/wandb/sdk/lib/redirect.py", line 662, in _on_write
    cb(written_data)
  File "/home/lug15gew/Desktop/thesis/.venv/lib/python3.12/site-packages/wandb/sdk/wandb_run.py", line 2433, in <lambda>
    lambda data: self._console_raw_callback("stderr", data),
                 ^^^^^^^^^^^^^^^^^^^^^^^^^^^^^^^^^^^^^^^^^^
  File "/home/lug15gew/Desktop/thesis/.venv/lib/python3.12/site-packages/wandb/sdk/wandb_run.py", line 399, in wrapper
    return func(self, *args, **kwargs)
           ^^^^^^^^^^^^^^^^^^^^^^^^^^^
  File "/home/lug15gew/Desktop/thesis/.venv/lib/python3.12/site-packages/wandb/sdk/wandb_run.py", line 457, in wrapper_fn
    return func(self, *args, **kwargs)
           ^^^^^^^^^^^^^^^^^^^^^^^^^^^
  File "/home/lug15gew/Desktop/thesis/.venv/lib/python3.12/site-packages/wandb/sdk/wandb_run.py", line 1595, in _console_raw_callback
    self._backend.interface.publish_output_raw(name, data)
  File "/home/lug15gew/Desktop/thesis/.venv/lib/python3.12/site-packages/wandb/sdk/interface/interface.py", line 802, in publish_output_raw
    self._publish_output_raw(o)
  File "/home/lug15gew/Desktop/thesis/.venv/lib/python3.12/site-packages/wandb/sdk/interface/interface_shared.py", line 37, in _publish_output_raw
    self._publish(rec)
  File "/home/lug15gew/Desktop/thesis/.venv/lib/python3.12/site-packages/wandb/sdk/interface/interface_sock.py", line 43, in _publish
    self._asyncer.run(lambda: self._client.publish(request))
  File "/home/lug15gew/Desktop/thesis/.venv/lib/python3.12/site-packages/wandb/sdk/lib/asyncio_manager.py", line 131, in run
    raise ValueError("Cannot use run() inside async loop.")
ValueError: Cannot use run() inside async loop.
2025-12-01 14:05:27,160 ERROR   wandb-AsyncioManager-main:2602144 [redirect.py:_on_write():664] [all runs] error in stderr callback
Traceback (most recent call last):
  File "/home/lug15gew/Desktop/thesis/.venv/lib/python3.12/site-packages/wandb/sdk/lib/redirect.py", line 662, in _on_write
    cb(written_data)
  File "/home/lug15gew/Desktop/thesis/.venv/lib/python3.12/site-packages/wandb/sdk/wandb_run.py", line 2433, in <lambda>
    lambda data: self._console_raw_callback("stderr", data),
                 ^^^^^^^^^^^^^^^^^^^^^^^^^^^^^^^^^^^^^^^^^^
  File "/home/lug15gew/Desktop/thesis/.venv/lib/python3.12/site-packages/wandb/sdk/wandb_run.py", line 399, in wrapper
    return func(self, *args, **kwargs)
           ^^^^^^^^^^^^^^^^^^^^^^^^^^^
  File "/home/lug15gew/Desktop/thesis/.venv/lib/python3.12/site-packages/wandb/sdk/wandb_run.py", line 457, in wrapper_fn
    return func(self, *args, **kwargs)
           ^^^^^^^^^^^^^^^^^^^^^^^^^^^
  File "/home/lug15gew/Desktop/thesis/.venv/lib/python3.12/site-packages/wandb/sdk/wandb_run.py", line 1595, in _console_raw_callback
    self._backend.interface.publish_output_raw(name, data)
  File "/home/lug15gew/Desktop/thesis/.venv/lib/python3.12/site-packages/wandb/sdk/interface/interface.py", line 802, in publish_output_raw
    self._publish_output_raw(o)
  File "/home/lug15gew/Desktop/thesis/.venv/lib/python3.12/site-packages/wandb/sdk/interface/interface_shared.py", line 37, in _publish_output_raw
    self._publish(rec)
  File "/home/lug15gew/Desktop/thesis/.venv/lib/python3.12/site-packages/wandb/sdk/interface/interface_sock.py", line 43, in _publish
    self._asyncer.run(lambda: self._client.publish(request))
  File "/home/lug15gew/Desktop/thesis/.venv/lib/python3.12/site-packages/wandb/sdk/lib/asyncio_manager.py", line 131, in run
    raise ValueError("Cannot use run() inside async loop.")
ValueError: Cannot use run() inside async loop.
2025-12-01 15:05:03,712 ERROR   wandb-AsyncioManager-main:2602144 [redirect.py:_on_write():664] [all runs] error in stderr callback
Traceback (most recent call last):
  File "/home/lug15gew/Desktop/thesis/.venv/lib/python3.12/site-packages/wandb/sdk/lib/redirect.py", line 662, in _on_write
    cb(written_data)
  File "/home/lug15gew/Desktop/thesis/.venv/lib/python3.12/site-packages/wandb/sdk/wandb_run.py", line 2433, in <lambda>
    lambda data: self._console_raw_callback("stderr", data),
                 ^^^^^^^^^^^^^^^^^^^^^^^^^^^^^^^^^^^^^^^^^^
  File "/home/lug15gew/Desktop/thesis/.venv/lib/python3.12/site-packages/wandb/sdk/wandb_run.py", line 399, in wrapper
    return func(self, *args, **kwargs)
           ^^^^^^^^^^^^^^^^^^^^^^^^^^^
  File "/home/lug15gew/Desktop/thesis/.venv/lib/python3.12/site-packages/wandb/sdk/wandb_run.py", line 457, in wrapper_fn
    return func(self, *args, **kwargs)
           ^^^^^^^^^^^^^^^^^^^^^^^^^^^
  File "/home/lug15gew/Desktop/thesis/.venv/lib/python3.12/site-packages/wandb/sdk/wandb_run.py", line 1595, in _console_raw_callback
    self._backend.interface.publish_output_raw(name, data)
  File "/home/lug15gew/Desktop/thesis/.venv/lib/python3.12/site-packages/wandb/sdk/interface/interface.py", line 802, in publish_output_raw
    self._publish_output_raw(o)
  File "/home/lug15gew/Desktop/thesis/.venv/lib/python3.12/site-packages/wandb/sdk/interface/interface_shared.py", line 37, in _publish_output_raw
    self._publish(rec)
  File "/home/lug15gew/Desktop/thesis/.venv/lib/python3.12/site-packages/wandb/sdk/interface/interface_sock.py", line 43, in _publish
    self._asyncer.run(lambda: self._client.publish(request))
  File "/home/lug15gew/Desktop/thesis/.venv/lib/python3.12/site-packages/wandb/sdk/lib/asyncio_manager.py", line 131, in run
    raise ValueError("Cannot use run() inside async loop.")
ValueError: Cannot use run() inside async loop.
2025-12-01 16:02:35,393 ERROR   wandb-AsyncioManager-main:2602144 [redirect.py:_on_write():664] [all runs] error in stderr callback
Traceback (most recent call last):
  File "/home/lug15gew/Desktop/thesis/.venv/lib/python3.12/site-packages/wandb/sdk/lib/redirect.py", line 662, in _on_write
    cb(written_data)
  File "/home/lug15gew/Desktop/thesis/.venv/lib/python3.12/site-packages/wandb/sdk/wandb_run.py", line 2433, in <lambda>
    lambda data: self._console_raw_callback("stderr", data),
                 ^^^^^^^^^^^^^^^^^^^^^^^^^^^^^^^^^^^^^^^^^^
  File "/home/lug15gew/Desktop/thesis/.venv/lib/python3.12/site-packages/wandb/sdk/wandb_run.py", line 399, in wrapper
    return func(self, *args, **kwargs)
           ^^^^^^^^^^^^^^^^^^^^^^^^^^^
  File "/home/lug15gew/Desktop/thesis/.venv/lib/python3.12/site-packages/wandb/sdk/wandb_run.py", line 457, in wrapper_fn
    return func(self, *args, **kwargs)
           ^^^^^^^^^^^^^^^^^^^^^^^^^^^
  File "/home/lug15gew/Desktop/thesis/.venv/lib/python3.12/site-packages/wandb/sdk/wandb_run.py", line 1595, in _console_raw_callback
    self._backend.interface.publish_output_raw(name, data)
  File "/home/lug15gew/Desktop/thesis/.venv/lib/python3.12/site-packages/wandb/sdk/interface/interface.py", line 802, in publish_output_raw
    self._publish_output_raw(o)
  File "/home/lug15gew/Desktop/thesis/.venv/lib/python3.12/site-packages/wandb/sdk/interface/interface_shared.py", line 37, in _publish_output_raw
    self._publish(rec)
  File "/home/lug15gew/Desktop/thesis/.venv/lib/python3.12/site-packages/wandb/sdk/interface/interface_sock.py", line 43, in _publish
    self._asyncer.run(lambda: self._client.publish(request))
  File "/home/lug15gew/Desktop/thesis/.venv/lib/python3.12/site-packages/wandb/sdk/lib/asyncio_manager.py", line 131, in run
    raise ValueError("Cannot use run() inside async loop.")
ValueError: Cannot use run() inside async loop.
2025-12-01 17:00:01,426 ERROR   wandb-AsyncioManager-main:2602144 [redirect.py:_on_write():664] [all runs] error in stderr callback
Traceback (most recent call last):
  File "/home/lug15gew/Desktop/thesis/.venv/lib/python3.12/site-packages/wandb/sdk/lib/redirect.py", line 662, in _on_write
    cb(written_data)
  File "/home/lug15gew/Desktop/thesis/.venv/lib/python3.12/site-packages/wandb/sdk/wandb_run.py", line 2433, in <lambda>
    lambda data: self._console_raw_callback("stderr", data),
                 ^^^^^^^^^^^^^^^^^^^^^^^^^^^^^^^^^^^^^^^^^^
  File "/home/lug15gew/Desktop/thesis/.venv/lib/python3.12/site-packages/wandb/sdk/wandb_run.py", line 399, in wrapper
    return func(self, *args, **kwargs)
           ^^^^^^^^^^^^^^^^^^^^^^^^^^^
  File "/home/lug15gew/Desktop/thesis/.venv/lib/python3.12/site-packages/wandb/sdk/wandb_run.py", line 457, in wrapper_fn
    return func(self, *args, **kwargs)
           ^^^^^^^^^^^^^^^^^^^^^^^^^^^
  File "/home/lug15gew/Desktop/thesis/.venv/lib/python3.12/site-packages/wandb/sdk/wandb_run.py", line 1595, in _console_raw_callback
    self._backend.interface.publish_output_raw(name, data)
  File "/home/lug15gew/Desktop/thesis/.venv/lib/python3.12/site-packages/wandb/sdk/interface/interface.py", line 802, in publish_output_raw
    self._publish_output_raw(o)
  File "/home/lug15gew/Desktop/thesis/.venv/lib/python3.12/site-packages/wandb/sdk/interface/interface_shared.py", line 37, in _publish_output_raw
    self._publish(rec)
  File "/home/lug15gew/Desktop/thesis/.venv/lib/python3.12/site-packages/wandb/sdk/interface/interface_sock.py", line 43, in _publish
    self._asyncer.run(lambda: self._client.publish(request))
  File "/home/lug15gew/Desktop/thesis/.venv/lib/python3.12/site-packages/wandb/sdk/lib/asyncio_manager.py", line 131, in run
    raise ValueError("Cannot use run() inside async loop.")
ValueError: Cannot use run() inside async loop.
2025-12-01 17:57:34,323 ERROR   wandb-AsyncioManager-main:2602144 [redirect.py:_on_write():664] [all runs] error in stderr callback
Traceback (most recent call last):
  File "/home/lug15gew/Desktop/thesis/.venv/lib/python3.12/site-packages/wandb/sdk/lib/redirect.py", line 662, in _on_write
    cb(written_data)
  File "/home/lug15gew/Desktop/thesis/.venv/lib/python3.12/site-packages/wandb/sdk/wandb_run.py", line 2433, in <lambda>
    lambda data: self._console_raw_callback("stderr", data),
                 ^^^^^^^^^^^^^^^^^^^^^^^^^^^^^^^^^^^^^^^^^^
  File "/home/lug15gew/Desktop/thesis/.venv/lib/python3.12/site-packages/wandb/sdk/wandb_run.py", line 399, in wrapper
    return func(self, *args, **kwargs)
           ^^^^^^^^^^^^^^^^^^^^^^^^^^^
  File "/home/lug15gew/Desktop/thesis/.venv/lib/python3.12/site-packages/wandb/sdk/wandb_run.py", line 457, in wrapper_fn
    return func(self, *args, **kwargs)
           ^^^^^^^^^^^^^^^^^^^^^^^^^^^
  File "/home/lug15gew/Desktop/thesis/.venv/lib/python3.12/site-packages/wandb/sdk/wandb_run.py", line 1595, in _console_raw_callback
    self._backend.interface.publish_output_raw(name, data)
  File "/home/lug15gew/Desktop/thesis/.venv/lib/python3.12/site-packages/wandb/sdk/interface/interface.py", line 802, in publish_output_raw
    self._publish_output_raw(o)
  File "/home/lug15gew/Desktop/thesis/.venv/lib/python3.12/site-packages/wandb/sdk/interface/interface_shared.py", line 37, in _publish_output_raw
    self._publish(rec)
  File "/home/lug15gew/Desktop/thesis/.venv/lib/python3.12/site-packages/wandb/sdk/interface/interface_sock.py", line 43, in _publish
    self._asyncer.run(lambda: self._client.publish(request))
  File "/home/lug15gew/Desktop/thesis/.venv/lib/python3.12/site-packages/wandb/sdk/lib/asyncio_manager.py", line 131, in run
    raise ValueError("Cannot use run() inside async loop.")
ValueError: Cannot use run() inside async loop.
2025-12-01 18:58:34,064 ERROR   wandb-AsyncioManager-main:2602144 [redirect.py:_on_write():664] [all runs] error in stderr callback
Traceback (most recent call last):
  File "/home/lug15gew/Desktop/thesis/.venv/lib/python3.12/site-packages/wandb/sdk/lib/redirect.py", line 662, in _on_write
    cb(written_data)
  File "/home/lug15gew/Desktop/thesis/.venv/lib/python3.12/site-packages/wandb/sdk/wandb_run.py", line 2433, in <lambda>
    lambda data: self._console_raw_callback("stderr", data),
                 ^^^^^^^^^^^^^^^^^^^^^^^^^^^^^^^^^^^^^^^^^^
  File "/home/lug15gew/Desktop/thesis/.venv/lib/python3.12/site-packages/wandb/sdk/wandb_run.py", line 399, in wrapper
    return func(self, *args, **kwargs)
           ^^^^^^^^^^^^^^^^^^^^^^^^^^^
  File "/home/lug15gew/Desktop/thesis/.venv/lib/python3.12/site-packages/wandb/sdk/wandb_run.py", line 457, in wrapper_fn
    return func(self, *args, **kwargs)
           ^^^^^^^^^^^^^^^^^^^^^^^^^^^
  File "/home/lug15gew/Desktop/thesis/.venv/lib/python3.12/site-packages/wandb/sdk/wandb_run.py", line 1595, in _console_raw_callback
    self._backend.interface.publish_output_raw(name, data)
  File "/home/lug15gew/Desktop/thesis/.venv/lib/python3.12/site-packages/wandb/sdk/interface/interface.py", line 802, in publish_output_raw
    self._publish_output_raw(o)
  File "/home/lug15gew/Desktop/thesis/.venv/lib/python3.12/site-packages/wandb/sdk/interface/interface_shared.py", line 37, in _publish_output_raw
    self._publish(rec)
  File "/home/lug15gew/Desktop/thesis/.venv/lib/python3.12/site-packages/wandb/sdk/interface/interface_sock.py", line 43, in _publish
    self._asyncer.run(lambda: self._client.publish(request))
  File "/home/lug15gew/Desktop/thesis/.venv/lib/python3.12/site-packages/wandb/sdk/lib/asyncio_manager.py", line 131, in run
    raise ValueError("Cannot use run() inside async loop.")
ValueError: Cannot use run() inside async loop.
2025-12-01 19:55:28,739 ERROR   wandb-AsyncioManager-main:2602144 [redirect.py:_on_write():664] [all runs] error in stderr callback
Traceback (most recent call last):
  File "/home/lug15gew/Desktop/thesis/.venv/lib/python3.12/site-packages/wandb/sdk/lib/redirect.py", line 662, in _on_write
    cb(written_data)
  File "/home/lug15gew/Desktop/thesis/.venv/lib/python3.12/site-packages/wandb/sdk/wandb_run.py", line 2433, in <lambda>
    lambda data: self._console_raw_callback("stderr", data),
                 ^^^^^^^^^^^^^^^^^^^^^^^^^^^^^^^^^^^^^^^^^^
  File "/home/lug15gew/Desktop/thesis/.venv/lib/python3.12/site-packages/wandb/sdk/wandb_run.py", line 399, in wrapper
    return func(self, *args, **kwargs)
           ^^^^^^^^^^^^^^^^^^^^^^^^^^^
  File "/home/lug15gew/Desktop/thesis/.venv/lib/python3.12/site-packages/wandb/sdk/wandb_run.py", line 457, in wrapper_fn
    return func(self, *args, **kwargs)
           ^^^^^^^^^^^^^^^^^^^^^^^^^^^
  File "/home/lug15gew/Desktop/thesis/.venv/lib/python3.12/site-packages/wandb/sdk/wandb_run.py", line 1595, in _console_raw_callback
    self._backend.interface.publish_output_raw(name, data)
  File "/home/lug15gew/Desktop/thesis/.venv/lib/python3.12/site-packages/wandb/sdk/interface/interface.py", line 802, in publish_output_raw
    self._publish_output_raw(o)
  File "/home/lug15gew/Desktop/thesis/.venv/lib/python3.12/site-packages/wandb/sdk/interface/interface_shared.py", line 37, in _publish_output_raw
    self._publish(rec)
  File "/home/lug15gew/Desktop/thesis/.venv/lib/python3.12/site-packages/wandb/sdk/interface/interface_sock.py", line 43, in _publish
    self._asyncer.run(lambda: self._client.publish(request))
  File "/home/lug15gew/Desktop/thesis/.venv/lib/python3.12/site-packages/wandb/sdk/lib/asyncio_manager.py", line 131, in run
    raise ValueError("Cannot use run() inside async loop.")
ValueError: Cannot use run() inside async loop.
2025-12-01 20:52:37,413 ERROR   wandb-AsyncioManager-main:2602144 [redirect.py:_on_write():664] [all runs] error in stderr callback
Traceback (most recent call last):
  File "/home/lug15gew/Desktop/thesis/.venv/lib/python3.12/site-packages/wandb/sdk/lib/redirect.py", line 662, in _on_write
    cb(written_data)
  File "/home/lug15gew/Desktop/thesis/.venv/lib/python3.12/site-packages/wandb/sdk/wandb_run.py", line 2433, in <lambda>
    lambda data: self._console_raw_callback("stderr", data),
                 ^^^^^^^^^^^^^^^^^^^^^^^^^^^^^^^^^^^^^^^^^^
  File "/home/lug15gew/Desktop/thesis/.venv/lib/python3.12/site-packages/wandb/sdk/wandb_run.py", line 399, in wrapper
    return func(self, *args, **kwargs)
           ^^^^^^^^^^^^^^^^^^^^^^^^^^^
  File "/home/lug15gew/Desktop/thesis/.venv/lib/python3.12/site-packages/wandb/sdk/wandb_run.py", line 457, in wrapper_fn
    return func(self, *args, **kwargs)
           ^^^^^^^^^^^^^^^^^^^^^^^^^^^
  File "/home/lug15gew/Desktop/thesis/.venv/lib/python3.12/site-packages/wandb/sdk/wandb_run.py", line 1595, in _console_raw_callback
    self._backend.interface.publish_output_raw(name, data)
  File "/home/lug15gew/Desktop/thesis/.venv/lib/python3.12/site-packages/wandb/sdk/interface/interface.py", line 802, in publish_output_raw
    self._publish_output_raw(o)
  File "/home/lug15gew/Desktop/thesis/.venv/lib/python3.12/site-packages/wandb/sdk/interface/interface_shared.py", line 37, in _publish_output_raw
    self._publish(rec)
  File "/home/lug15gew/Desktop/thesis/.venv/lib/python3.12/site-packages/wandb/sdk/interface/interface_sock.py", line 43, in _publish
    self._asyncer.run(lambda: self._client.publish(request))
  File "/home/lug15gew/Desktop/thesis/.venv/lib/python3.12/site-packages/wandb/sdk/lib/asyncio_manager.py", line 131, in run
    raise ValueError("Cannot use run() inside async loop.")
ValueError: Cannot use run() inside async loop.
2025-12-01 21:49:55,142 ERROR   wandb-AsyncioManager-main:2602144 [redirect.py:_on_write():664] [all runs] error in stderr callback
Traceback (most recent call last):
  File "/home/lug15gew/Desktop/thesis/.venv/lib/python3.12/site-packages/wandb/sdk/lib/redirect.py", line 662, in _on_write
    cb(written_data)
  File "/home/lug15gew/Desktop/thesis/.venv/lib/python3.12/site-packages/wandb/sdk/wandb_run.py", line 2433, in <lambda>
    lambda data: self._console_raw_callback("stderr", data),
                 ^^^^^^^^^^^^^^^^^^^^^^^^^^^^^^^^^^^^^^^^^^
  File "/home/lug15gew/Desktop/thesis/.venv/lib/python3.12/site-packages/wandb/sdk/wandb_run.py", line 399, in wrapper
    return func(self, *args, **kwargs)
           ^^^^^^^^^^^^^^^^^^^^^^^^^^^
  File "/home/lug15gew/Desktop/thesis/.venv/lib/python3.12/site-packages/wandb/sdk/wandb_run.py", line 457, in wrapper_fn
    return func(self, *args, **kwargs)
           ^^^^^^^^^^^^^^^^^^^^^^^^^^^
  File "/home/lug15gew/Desktop/thesis/.venv/lib/python3.12/site-packages/wandb/sdk/wandb_run.py", line 1595, in _console_raw_callback
    self._backend.interface.publish_output_raw(name, data)
  File "/home/lug15gew/Desktop/thesis/.venv/lib/python3.12/site-packages/wandb/sdk/interface/interface.py", line 802, in publish_output_raw
    self._publish_output_raw(o)
  File "/home/lug15gew/Desktop/thesis/.venv/lib/python3.12/site-packages/wandb/sdk/interface/interface_shared.py", line 37, in _publish_output_raw
    self._publish(rec)
  File "/home/lug15gew/Desktop/thesis/.venv/lib/python3.12/site-packages/wandb/sdk/interface/interface_sock.py", line 43, in _publish
    self._asyncer.run(lambda: self._client.publish(request))
  File "/home/lug15gew/Desktop/thesis/.venv/lib/python3.12/site-packages/wandb/sdk/lib/asyncio_manager.py", line 131, in run
    raise ValueError("Cannot use run() inside async loop.")
ValueError: Cannot use run() inside async loop.
2025-12-01 22:55:06,812 ERROR   wandb-AsyncioManager-main:2602144 [redirect.py:_on_write():664] [all runs] error in stderr callback
Traceback (most recent call last):
  File "/home/lug15gew/Desktop/thesis/.venv/lib/python3.12/site-packages/wandb/sdk/lib/redirect.py", line 662, in _on_write
    cb(written_data)
  File "/home/lug15gew/Desktop/thesis/.venv/lib/python3.12/site-packages/wandb/sdk/wandb_run.py", line 2433, in <lambda>
    lambda data: self._console_raw_callback("stderr", data),
                 ^^^^^^^^^^^^^^^^^^^^^^^^^^^^^^^^^^^^^^^^^^
  File "/home/lug15gew/Desktop/thesis/.venv/lib/python3.12/site-packages/wandb/sdk/wandb_run.py", line 399, in wrapper
    return func(self, *args, **kwargs)
           ^^^^^^^^^^^^^^^^^^^^^^^^^^^
  File "/home/lug15gew/Desktop/thesis/.venv/lib/python3.12/site-packages/wandb/sdk/wandb_run.py", line 457, in wrapper_fn
    return func(self, *args, **kwargs)
           ^^^^^^^^^^^^^^^^^^^^^^^^^^^
  File "/home/lug15gew/Desktop/thesis/.venv/lib/python3.12/site-packages/wandb/sdk/wandb_run.py", line 1595, in _console_raw_callback
    self._backend.interface.publish_output_raw(name, data)
  File "/home/lug15gew/Desktop/thesis/.venv/lib/python3.12/site-packages/wandb/sdk/interface/interface.py", line 802, in publish_output_raw
    self._publish_output_raw(o)
  File "/home/lug15gew/Desktop/thesis/.venv/lib/python3.12/site-packages/wandb/sdk/interface/interface_shared.py", line 37, in _publish_output_raw
    self._publish(rec)
  File "/home/lug15gew/Desktop/thesis/.venv/lib/python3.12/site-packages/wandb/sdk/interface/interface_sock.py", line 43, in _publish
    self._asyncer.run(lambda: self._client.publish(request))
  File "/home/lug15gew/Desktop/thesis/.venv/lib/python3.12/site-packages/wandb/sdk/lib/asyncio_manager.py", line 131, in run
    raise ValueError("Cannot use run() inside async loop.")
ValueError: Cannot use run() inside async loop.
2025-12-02 00:03:56,853 ERROR   wandb-AsyncioManager-main:2602144 [redirect.py:_on_write():664] [all runs] error in stderr callback
Traceback (most recent call last):
  File "/home/lug15gew/Desktop/thesis/.venv/lib/python3.12/site-packages/wandb/sdk/lib/redirect.py", line 662, in _on_write
    cb(written_data)
  File "/home/lug15gew/Desktop/thesis/.venv/lib/python3.12/site-packages/wandb/sdk/wandb_run.py", line 2433, in <lambda>
    lambda data: self._console_raw_callback("stderr", data),
                 ^^^^^^^^^^^^^^^^^^^^^^^^^^^^^^^^^^^^^^^^^^
  File "/home/lug15gew/Desktop/thesis/.venv/lib/python3.12/site-packages/wandb/sdk/wandb_run.py", line 399, in wrapper
    return func(self, *args, **kwargs)
           ^^^^^^^^^^^^^^^^^^^^^^^^^^^
  File "/home/lug15gew/Desktop/thesis/.venv/lib/python3.12/site-packages/wandb/sdk/wandb_run.py", line 457, in wrapper_fn
    return func(self, *args, **kwargs)
           ^^^^^^^^^^^^^^^^^^^^^^^^^^^
  File "/home/lug15gew/Desktop/thesis/.venv/lib/python3.12/site-packages/wandb/sdk/wandb_run.py", line 1595, in _console_raw_callback
    self._backend.interface.publish_output_raw(name, data)
  File "/home/lug15gew/Desktop/thesis/.venv/lib/python3.12/site-packages/wandb/sdk/interface/interface.py", line 802, in publish_output_raw
    self._publish_output_raw(o)
  File "/home/lug15gew/Desktop/thesis/.venv/lib/python3.12/site-packages/wandb/sdk/interface/interface_shared.py", line 37, in _publish_output_raw
    self._publish(rec)
  File "/home/lug15gew/Desktop/thesis/.venv/lib/python3.12/site-packages/wandb/sdk/interface/interface_sock.py", line 43, in _publish
    self._asyncer.run(lambda: self._client.publish(request))
  File "/home/lug15gew/Desktop/thesis/.venv/lib/python3.12/site-packages/wandb/sdk/lib/asyncio_manager.py", line 131, in run
    raise ValueError("Cannot use run() inside async loop.")
ValueError: Cannot use run() inside async loop.
2025-12-02 01:08:34,256 ERROR   wandb-AsyncioManager-main:2602144 [redirect.py:_on_write():664] [all runs] error in stderr callback
Traceback (most recent call last):
  File "/home/lug15gew/Desktop/thesis/.venv/lib/python3.12/site-packages/wandb/sdk/lib/redirect.py", line 662, in _on_write
    cb(written_data)
  File "/home/lug15gew/Desktop/thesis/.venv/lib/python3.12/site-packages/wandb/sdk/wandb_run.py", line 2433, in <lambda>
    lambda data: self._console_raw_callback("stderr", data),
                 ^^^^^^^^^^^^^^^^^^^^^^^^^^^^^^^^^^^^^^^^^^
  File "/home/lug15gew/Desktop/thesis/.venv/lib/python3.12/site-packages/wandb/sdk/wandb_run.py", line 399, in wrapper
    return func(self, *args, **kwargs)
           ^^^^^^^^^^^^^^^^^^^^^^^^^^^
  File "/home/lug15gew/Desktop/thesis/.venv/lib/python3.12/site-packages/wandb/sdk/wandb_run.py", line 457, in wrapper_fn
    return func(self, *args, **kwargs)
           ^^^^^^^^^^^^^^^^^^^^^^^^^^^
  File "/home/lug15gew/Desktop/thesis/.venv/lib/python3.12/site-packages/wandb/sdk/wandb_run.py", line 1595, in _console_raw_callback
    self._backend.interface.publish_output_raw(name, data)
  File "/home/lug15gew/Desktop/thesis/.venv/lib/python3.12/site-packages/wandb/sdk/interface/interface.py", line 802, in publish_output_raw
    self._publish_output_raw(o)
  File "/home/lug15gew/Desktop/thesis/.venv/lib/python3.12/site-packages/wandb/sdk/interface/interface_shared.py", line 37, in _publish_output_raw
    self._publish(rec)
  File "/home/lug15gew/Desktop/thesis/.venv/lib/python3.12/site-packages/wandb/sdk/interface/interface_sock.py", line 43, in _publish
    self._asyncer.run(lambda: self._client.publish(request))
  File "/home/lug15gew/Desktop/thesis/.venv/lib/python3.12/site-packages/wandb/sdk/lib/asyncio_manager.py", line 131, in run
    raise ValueError("Cannot use run() inside async loop.")
ValueError: Cannot use run() inside async loop.
2025-12-02 02:05:45,567 ERROR   wandb-AsyncioManager-main:2602144 [redirect.py:_on_write():664] [all runs] error in stderr callback
Traceback (most recent call last):
  File "/home/lug15gew/Desktop/thesis/.venv/lib/python3.12/site-packages/wandb/sdk/lib/redirect.py", line 662, in _on_write
    cb(written_data)
  File "/home/lug15gew/Desktop/thesis/.venv/lib/python3.12/site-packages/wandb/sdk/wandb_run.py", line 2433, in <lambda>
    lambda data: self._console_raw_callback("stderr", data),
                 ^^^^^^^^^^^^^^^^^^^^^^^^^^^^^^^^^^^^^^^^^^
  File "/home/lug15gew/Desktop/thesis/.venv/lib/python3.12/site-packages/wandb/sdk/wandb_run.py", line 399, in wrapper
    return func(self, *args, **kwargs)
           ^^^^^^^^^^^^^^^^^^^^^^^^^^^
  File "/home/lug15gew/Desktop/thesis/.venv/lib/python3.12/site-packages/wandb/sdk/wandb_run.py", line 457, in wrapper_fn
    return func(self, *args, **kwargs)
           ^^^^^^^^^^^^^^^^^^^^^^^^^^^
  File "/home/lug15gew/Desktop/thesis/.venv/lib/python3.12/site-packages/wandb/sdk/wandb_run.py", line 1595, in _console_raw_callback
    self._backend.interface.publish_output_raw(name, data)
  File "/home/lug15gew/Desktop/thesis/.venv/lib/python3.12/site-packages/wandb/sdk/interface/interface.py", line 802, in publish_output_raw
    self._publish_output_raw(o)
  File "/home/lug15gew/Desktop/thesis/.venv/lib/python3.12/site-packages/wandb/sdk/interface/interface_shared.py", line 37, in _publish_output_raw
    self._publish(rec)
  File "/home/lug15gew/Desktop/thesis/.venv/lib/python3.12/site-packages/wandb/sdk/interface/interface_sock.py", line 43, in _publish
    self._asyncer.run(lambda: self._client.publish(request))
  File "/home/lug15gew/Desktop/thesis/.venv/lib/python3.12/site-packages/wandb/sdk/lib/asyncio_manager.py", line 131, in run
    raise ValueError("Cannot use run() inside async loop.")
ValueError: Cannot use run() inside async loop.
2025-12-02 03:02:48,028 ERROR   wandb-AsyncioManager-main:2602144 [redirect.py:_on_write():664] [all runs] error in stderr callback
Traceback (most recent call last):
  File "/home/lug15gew/Desktop/thesis/.venv/lib/python3.12/site-packages/wandb/sdk/lib/redirect.py", line 662, in _on_write
    cb(written_data)
  File "/home/lug15gew/Desktop/thesis/.venv/lib/python3.12/site-packages/wandb/sdk/wandb_run.py", line 2433, in <lambda>
    lambda data: self._console_raw_callback("stderr", data),
                 ^^^^^^^^^^^^^^^^^^^^^^^^^^^^^^^^^^^^^^^^^^
  File "/home/lug15gew/Desktop/thesis/.venv/lib/python3.12/site-packages/wandb/sdk/wandb_run.py", line 399, in wrapper
    return func(self, *args, **kwargs)
           ^^^^^^^^^^^^^^^^^^^^^^^^^^^
  File "/home/lug15gew/Desktop/thesis/.venv/lib/python3.12/site-packages/wandb/sdk/wandb_run.py", line 457, in wrapper_fn
    return func(self, *args, **kwargs)
           ^^^^^^^^^^^^^^^^^^^^^^^^^^^
  File "/home/lug15gew/Desktop/thesis/.venv/lib/python3.12/site-packages/wandb/sdk/wandb_run.py", line 1595, in _console_raw_callback
    self._backend.interface.publish_output_raw(name, data)
  File "/home/lug15gew/Desktop/thesis/.venv/lib/python3.12/site-packages/wandb/sdk/interface/interface.py", line 802, in publish_output_raw
    self._publish_output_raw(o)
  File "/home/lug15gew/Desktop/thesis/.venv/lib/python3.12/site-packages/wandb/sdk/interface/interface_shared.py", line 37, in _publish_output_raw
    self._publish(rec)
  File "/home/lug15gew/Desktop/thesis/.venv/lib/python3.12/site-packages/wandb/sdk/interface/interface_sock.py", line 43, in _publish
    self._asyncer.run(lambda: self._client.publish(request))
  File "/home/lug15gew/Desktop/thesis/.venv/lib/python3.12/site-packages/wandb/sdk/lib/asyncio_manager.py", line 131, in run
    raise ValueError("Cannot use run() inside async loop.")
ValueError: Cannot use run() inside async loop.
2025-12-02 03:59:53,759 ERROR   wandb-AsyncioManager-main:2602144 [redirect.py:_on_write():664] [all runs] error in stderr callback
Traceback (most recent call last):
  File "/home/lug15gew/Desktop/thesis/.venv/lib/python3.12/site-packages/wandb/sdk/lib/redirect.py", line 662, in _on_write
    cb(written_data)
  File "/home/lug15gew/Desktop/thesis/.venv/lib/python3.12/site-packages/wandb/sdk/wandb_run.py", line 2433, in <lambda>
    lambda data: self._console_raw_callback("stderr", data),
                 ^^^^^^^^^^^^^^^^^^^^^^^^^^^^^^^^^^^^^^^^^^
  File "/home/lug15gew/Desktop/thesis/.venv/lib/python3.12/site-packages/wandb/sdk/wandb_run.py", line 399, in wrapper
    return func(self, *args, **kwargs)
           ^^^^^^^^^^^^^^^^^^^^^^^^^^^
  File "/home/lug15gew/Desktop/thesis/.venv/lib/python3.12/site-packages/wandb/sdk/wandb_run.py", line 457, in wrapper_fn
    return func(self, *args, **kwargs)
           ^^^^^^^^^^^^^^^^^^^^^^^^^^^
  File "/home/lug15gew/Desktop/thesis/.venv/lib/python3.12/site-packages/wandb/sdk/wandb_run.py", line 1595, in _console_raw_callback
    self._backend.interface.publish_output_raw(name, data)
  File "/home/lug15gew/Desktop/thesis/.venv/lib/python3.12/site-packages/wandb/sdk/interface/interface.py", line 802, in publish_output_raw
    self._publish_output_raw(o)
  File "/home/lug15gew/Desktop/thesis/.venv/lib/python3.12/site-packages/wandb/sdk/interface/interface_shared.py", line 37, in _publish_output_raw
    self._publish(rec)
  File "/home/lug15gew/Desktop/thesis/.venv/lib/python3.12/site-packages/wandb/sdk/interface/interface_sock.py", line 43, in _publish
    self._asyncer.run(lambda: self._client.publish(request))
  File "/home/lug15gew/Desktop/thesis/.venv/lib/python3.12/site-packages/wandb/sdk/lib/asyncio_manager.py", line 131, in run
    raise ValueError("Cannot use run() inside async loop.")
ValueError: Cannot use run() inside async loop.
2025-12-02 04:57:27,553 ERROR   wandb-AsyncioManager-main:2602144 [redirect.py:_on_write():664] [all runs] error in stderr callback
Traceback (most recent call last):
  File "/home/lug15gew/Desktop/thesis/.venv/lib/python3.12/site-packages/wandb/sdk/lib/redirect.py", line 662, in _on_write
    cb(written_data)
  File "/home/lug15gew/Desktop/thesis/.venv/lib/python3.12/site-packages/wandb/sdk/wandb_run.py", line 2433, in <lambda>
    lambda data: self._console_raw_callback("stderr", data),
                 ^^^^^^^^^^^^^^^^^^^^^^^^^^^^^^^^^^^^^^^^^^
  File "/home/lug15gew/Desktop/thesis/.venv/lib/python3.12/site-packages/wandb/sdk/wandb_run.py", line 399, in wrapper
    return func(self, *args, **kwargs)
           ^^^^^^^^^^^^^^^^^^^^^^^^^^^
  File "/home/lug15gew/Desktop/thesis/.venv/lib/python3.12/site-packages/wandb/sdk/wandb_run.py", line 457, in wrapper_fn
    return func(self, *args, **kwargs)
           ^^^^^^^^^^^^^^^^^^^^^^^^^^^
  File "/home/lug15gew/Desktop/thesis/.venv/lib/python3.12/site-packages/wandb/sdk/wandb_run.py", line 1595, in _console_raw_callback
    self._backend.interface.publish_output_raw(name, data)
  File "/home/lug15gew/Desktop/thesis/.venv/lib/python3.12/site-packages/wandb/sdk/interface/interface.py", line 802, in publish_output_raw
    self._publish_output_raw(o)
  File "/home/lug15gew/Desktop/thesis/.venv/lib/python3.12/site-packages/wandb/sdk/interface/interface_shared.py", line 37, in _publish_output_raw
    self._publish(rec)
  File "/home/lug15gew/Desktop/thesis/.venv/lib/python3.12/site-packages/wandb/sdk/interface/interface_sock.py", line 43, in _publish
    self._asyncer.run(lambda: self._client.publish(request))
  File "/home/lug15gew/Desktop/thesis/.venv/lib/python3.12/site-packages/wandb/sdk/lib/asyncio_manager.py", line 131, in run
    raise ValueError("Cannot use run() inside async loop.")
ValueError: Cannot use run() inside async loop.
2025-12-02 05:55:24,302 ERROR   wandb-AsyncioManager-main:2602144 [redirect.py:_on_write():664] [all runs] error in stderr callback
Traceback (most recent call last):
  File "/home/lug15gew/Desktop/thesis/.venv/lib/python3.12/site-packages/wandb/sdk/lib/redirect.py", line 662, in _on_write
    cb(written_data)
  File "/home/lug15gew/Desktop/thesis/.venv/lib/python3.12/site-packages/wandb/sdk/wandb_run.py", line 2433, in <lambda>
    lambda data: self._console_raw_callback("stderr", data),
                 ^^^^^^^^^^^^^^^^^^^^^^^^^^^^^^^^^^^^^^^^^^
  File "/home/lug15gew/Desktop/thesis/.venv/lib/python3.12/site-packages/wandb/sdk/wandb_run.py", line 399, in wrapper
    return func(self, *args, **kwargs)
           ^^^^^^^^^^^^^^^^^^^^^^^^^^^
  File "/home/lug15gew/Desktop/thesis/.venv/lib/python3.12/site-packages/wandb/sdk/wandb_run.py", line 457, in wrapper_fn
    return func(self, *args, **kwargs)
           ^^^^^^^^^^^^^^^^^^^^^^^^^^^
  File "/home/lug15gew/Desktop/thesis/.venv/lib/python3.12/site-packages/wandb/sdk/wandb_run.py", line 1595, in _console_raw_callback
    self._backend.interface.publish_output_raw(name, data)
  File "/home/lug15gew/Desktop/thesis/.venv/lib/python3.12/site-packages/wandb/sdk/interface/interface.py", line 802, in publish_output_raw
    self._publish_output_raw(o)
  File "/home/lug15gew/Desktop/thesis/.venv/lib/python3.12/site-packages/wandb/sdk/interface/interface_shared.py", line 37, in _publish_output_raw
    self._publish(rec)
  File "/home/lug15gew/Desktop/thesis/.venv/lib/python3.12/site-packages/wandb/sdk/interface/interface_sock.py", line 43, in _publish
    self._asyncer.run(lambda: self._client.publish(request))
  File "/home/lug15gew/Desktop/thesis/.venv/lib/python3.12/site-packages/wandb/sdk/lib/asyncio_manager.py", line 131, in run
    raise ValueError("Cannot use run() inside async loop.")
ValueError: Cannot use run() inside async loop.
2025-12-02 06:53:15,769 ERROR   wandb-AsyncioManager-main:2602144 [redirect.py:_on_write():664] [all runs] error in stderr callback
Traceback (most recent call last):
  File "/home/lug15gew/Desktop/thesis/.venv/lib/python3.12/site-packages/wandb/sdk/lib/redirect.py", line 662, in _on_write
    cb(written_data)
  File "/home/lug15gew/Desktop/thesis/.venv/lib/python3.12/site-packages/wandb/sdk/wandb_run.py", line 2433, in <lambda>
    lambda data: self._console_raw_callback("stderr", data),
                 ^^^^^^^^^^^^^^^^^^^^^^^^^^^^^^^^^^^^^^^^^^
  File "/home/lug15gew/Desktop/thesis/.venv/lib/python3.12/site-packages/wandb/sdk/wandb_run.py", line 399, in wrapper
    return func(self, *args, **kwargs)
           ^^^^^^^^^^^^^^^^^^^^^^^^^^^
  File "/home/lug15gew/Desktop/thesis/.venv/lib/python3.12/site-packages/wandb/sdk/wandb_run.py", line 457, in wrapper_fn
    return func(self, *args, **kwargs)
           ^^^^^^^^^^^^^^^^^^^^^^^^^^^
  File "/home/lug15gew/Desktop/thesis/.venv/lib/python3.12/site-packages/wandb/sdk/wandb_run.py", line 1595, in _console_raw_callback
    self._backend.interface.publish_output_raw(name, data)
  File "/home/lug15gew/Desktop/thesis/.venv/lib/python3.12/site-packages/wandb/sdk/interface/interface.py", line 802, in publish_output_raw
    self._publish_output_raw(o)
  File "/home/lug15gew/Desktop/thesis/.venv/lib/python3.12/site-packages/wandb/sdk/interface/interface_shared.py", line 37, in _publish_output_raw
    self._publish(rec)
  File "/home/lug15gew/Desktop/thesis/.venv/lib/python3.12/site-packages/wandb/sdk/interface/interface_sock.py", line 43, in _publish
    self._asyncer.run(lambda: self._client.publish(request))
  File "/home/lug15gew/Desktop/thesis/.venv/lib/python3.12/site-packages/wandb/sdk/lib/asyncio_manager.py", line 131, in run
    raise ValueError("Cannot use run() inside async loop.")
ValueError: Cannot use run() inside async loop.
2025-12-02 07:56:07,466 ERROR   wandb-AsyncioManager-main:2602144 [redirect.py:_on_write():664] [all runs] error in stderr callback
Traceback (most recent call last):
  File "/home/lug15gew/Desktop/thesis/.venv/lib/python3.12/site-packages/wandb/sdk/lib/redirect.py", line 662, in _on_write
    cb(written_data)
  File "/home/lug15gew/Desktop/thesis/.venv/lib/python3.12/site-packages/wandb/sdk/wandb_run.py", line 2433, in <lambda>
    lambda data: self._console_raw_callback("stderr", data),
                 ^^^^^^^^^^^^^^^^^^^^^^^^^^^^^^^^^^^^^^^^^^
  File "/home/lug15gew/Desktop/thesis/.venv/lib/python3.12/site-packages/wandb/sdk/wandb_run.py", line 399, in wrapper
    return func(self, *args, **kwargs)
           ^^^^^^^^^^^^^^^^^^^^^^^^^^^
  File "/home/lug15gew/Desktop/thesis/.venv/lib/python3.12/site-packages/wandb/sdk/wandb_run.py", line 457, in wrapper_fn
    return func(self, *args, **kwargs)
           ^^^^^^^^^^^^^^^^^^^^^^^^^^^
  File "/home/lug15gew/Desktop/thesis/.venv/lib/python3.12/site-packages/wandb/sdk/wandb_run.py", line 1595, in _console_raw_callback
    self._backend.interface.publish_output_raw(name, data)
  File "/home/lug15gew/Desktop/thesis/.venv/lib/python3.12/site-packages/wandb/sdk/interface/interface.py", line 802, in publish_output_raw
    self._publish_output_raw(o)
  File "/home/lug15gew/Desktop/thesis/.venv/lib/python3.12/site-packages/wandb/sdk/interface/interface_shared.py", line 37, in _publish_output_raw
    self._publish(rec)
  File "/home/lug15gew/Desktop/thesis/.venv/lib/python3.12/site-packages/wandb/sdk/interface/interface_sock.py", line 43, in _publish
    self._asyncer.run(lambda: self._client.publish(request))
  File "/home/lug15gew/Desktop/thesis/.venv/lib/python3.12/site-packages/wandb/sdk/lib/asyncio_manager.py", line 131, in run
    raise ValueError("Cannot use run() inside async loop.")
ValueError: Cannot use run() inside async loop.
2025-12-02 08:58:36,300 ERROR   wandb-AsyncioManager-main:2602144 [redirect.py:_on_write():664] [all runs] error in stderr callback
Traceback (most recent call last):
  File "/home/lug15gew/Desktop/thesis/.venv/lib/python3.12/site-packages/wandb/sdk/lib/redirect.py", line 662, in _on_write
    cb(written_data)
  File "/home/lug15gew/Desktop/thesis/.venv/lib/python3.12/site-packages/wandb/sdk/wandb_run.py", line 2433, in <lambda>
    lambda data: self._console_raw_callback("stderr", data),
                 ^^^^^^^^^^^^^^^^^^^^^^^^^^^^^^^^^^^^^^^^^^
  File "/home/lug15gew/Desktop/thesis/.venv/lib/python3.12/site-packages/wandb/sdk/wandb_run.py", line 399, in wrapper
    return func(self, *args, **kwargs)
           ^^^^^^^^^^^^^^^^^^^^^^^^^^^
  File "/home/lug15gew/Desktop/thesis/.venv/lib/python3.12/site-packages/wandb/sdk/wandb_run.py", line 457, in wrapper_fn
    return func(self, *args, **kwargs)
           ^^^^^^^^^^^^^^^^^^^^^^^^^^^
  File "/home/lug15gew/Desktop/thesis/.venv/lib/python3.12/site-packages/wandb/sdk/wandb_run.py", line 1595, in _console_raw_callback
    self._backend.interface.publish_output_raw(name, data)
  File "/home/lug15gew/Desktop/thesis/.venv/lib/python3.12/site-packages/wandb/sdk/interface/interface.py", line 802, in publish_output_raw
    self._publish_output_raw(o)
  File "/home/lug15gew/Desktop/thesis/.venv/lib/python3.12/site-packages/wandb/sdk/interface/interface_shared.py", line 37, in _publish_output_raw
    self._publish(rec)
  File "/home/lug15gew/Desktop/thesis/.venv/lib/python3.12/site-packages/wandb/sdk/interface/interface_sock.py", line 43, in _publish
    self._asyncer.run(lambda: self._client.publish(request))
  File "/home/lug15gew/Desktop/thesis/.venv/lib/python3.12/site-packages/wandb/sdk/lib/asyncio_manager.py", line 131, in run
    raise ValueError("Cannot use run() inside async loop.")
ValueError: Cannot use run() inside async loop.
2025-12-02 09:56:45,523 ERROR   wandb-AsyncioManager-main:2602144 [redirect.py:_on_write():664] [all runs] error in stderr callback
Traceback (most recent call last):
  File "/home/lug15gew/Desktop/thesis/.venv/lib/python3.12/site-packages/wandb/sdk/lib/redirect.py", line 662, in _on_write
    cb(written_data)
  File "/home/lug15gew/Desktop/thesis/.venv/lib/python3.12/site-packages/wandb/sdk/wandb_run.py", line 2433, in <lambda>
    lambda data: self._console_raw_callback("stderr", data),
                 ^^^^^^^^^^^^^^^^^^^^^^^^^^^^^^^^^^^^^^^^^^
  File "/home/lug15gew/Desktop/thesis/.venv/lib/python3.12/site-packages/wandb/sdk/wandb_run.py", line 399, in wrapper
    return func(self, *args, **kwargs)
           ^^^^^^^^^^^^^^^^^^^^^^^^^^^
  File "/home/lug15gew/Desktop/thesis/.venv/lib/python3.12/site-packages/wandb/sdk/wandb_run.py", line 457, in wrapper_fn
    return func(self, *args, **kwargs)
           ^^^^^^^^^^^^^^^^^^^^^^^^^^^
  File "/home/lug15gew/Desktop/thesis/.venv/lib/python3.12/site-packages/wandb/sdk/wandb_run.py", line 1595, in _console_raw_callback
    self._backend.interface.publish_output_raw(name, data)
  File "/home/lug15gew/Desktop/thesis/.venv/lib/python3.12/site-packages/wandb/sdk/interface/interface.py", line 802, in publish_output_raw
    self._publish_output_raw(o)
  File "/home/lug15gew/Desktop/thesis/.venv/lib/python3.12/site-packages/wandb/sdk/interface/interface_shared.py", line 37, in _publish_output_raw
    self._publish(rec)
  File "/home/lug15gew/Desktop/thesis/.venv/lib/python3.12/site-packages/wandb/sdk/interface/interface_sock.py", line 43, in _publish
    self._asyncer.run(lambda: self._client.publish(request))
  File "/home/lug15gew/Desktop/thesis/.venv/lib/python3.12/site-packages/wandb/sdk/lib/asyncio_manager.py", line 131, in run
    raise ValueError("Cannot use run() inside async loop.")
ValueError: Cannot use run() inside async loop.
2025-12-02 10:54:44,250 ERROR   wandb-AsyncioManager-main:2602144 [redirect.py:_on_write():664] [all runs] error in stderr callback
Traceback (most recent call last):
  File "/home/lug15gew/Desktop/thesis/.venv/lib/python3.12/site-packages/wandb/sdk/lib/redirect.py", line 662, in _on_write
    cb(written_data)
  File "/home/lug15gew/Desktop/thesis/.venv/lib/python3.12/site-packages/wandb/sdk/wandb_run.py", line 2433, in <lambda>
    lambda data: self._console_raw_callback("stderr", data),
                 ^^^^^^^^^^^^^^^^^^^^^^^^^^^^^^^^^^^^^^^^^^
  File "/home/lug15gew/Desktop/thesis/.venv/lib/python3.12/site-packages/wandb/sdk/wandb_run.py", line 399, in wrapper
    return func(self, *args, **kwargs)
           ^^^^^^^^^^^^^^^^^^^^^^^^^^^
  File "/home/lug15gew/Desktop/thesis/.venv/lib/python3.12/site-packages/wandb/sdk/wandb_run.py", line 457, in wrapper_fn
    return func(self, *args, **kwargs)
           ^^^^^^^^^^^^^^^^^^^^^^^^^^^
  File "/home/lug15gew/Desktop/thesis/.venv/lib/python3.12/site-packages/wandb/sdk/wandb_run.py", line 1595, in _console_raw_callback
    self._backend.interface.publish_output_raw(name, data)
  File "/home/lug15gew/Desktop/thesis/.venv/lib/python3.12/site-packages/wandb/sdk/interface/interface.py", line 802, in publish_output_raw
    self._publish_output_raw(o)
  File "/home/lug15gew/Desktop/thesis/.venv/lib/python3.12/site-packages/wandb/sdk/interface/interface_shared.py", line 37, in _publish_output_raw
    self._publish(rec)
  File "/home/lug15gew/Desktop/thesis/.venv/lib/python3.12/site-packages/wandb/sdk/interface/interface_sock.py", line 43, in _publish
    self._asyncer.run(lambda: self._client.publish(request))
  File "/home/lug15gew/Desktop/thesis/.venv/lib/python3.12/site-packages/wandb/sdk/lib/asyncio_manager.py", line 131, in run
    raise ValueError("Cannot use run() inside async loop.")
ValueError: Cannot use run() inside async loop.
2025-12-02 11:52:22,167 ERROR   wandb-AsyncioManager-main:2602144 [redirect.py:_on_write():664] [all runs] error in stderr callback
Traceback (most recent call last):
  File "/home/lug15gew/Desktop/thesis/.venv/lib/python3.12/site-packages/wandb/sdk/lib/redirect.py", line 662, in _on_write
    cb(written_data)
  File "/home/lug15gew/Desktop/thesis/.venv/lib/python3.12/site-packages/wandb/sdk/wandb_run.py", line 2433, in <lambda>
    lambda data: self._console_raw_callback("stderr", data),
                 ^^^^^^^^^^^^^^^^^^^^^^^^^^^^^^^^^^^^^^^^^^
  File "/home/lug15gew/Desktop/thesis/.venv/lib/python3.12/site-packages/wandb/sdk/wandb_run.py", line 399, in wrapper
    return func(self, *args, **kwargs)
           ^^^^^^^^^^^^^^^^^^^^^^^^^^^
  File "/home/lug15gew/Desktop/thesis/.venv/lib/python3.12/site-packages/wandb/sdk/wandb_run.py", line 457, in wrapper_fn
    return func(self, *args, **kwargs)
           ^^^^^^^^^^^^^^^^^^^^^^^^^^^
  File "/home/lug15gew/Desktop/thesis/.venv/lib/python3.12/site-packages/wandb/sdk/wandb_run.py", line 1595, in _console_raw_callback
    self._backend.interface.publish_output_raw(name, data)
  File "/home/lug15gew/Desktop/thesis/.venv/lib/python3.12/site-packages/wandb/sdk/interface/interface.py", line 802, in publish_output_raw
    self._publish_output_raw(o)
  File "/home/lug15gew/Desktop/thesis/.venv/lib/python3.12/site-packages/wandb/sdk/interface/interface_shared.py", line 37, in _publish_output_raw
    self._publish(rec)
  File "/home/lug15gew/Desktop/thesis/.venv/lib/python3.12/site-packages/wandb/sdk/interface/interface_sock.py", line 43, in _publish
    self._asyncer.run(lambda: self._client.publish(request))
  File "/home/lug15gew/Desktop/thesis/.venv/lib/python3.12/site-packages/wandb/sdk/lib/asyncio_manager.py", line 131, in run
    raise ValueError("Cannot use run() inside async loop.")
ValueError: Cannot use run() inside async loop.
2025-12-02 12:50:17,572 ERROR   wandb-AsyncioManager-main:2602144 [redirect.py:_on_write():664] [all runs] error in stderr callback
Traceback (most recent call last):
  File "/home/lug15gew/Desktop/thesis/.venv/lib/python3.12/site-packages/wandb/sdk/lib/redirect.py", line 662, in _on_write
    cb(written_data)
  File "/home/lug15gew/Desktop/thesis/.venv/lib/python3.12/site-packages/wandb/sdk/wandb_run.py", line 2433, in <lambda>
    lambda data: self._console_raw_callback("stderr", data),
                 ^^^^^^^^^^^^^^^^^^^^^^^^^^^^^^^^^^^^^^^^^^
  File "/home/lug15gew/Desktop/thesis/.venv/lib/python3.12/site-packages/wandb/sdk/wandb_run.py", line 399, in wrapper
    return func(self, *args, **kwargs)
           ^^^^^^^^^^^^^^^^^^^^^^^^^^^
  File "/home/lug15gew/Desktop/thesis/.venv/lib/python3.12/site-packages/wandb/sdk/wandb_run.py", line 457, in wrapper_fn
    return func(self, *args, **kwargs)
           ^^^^^^^^^^^^^^^^^^^^^^^^^^^
  File "/home/lug15gew/Desktop/thesis/.venv/lib/python3.12/site-packages/wandb/sdk/wandb_run.py", line 1595, in _console_raw_callback
    self._backend.interface.publish_output_raw(name, data)
  File "/home/lug15gew/Desktop/thesis/.venv/lib/python3.12/site-packages/wandb/sdk/interface/interface.py", line 802, in publish_output_raw
    self._publish_output_raw(o)
  File "/home/lug15gew/Desktop/thesis/.venv/lib/python3.12/site-packages/wandb/sdk/interface/interface_shared.py", line 37, in _publish_output_raw
    self._publish(rec)
  File "/home/lug15gew/Desktop/thesis/.venv/lib/python3.12/site-packages/wandb/sdk/interface/interface_sock.py", line 43, in _publish
    self._asyncer.run(lambda: self._client.publish(request))
  File "/home/lug15gew/Desktop/thesis/.venv/lib/python3.12/site-packages/wandb/sdk/lib/asyncio_manager.py", line 131, in run
    raise ValueError("Cannot use run() inside async loop.")
ValueError: Cannot use run() inside async loop.
2025-12-02 13:47:38,553 ERROR   wandb-AsyncioManager-main:2602144 [redirect.py:_on_write():664] [all runs] error in stderr callback
Traceback (most recent call last):
  File "/home/lug15gew/Desktop/thesis/.venv/lib/python3.12/site-packages/wandb/sdk/lib/redirect.py", line 662, in _on_write
    cb(written_data)
  File "/home/lug15gew/Desktop/thesis/.venv/lib/python3.12/site-packages/wandb/sdk/wandb_run.py", line 2433, in <lambda>
    lambda data: self._console_raw_callback("stderr", data),
                 ^^^^^^^^^^^^^^^^^^^^^^^^^^^^^^^^^^^^^^^^^^
  File "/home/lug15gew/Desktop/thesis/.venv/lib/python3.12/site-packages/wandb/sdk/wandb_run.py", line 399, in wrapper
    return func(self, *args, **kwargs)
           ^^^^^^^^^^^^^^^^^^^^^^^^^^^
  File "/home/lug15gew/Desktop/thesis/.venv/lib/python3.12/site-packages/wandb/sdk/wandb_run.py", line 457, in wrapper_fn
    return func(self, *args, **kwargs)
           ^^^^^^^^^^^^^^^^^^^^^^^^^^^
  File "/home/lug15gew/Desktop/thesis/.venv/lib/python3.12/site-packages/wandb/sdk/wandb_run.py", line 1595, in _console_raw_callback
    self._backend.interface.publish_output_raw(name, data)
  File "/home/lug15gew/Desktop/thesis/.venv/lib/python3.12/site-packages/wandb/sdk/interface/interface.py", line 802, in publish_output_raw
    self._publish_output_raw(o)
  File "/home/lug15gew/Desktop/thesis/.venv/lib/python3.12/site-packages/wandb/sdk/interface/interface_shared.py", line 37, in _publish_output_raw
    self._publish(rec)
  File "/home/lug15gew/Desktop/thesis/.venv/lib/python3.12/site-packages/wandb/sdk/interface/interface_sock.py", line 43, in _publish
    self._asyncer.run(lambda: self._client.publish(request))
  File "/home/lug15gew/Desktop/thesis/.venv/lib/python3.12/site-packages/wandb/sdk/lib/asyncio_manager.py", line 131, in run
    raise ValueError("Cannot use run() inside async loop.")
ValueError: Cannot use run() inside async loop.
2025-12-02 14:49:28,474 ERROR   wandb-AsyncioManager-main:2602144 [redirect.py:_on_write():664] [all runs] error in stderr callback
Traceback (most recent call last):
  File "/home/lug15gew/Desktop/thesis/.venv/lib/python3.12/site-packages/wandb/sdk/lib/redirect.py", line 662, in _on_write
    cb(written_data)
  File "/home/lug15gew/Desktop/thesis/.venv/lib/python3.12/site-packages/wandb/sdk/wandb_run.py", line 2433, in <lambda>
    lambda data: self._console_raw_callback("stderr", data),
                 ^^^^^^^^^^^^^^^^^^^^^^^^^^^^^^^^^^^^^^^^^^
  File "/home/lug15gew/Desktop/thesis/.venv/lib/python3.12/site-packages/wandb/sdk/wandb_run.py", line 399, in wrapper
    return func(self, *args, **kwargs)
           ^^^^^^^^^^^^^^^^^^^^^^^^^^^
  File "/home/lug15gew/Desktop/thesis/.venv/lib/python3.12/site-packages/wandb/sdk/wandb_run.py", line 457, in wrapper_fn
    return func(self, *args, **kwargs)
           ^^^^^^^^^^^^^^^^^^^^^^^^^^^
  File "/home/lug15gew/Desktop/thesis/.venv/lib/python3.12/site-packages/wandb/sdk/wandb_run.py", line 1595, in _console_raw_callback
    self._backend.interface.publish_output_raw(name, data)
  File "/home/lug15gew/Desktop/thesis/.venv/lib/python3.12/site-packages/wandb/sdk/interface/interface.py", line 802, in publish_output_raw
    self._publish_output_raw(o)
  File "/home/lug15gew/Desktop/thesis/.venv/lib/python3.12/site-packages/wandb/sdk/interface/interface_shared.py", line 37, in _publish_output_raw
    self._publish(rec)
  File "/home/lug15gew/Desktop/thesis/.venv/lib/python3.12/site-packages/wandb/sdk/interface/interface_sock.py", line 43, in _publish
    self._asyncer.run(lambda: self._client.publish(request))
  File "/home/lug15gew/Desktop/thesis/.venv/lib/python3.12/site-packages/wandb/sdk/lib/asyncio_manager.py", line 131, in run
    raise ValueError("Cannot use run() inside async loop.")
ValueError: Cannot use run() inside async loop.
2025-12-02 15:54:58,708 ERROR   wandb-AsyncioManager-main:2602144 [redirect.py:_on_write():664] [all runs] error in stderr callback
Traceback (most recent call last):
  File "/home/lug15gew/Desktop/thesis/.venv/lib/python3.12/site-packages/wandb/sdk/lib/redirect.py", line 662, in _on_write
    cb(written_data)
  File "/home/lug15gew/Desktop/thesis/.venv/lib/python3.12/site-packages/wandb/sdk/wandb_run.py", line 2433, in <lambda>
    lambda data: self._console_raw_callback("stderr", data),
                 ^^^^^^^^^^^^^^^^^^^^^^^^^^^^^^^^^^^^^^^^^^
  File "/home/lug15gew/Desktop/thesis/.venv/lib/python3.12/site-packages/wandb/sdk/wandb_run.py", line 399, in wrapper
    return func(self, *args, **kwargs)
           ^^^^^^^^^^^^^^^^^^^^^^^^^^^
  File "/home/lug15gew/Desktop/thesis/.venv/lib/python3.12/site-packages/wandb/sdk/wandb_run.py", line 457, in wrapper_fn
    return func(self, *args, **kwargs)
           ^^^^^^^^^^^^^^^^^^^^^^^^^^^
  File "/home/lug15gew/Desktop/thesis/.venv/lib/python3.12/site-packages/wandb/sdk/wandb_run.py", line 1595, in _console_raw_callback
    self._backend.interface.publish_output_raw(name, data)
  File "/home/lug15gew/Desktop/thesis/.venv/lib/python3.12/site-packages/wandb/sdk/interface/interface.py", line 802, in publish_output_raw
    self._publish_output_raw(o)
  File "/home/lug15gew/Desktop/thesis/.venv/lib/python3.12/site-packages/wandb/sdk/interface/interface_shared.py", line 37, in _publish_output_raw
    self._publish(rec)
  File "/home/lug15gew/Desktop/thesis/.venv/lib/python3.12/site-packages/wandb/sdk/interface/interface_sock.py", line 43, in _publish
    self._asyncer.run(lambda: self._client.publish(request))
  File "/home/lug15gew/Desktop/thesis/.venv/lib/python3.12/site-packages/wandb/sdk/lib/asyncio_manager.py", line 131, in run
    raise ValueError("Cannot use run() inside async loop.")
ValueError: Cannot use run() inside async loop.
2025-12-02 16:15:24,970 INFO    wandb-AsyncioManager-main:2602144 [service_client.py:_forward_responses():80] Reached EOF.
2025-12-02 16:15:24,970 INFO    wandb-AsyncioManager-main:2602144 [mailbox.py:close():137] Closing mailbox, abandoning 1 handles.
2025-12-02 16:15:24,974 ERROR   MainThread:2602144 [redirect.py:_on_write():664] [all runs] error in stderr callback
Traceback (most recent call last):
  File "/home/lug15gew/Desktop/thesis/.venv/lib/python3.12/site-packages/wandb/sdk/lib/redirect.py", line 662, in _on_write
    cb(written_data)
  File "/home/lug15gew/Desktop/thesis/.venv/lib/python3.12/site-packages/wandb/sdk/wandb_run.py", line 2433, in <lambda>
    lambda data: self._console_raw_callback("stderr", data),
                 ^^^^^^^^^^^^^^^^^^^^^^^^^^^^^^^^^^^^^^^^^^
  File "/home/lug15gew/Desktop/thesis/.venv/lib/python3.12/site-packages/wandb/sdk/wandb_run.py", line 399, in wrapper
    return func(self, *args, **kwargs)
           ^^^^^^^^^^^^^^^^^^^^^^^^^^^
  File "/home/lug15gew/Desktop/thesis/.venv/lib/python3.12/site-packages/wandb/sdk/wandb_run.py", line 457, in wrapper_fn
    return func(self, *args, **kwargs)
           ^^^^^^^^^^^^^^^^^^^^^^^^^^^
  File "/home/lug15gew/Desktop/thesis/.venv/lib/python3.12/site-packages/wandb/sdk/wandb_run.py", line 1595, in _console_raw_callback
    self._backend.interface.publish_output_raw(name, data)
  File "/home/lug15gew/Desktop/thesis/.venv/lib/python3.12/site-packages/wandb/sdk/interface/interface.py", line 802, in publish_output_raw
    self._publish_output_raw(o)
  File "/home/lug15gew/Desktop/thesis/.venv/lib/python3.12/site-packages/wandb/sdk/interface/interface_shared.py", line 37, in _publish_output_raw
    self._publish(rec)
  File "/home/lug15gew/Desktop/thesis/.venv/lib/python3.12/site-packages/wandb/sdk/interface/interface_sock.py", line 43, in _publish
    self._asyncer.run(lambda: self._client.publish(request))
  File "/home/lug15gew/Desktop/thesis/.venv/lib/python3.12/site-packages/wandb/sdk/lib/asyncio_manager.py", line 136, in run
    return future.result()
           ^^^^^^^^^^^^^^^
  File "/usr/lib64/python3.12/concurrent/futures/_base.py", line 456, in result
    return self.__get_result()
           ^^^^^^^^^^^^^^^^^^^
  File "/usr/lib64/python3.12/concurrent/futures/_base.py", line 401, in __get_result
    raise self._exception
  File "/home/lug15gew/Desktop/thesis/.venv/lib/python3.12/site-packages/wandb/sdk/lib/asyncio_manager.py", line 219, in _wrap
    return await fn()
           ^^^^^^^^^^
  File "/home/lug15gew/Desktop/thesis/.venv/lib/python3.12/site-packages/wandb/sdk/lib/service/service_client.py", line 38, in publish
    await self._send_server_request(request)
  File "/home/lug15gew/Desktop/thesis/.venv/lib/python3.12/site-packages/wandb/sdk/lib/service/service_client.py", line 64, in _send_server_request
    await self._writer.drain()
  File "/usr/lib64/python3.12/asyncio/streams.py", line 392, in drain
    await self._protocol._drain_helper()
  File "/usr/lib64/python3.12/asyncio/streams.py", line 166, in _drain_helper
    raise ConnectionResetError('Connection lost')
ConnectionResetError: Connection lost
2025-12-02 16:15:24,977 ERROR   MainThread:2602144 [redirect.py:_on_write():664] [all runs] error in stderr callback
Traceback (most recent call last):
  File "/home/lug15gew/Desktop/thesis/.venv/lib/python3.12/site-packages/wandb/sdk/lib/redirect.py", line 662, in _on_write
    cb(written_data)
  File "/home/lug15gew/Desktop/thesis/.venv/lib/python3.12/site-packages/wandb/sdk/wandb_run.py", line 2433, in <lambda>
    lambda data: self._console_raw_callback("stderr", data),
                 ^^^^^^^^^^^^^^^^^^^^^^^^^^^^^^^^^^^^^^^^^^
  File "/home/lug15gew/Desktop/thesis/.venv/lib/python3.12/site-packages/wandb/sdk/wandb_run.py", line 399, in wrapper
    return func(self, *args, **kwargs)
           ^^^^^^^^^^^^^^^^^^^^^^^^^^^
  File "/home/lug15gew/Desktop/thesis/.venv/lib/python3.12/site-packages/wandb/sdk/wandb_run.py", line 457, in wrapper_fn
    return func(self, *args, **kwargs)
           ^^^^^^^^^^^^^^^^^^^^^^^^^^^
  File "/home/lug15gew/Desktop/thesis/.venv/lib/python3.12/site-packages/wandb/sdk/wandb_run.py", line 1595, in _console_raw_callback
    self._backend.interface.publish_output_raw(name, data)
  File "/home/lug15gew/Desktop/thesis/.venv/lib/python3.12/site-packages/wandb/sdk/interface/interface.py", line 802, in publish_output_raw
    self._publish_output_raw(o)
  File "/home/lug15gew/Desktop/thesis/.venv/lib/python3.12/site-packages/wandb/sdk/interface/interface_shared.py", line 37, in _publish_output_raw
    self._publish(rec)
  File "/home/lug15gew/Desktop/thesis/.venv/lib/python3.12/site-packages/wandb/sdk/interface/interface_sock.py", line 43, in _publish
    self._asyncer.run(lambda: self._client.publish(request))
  File "/home/lug15gew/Desktop/thesis/.venv/lib/python3.12/site-packages/wandb/sdk/lib/asyncio_manager.py", line 136, in run
    return future.result()
           ^^^^^^^^^^^^^^^
  File "/usr/lib64/python3.12/concurrent/futures/_base.py", line 456, in result
    return self.__get_result()
           ^^^^^^^^^^^^^^^^^^^
  File "/usr/lib64/python3.12/concurrent/futures/_base.py", line 401, in __get_result
    raise self._exception
  File "/home/lug15gew/Desktop/thesis/.venv/lib/python3.12/site-packages/wandb/sdk/lib/asyncio_manager.py", line 219, in _wrap
    return await fn()
           ^^^^^^^^^^
  File "/home/lug15gew/Desktop/thesis/.venv/lib/python3.12/site-packages/wandb/sdk/lib/service/service_client.py", line 38, in publish
    await self._send_server_request(request)
  File "/home/lug15gew/Desktop/thesis/.venv/lib/python3.12/site-packages/wandb/sdk/lib/service/service_client.py", line 64, in _send_server_request
    await self._writer.drain()
  File "/usr/lib64/python3.12/asyncio/streams.py", line 380, in drain
    raise exc
  File "/usr/lib64/python3.12/asyncio/selector_events.py", line 1075, in write
    n = self._sock.send(data)
        ^^^^^^^^^^^^^^^^^^^^^
BrokenPipeError: [Errno 32] Broken pipe
