2025-12-14 12:51:22,958 INFO    MainThread:2671237 [wandb_setup.py:_flush():81] Current SDK version is 0.22.1
2025-12-14 12:51:22,958 INFO    MainThread:2671237 [wandb_setup.py:_flush():81] Configure stats pid to 2671237
2025-12-14 12:51:22,958 INFO    MainThread:2671237 [wandb_setup.py:_flush():81] Loading settings from /home/lug15gew/.config/wandb/settings
2025-12-14 12:51:22,958 INFO    MainThread:2671237 [wandb_setup.py:_flush():81] Loading settings from /home/lug15gew/Desktop/thesis/popec/outputs/2025-12-14/12-51-20/wandb/settings
2025-12-14 12:51:22,958 INFO    MainThread:2671237 [wandb_setup.py:_flush():81] Loading settings from environment variables
2025-12-14 12:51:22,958 INFO    MainThread:2671237 [wandb_init.py:setup_run_log_directory():705] Logging user logs to /home/lug15gew/Desktop/thesis/popec/logs/cheetah-run/1/default/wandb/run-20251214_125122-j15pv9ii/logs/debug.log
2025-12-14 12:51:22,959 INFO    MainThread:2671237 [wandb_init.py:setup_run_log_directory():706] Logging internal logs to /home/lug15gew/Desktop/thesis/popec/logs/cheetah-run/1/default/wandb/run-20251214_125122-j15pv9ii/logs/debug-internal.log
2025-12-14 12:51:22,959 INFO    MainThread:2671237 [wandb_init.py:init():832] calling init triggers
2025-12-14 12:51:22,959 INFO    MainThread:2671237 [wandb_init.py:init():837] wandb.init called with sweep_config: {}
config: {'task': 'cheetah-run', 'obs': 'state', 'episodic': False, 'checkpoint': '???', 'eval_episodes': 10, 'eval_freq': 5000, 'steps': 5000000, 'batch_size': 256, 'reward_coef': 0.1, 'value_coef': 0.1, 'termination_coef': 1, 'consistency_coef': 20, 'rho': 0.5, 'lr': 0.0003, 'enc_lr_scale': 0.3, 'grad_clip_norm': 20, 'tau': 0.01, 'discount_denom': 5, 'discount_min': 0.95, 'discount_max': 0.995, 'buffer_size': 400000, 'exp_name': 'default', 'data_dir': '???', 'mpc': True, 'iterations': 6, 'num_samples': 512, 'num_elites': 64, 'num_pi_trajs': 24, 'horizon': 3, 'min_std': 0.05, 'max_std': 2, 'temperature': 0.5, 'log_std_min': -10, 'log_std_max': 2, 'entropy_coef': 0.0001, 'num_bins': 101, 'vmin': -10, 'vmax': 10, 'model_size': '???', 'num_enc_layers': 2, 'enc_dim': 256, 'num_channels': 32, 'mlp_dim': 512, 'latent_dim': 512, 'task_dim': 0, 'num_q': 5, 'dropout': 0.01, 'simnorm_dim': 8, 'deq_f_max_iter': 25, 'deq_b_max_iter': 25, 'deq_f_tol': 0.0001, 'deq_b_tol': 1e-05, 'deq_f_solver': 'anderson', 'deq_b_solver': 'broyden', 'deq_num_layers': 2, 'deq_dropout': 0.05, 'deq_mlp_norm_type': 'layer', 'deq_cnn_norm_type': 'None', 'deq_log_stats': True, 'deq_log_every_n_steps': 100, 'deq_lam': 1.0, 'deq_tau': 1.0, 'noderen_nq': 64, 'noderen_sigma': 'tanh', 'noderen_epsilon': 0.05, 'noderen_bias': True, 'noderen_alpha': 0.01, 'noderen_linear_output': False, 'noderen_spectral_norm': True, 'noderen_method': 'euler', 'noderen_dt': 0.1, 'noderen_step_size': 0.001, 'noderen_rtol': 1e-05, 'noderen_atol': 1e-07, 'noderen_lr_scale': 0.5, 'noderen_warmup_steps': 25000, 'noderen_weight_decay': 0.0001, 'noderen_grad_clip': 1.0, 'noderen_update_freq': 10, 'z_norm_penalty_coef': 0.02, 'wandb_project': 'tdmpc2_noderen_fixed', 'wandb_entity': 'carmartroono-rptu', 'wandb_silent': False, 'enable_wandb': True, 'save_csv': True, 'compile': False, 'save_video': True, 'save_agent': True, 'seed': 1, 'work_dir': PosixPath('/home/lug15gew/Desktop/thesis/popec/logs/cheetah-run/1/default'), 'task_title': 'Cheetah Run', 'multitask': False, 'tasks': ['cheetah-run'], 'obs_shape': {'state': (17,)}, 'action_dim': 6, 'episode_length': 500, 'obs_shapes': '???', 'action_dims': '???', 'episode_lengths': '???', 'seed_steps': 2500, 'bin_size': 0.2, '_wandb': {}}
2025-12-14 12:51:22,959 INFO    MainThread:2671237 [wandb_init.py:init():880] starting backend
2025-12-14 12:51:23,169 INFO    MainThread:2671237 [wandb_init.py:init():883] sending inform_init request
2025-12-14 12:51:23,174 INFO    MainThread:2671237 [wandb_init.py:init():891] backend started and connected
2025-12-14 12:51:23,176 INFO    MainThread:2671237 [wandb_init.py:init():961] updated telemetry
2025-12-14 12:51:23,190 INFO    MainThread:2671237 [wandb_init.py:init():985] communicating run to backend with 90.0 second timeout
2025-12-14 12:51:24,190 INFO    MainThread:2671237 [wandb_init.py:init():1036] starting run threads in backend
2025-12-14 12:51:24,426 INFO    MainThread:2671237 [wandb_run.py:_console_start():2506] atexit reg
2025-12-14 12:51:24,427 INFO    MainThread:2671237 [wandb_run.py:_redirect():2354] redirect: wrap_raw
2025-12-14 12:51:24,427 INFO    MainThread:2671237 [wandb_run.py:_redirect():2423] Wrapping output streams.
2025-12-14 12:51:24,427 INFO    MainThread:2671237 [wandb_run.py:_redirect():2446] Redirects installed.
2025-12-14 12:51:24,430 INFO    MainThread:2671237 [wandb_init.py:init():1076] run started, returning control to user process
2025-12-14 12:55:24,457 ERROR   wandb-AsyncioManager-main:2671237 [redirect.py:_on_write():664] [all runs] error in stderr callback
Traceback (most recent call last):
  File "/home/lug15gew/Desktop/thesis/.venv/lib/python3.12/site-packages/wandb/sdk/lib/redirect.py", line 662, in _on_write
    cb(written_data)
  File "/home/lug15gew/Desktop/thesis/.venv/lib/python3.12/site-packages/wandb/sdk/wandb_run.py", line 2433, in <lambda>
    lambda data: self._console_raw_callback("stderr", data),
                 ^^^^^^^^^^^^^^^^^^^^^^^^^^^^^^^^^^^^^^^^^^
  File "/home/lug15gew/Desktop/thesis/.venv/lib/python3.12/site-packages/wandb/sdk/wandb_run.py", line 399, in wrapper
    return func(self, *args, **kwargs)
           ^^^^^^^^^^^^^^^^^^^^^^^^^^^
  File "/home/lug15gew/Desktop/thesis/.venv/lib/python3.12/site-packages/wandb/sdk/wandb_run.py", line 457, in wrapper_fn
    return func(self, *args, **kwargs)
           ^^^^^^^^^^^^^^^^^^^^^^^^^^^
  File "/home/lug15gew/Desktop/thesis/.venv/lib/python3.12/site-packages/wandb/sdk/wandb_run.py", line 1595, in _console_raw_callback
    self._backend.interface.publish_output_raw(name, data)
  File "/home/lug15gew/Desktop/thesis/.venv/lib/python3.12/site-packages/wandb/sdk/interface/interface.py", line 802, in publish_output_raw
    self._publish_output_raw(o)
  File "/home/lug15gew/Desktop/thesis/.venv/lib/python3.12/site-packages/wandb/sdk/interface/interface_shared.py", line 37, in _publish_output_raw
    self._publish(rec)
  File "/home/lug15gew/Desktop/thesis/.venv/lib/python3.12/site-packages/wandb/sdk/interface/interface_sock.py", line 43, in _publish
    self._asyncer.run(lambda: self._client.publish(request))
  File "/home/lug15gew/Desktop/thesis/.venv/lib/python3.12/site-packages/wandb/sdk/lib/asyncio_manager.py", line 131, in run
    raise ValueError("Cannot use run() inside async loop.")
ValueError: Cannot use run() inside async loop.
2025-12-14 14:28:32,951 ERROR   wandb-AsyncioManager-main:2671237 [redirect.py:_on_write():664] [all runs] error in stderr callback
Traceback (most recent call last):
  File "/home/lug15gew/Desktop/thesis/.venv/lib/python3.12/site-packages/wandb/sdk/lib/redirect.py", line 662, in _on_write
    cb(written_data)
  File "/home/lug15gew/Desktop/thesis/.venv/lib/python3.12/site-packages/wandb/sdk/wandb_run.py", line 2433, in <lambda>
    lambda data: self._console_raw_callback("stderr", data),
                 ^^^^^^^^^^^^^^^^^^^^^^^^^^^^^^^^^^^^^^^^^^
  File "/home/lug15gew/Desktop/thesis/.venv/lib/python3.12/site-packages/wandb/sdk/wandb_run.py", line 399, in wrapper
    return func(self, *args, **kwargs)
           ^^^^^^^^^^^^^^^^^^^^^^^^^^^
  File "/home/lug15gew/Desktop/thesis/.venv/lib/python3.12/site-packages/wandb/sdk/wandb_run.py", line 457, in wrapper_fn
    return func(self, *args, **kwargs)
           ^^^^^^^^^^^^^^^^^^^^^^^^^^^
  File "/home/lug15gew/Desktop/thesis/.venv/lib/python3.12/site-packages/wandb/sdk/wandb_run.py", line 1595, in _console_raw_callback
    self._backend.interface.publish_output_raw(name, data)
  File "/home/lug15gew/Desktop/thesis/.venv/lib/python3.12/site-packages/wandb/sdk/interface/interface.py", line 802, in publish_output_raw
    self._publish_output_raw(o)
  File "/home/lug15gew/Desktop/thesis/.venv/lib/python3.12/site-packages/wandb/sdk/interface/interface_shared.py", line 37, in _publish_output_raw
    self._publish(rec)
  File "/home/lug15gew/Desktop/thesis/.venv/lib/python3.12/site-packages/wandb/sdk/interface/interface_sock.py", line 43, in _publish
    self._asyncer.run(lambda: self._client.publish(request))
  File "/home/lug15gew/Desktop/thesis/.venv/lib/python3.12/site-packages/wandb/sdk/lib/asyncio_manager.py", line 131, in run
    raise ValueError("Cannot use run() inside async loop.")
ValueError: Cannot use run() inside async loop.
2025-12-14 16:15:57,161 ERROR   wandb-AsyncioManager-main:2671237 [redirect.py:_on_write():664] [all runs] error in stderr callback
Traceback (most recent call last):
  File "/home/lug15gew/Desktop/thesis/.venv/lib/python3.12/site-packages/wandb/sdk/lib/redirect.py", line 662, in _on_write
    cb(written_data)
  File "/home/lug15gew/Desktop/thesis/.venv/lib/python3.12/site-packages/wandb/sdk/wandb_run.py", line 2433, in <lambda>
    lambda data: self._console_raw_callback("stderr", data),
                 ^^^^^^^^^^^^^^^^^^^^^^^^^^^^^^^^^^^^^^^^^^
  File "/home/lug15gew/Desktop/thesis/.venv/lib/python3.12/site-packages/wandb/sdk/wandb_run.py", line 399, in wrapper
    return func(self, *args, **kwargs)
           ^^^^^^^^^^^^^^^^^^^^^^^^^^^
  File "/home/lug15gew/Desktop/thesis/.venv/lib/python3.12/site-packages/wandb/sdk/wandb_run.py", line 457, in wrapper_fn
    return func(self, *args, **kwargs)
           ^^^^^^^^^^^^^^^^^^^^^^^^^^^
  File "/home/lug15gew/Desktop/thesis/.venv/lib/python3.12/site-packages/wandb/sdk/wandb_run.py", line 1595, in _console_raw_callback
    self._backend.interface.publish_output_raw(name, data)
  File "/home/lug15gew/Desktop/thesis/.venv/lib/python3.12/site-packages/wandb/sdk/interface/interface.py", line 802, in publish_output_raw
    self._publish_output_raw(o)
  File "/home/lug15gew/Desktop/thesis/.venv/lib/python3.12/site-packages/wandb/sdk/interface/interface_shared.py", line 37, in _publish_output_raw
    self._publish(rec)
  File "/home/lug15gew/Desktop/thesis/.venv/lib/python3.12/site-packages/wandb/sdk/interface/interface_sock.py", line 43, in _publish
    self._asyncer.run(lambda: self._client.publish(request))
  File "/home/lug15gew/Desktop/thesis/.venv/lib/python3.12/site-packages/wandb/sdk/lib/asyncio_manager.py", line 131, in run
    raise ValueError("Cannot use run() inside async loop.")
ValueError: Cannot use run() inside async loop.
2025-12-14 18:04:38,328 ERROR   wandb-AsyncioManager-main:2671237 [redirect.py:_on_write():664] [all runs] error in stderr callback
Traceback (most recent call last):
  File "/home/lug15gew/Desktop/thesis/.venv/lib/python3.12/site-packages/wandb/sdk/lib/redirect.py", line 662, in _on_write
    cb(written_data)
  File "/home/lug15gew/Desktop/thesis/.venv/lib/python3.12/site-packages/wandb/sdk/wandb_run.py", line 2433, in <lambda>
    lambda data: self._console_raw_callback("stderr", data),
                 ^^^^^^^^^^^^^^^^^^^^^^^^^^^^^^^^^^^^^^^^^^
  File "/home/lug15gew/Desktop/thesis/.venv/lib/python3.12/site-packages/wandb/sdk/wandb_run.py", line 399, in wrapper
    return func(self, *args, **kwargs)
           ^^^^^^^^^^^^^^^^^^^^^^^^^^^
  File "/home/lug15gew/Desktop/thesis/.venv/lib/python3.12/site-packages/wandb/sdk/wandb_run.py", line 457, in wrapper_fn
    return func(self, *args, **kwargs)
           ^^^^^^^^^^^^^^^^^^^^^^^^^^^
  File "/home/lug15gew/Desktop/thesis/.venv/lib/python3.12/site-packages/wandb/sdk/wandb_run.py", line 1595, in _console_raw_callback
    self._backend.interface.publish_output_raw(name, data)
  File "/home/lug15gew/Desktop/thesis/.venv/lib/python3.12/site-packages/wandb/sdk/interface/interface.py", line 802, in publish_output_raw
    self._publish_output_raw(o)
  File "/home/lug15gew/Desktop/thesis/.venv/lib/python3.12/site-packages/wandb/sdk/interface/interface_shared.py", line 37, in _publish_output_raw
    self._publish(rec)
  File "/home/lug15gew/Desktop/thesis/.venv/lib/python3.12/site-packages/wandb/sdk/interface/interface_sock.py", line 43, in _publish
    self._asyncer.run(lambda: self._client.publish(request))
  File "/home/lug15gew/Desktop/thesis/.venv/lib/python3.12/site-packages/wandb/sdk/lib/asyncio_manager.py", line 131, in run
    raise ValueError("Cannot use run() inside async loop.")
ValueError: Cannot use run() inside async loop.
2025-12-14 19:53:09,275 ERROR   wandb-AsyncioManager-main:2671237 [redirect.py:_on_write():664] [all runs] error in stderr callback
Traceback (most recent call last):
  File "/home/lug15gew/Desktop/thesis/.venv/lib/python3.12/site-packages/wandb/sdk/lib/redirect.py", line 662, in _on_write
    cb(written_data)
  File "/home/lug15gew/Desktop/thesis/.venv/lib/python3.12/site-packages/wandb/sdk/wandb_run.py", line 2433, in <lambda>
    lambda data: self._console_raw_callback("stderr", data),
                 ^^^^^^^^^^^^^^^^^^^^^^^^^^^^^^^^^^^^^^^^^^
  File "/home/lug15gew/Desktop/thesis/.venv/lib/python3.12/site-packages/wandb/sdk/wandb_run.py", line 399, in wrapper
    return func(self, *args, **kwargs)
           ^^^^^^^^^^^^^^^^^^^^^^^^^^^
  File "/home/lug15gew/Desktop/thesis/.venv/lib/python3.12/site-packages/wandb/sdk/wandb_run.py", line 457, in wrapper_fn
    return func(self, *args, **kwargs)
           ^^^^^^^^^^^^^^^^^^^^^^^^^^^
  File "/home/lug15gew/Desktop/thesis/.venv/lib/python3.12/site-packages/wandb/sdk/wandb_run.py", line 1595, in _console_raw_callback
    self._backend.interface.publish_output_raw(name, data)
  File "/home/lug15gew/Desktop/thesis/.venv/lib/python3.12/site-packages/wandb/sdk/interface/interface.py", line 802, in publish_output_raw
    self._publish_output_raw(o)
  File "/home/lug15gew/Desktop/thesis/.venv/lib/python3.12/site-packages/wandb/sdk/interface/interface_shared.py", line 37, in _publish_output_raw
    self._publish(rec)
  File "/home/lug15gew/Desktop/thesis/.venv/lib/python3.12/site-packages/wandb/sdk/interface/interface_sock.py", line 43, in _publish
    self._asyncer.run(lambda: self._client.publish(request))
  File "/home/lug15gew/Desktop/thesis/.venv/lib/python3.12/site-packages/wandb/sdk/lib/asyncio_manager.py", line 131, in run
    raise ValueError("Cannot use run() inside async loop.")
ValueError: Cannot use run() inside async loop.
2025-12-14 21:41:50,470 ERROR   wandb-AsyncioManager-main:2671237 [redirect.py:_on_write():664] [all runs] error in stderr callback
Traceback (most recent call last):
  File "/home/lug15gew/Desktop/thesis/.venv/lib/python3.12/site-packages/wandb/sdk/lib/redirect.py", line 662, in _on_write
    cb(written_data)
  File "/home/lug15gew/Desktop/thesis/.venv/lib/python3.12/site-packages/wandb/sdk/wandb_run.py", line 2433, in <lambda>
    lambda data: self._console_raw_callback("stderr", data),
                 ^^^^^^^^^^^^^^^^^^^^^^^^^^^^^^^^^^^^^^^^^^
  File "/home/lug15gew/Desktop/thesis/.venv/lib/python3.12/site-packages/wandb/sdk/wandb_run.py", line 399, in wrapper
    return func(self, *args, **kwargs)
           ^^^^^^^^^^^^^^^^^^^^^^^^^^^
  File "/home/lug15gew/Desktop/thesis/.venv/lib/python3.12/site-packages/wandb/sdk/wandb_run.py", line 457, in wrapper_fn
    return func(self, *args, **kwargs)
           ^^^^^^^^^^^^^^^^^^^^^^^^^^^
  File "/home/lug15gew/Desktop/thesis/.venv/lib/python3.12/site-packages/wandb/sdk/wandb_run.py", line 1595, in _console_raw_callback
    self._backend.interface.publish_output_raw(name, data)
  File "/home/lug15gew/Desktop/thesis/.venv/lib/python3.12/site-packages/wandb/sdk/interface/interface.py", line 802, in publish_output_raw
    self._publish_output_raw(o)
  File "/home/lug15gew/Desktop/thesis/.venv/lib/python3.12/site-packages/wandb/sdk/interface/interface_shared.py", line 37, in _publish_output_raw
    self._publish(rec)
  File "/home/lug15gew/Desktop/thesis/.venv/lib/python3.12/site-packages/wandb/sdk/interface/interface_sock.py", line 43, in _publish
    self._asyncer.run(lambda: self._client.publish(request))
  File "/home/lug15gew/Desktop/thesis/.venv/lib/python3.12/site-packages/wandb/sdk/lib/asyncio_manager.py", line 131, in run
    raise ValueError("Cannot use run() inside async loop.")
ValueError: Cannot use run() inside async loop.
2025-12-14 23:29:14,739 ERROR   wandb-AsyncioManager-main:2671237 [redirect.py:_on_write():664] [all runs] error in stderr callback
Traceback (most recent call last):
  File "/home/lug15gew/Desktop/thesis/.venv/lib/python3.12/site-packages/wandb/sdk/lib/redirect.py", line 662, in _on_write
    cb(written_data)
  File "/home/lug15gew/Desktop/thesis/.venv/lib/python3.12/site-packages/wandb/sdk/wandb_run.py", line 2433, in <lambda>
    lambda data: self._console_raw_callback("stderr", data),
                 ^^^^^^^^^^^^^^^^^^^^^^^^^^^^^^^^^^^^^^^^^^
  File "/home/lug15gew/Desktop/thesis/.venv/lib/python3.12/site-packages/wandb/sdk/wandb_run.py", line 399, in wrapper
    return func(self, *args, **kwargs)
           ^^^^^^^^^^^^^^^^^^^^^^^^^^^
  File "/home/lug15gew/Desktop/thesis/.venv/lib/python3.12/site-packages/wandb/sdk/wandb_run.py", line 457, in wrapper_fn
    return func(self, *args, **kwargs)
           ^^^^^^^^^^^^^^^^^^^^^^^^^^^
  File "/home/lug15gew/Desktop/thesis/.venv/lib/python3.12/site-packages/wandb/sdk/wandb_run.py", line 1595, in _console_raw_callback
    self._backend.interface.publish_output_raw(name, data)
  File "/home/lug15gew/Desktop/thesis/.venv/lib/python3.12/site-packages/wandb/sdk/interface/interface.py", line 802, in publish_output_raw
    self._publish_output_raw(o)
  File "/home/lug15gew/Desktop/thesis/.venv/lib/python3.12/site-packages/wandb/sdk/interface/interface_shared.py", line 37, in _publish_output_raw
    self._publish(rec)
  File "/home/lug15gew/Desktop/thesis/.venv/lib/python3.12/site-packages/wandb/sdk/interface/interface_sock.py", line 43, in _publish
    self._asyncer.run(lambda: self._client.publish(request))
  File "/home/lug15gew/Desktop/thesis/.venv/lib/python3.12/site-packages/wandb/sdk/lib/asyncio_manager.py", line 131, in run
    raise ValueError("Cannot use run() inside async loop.")
ValueError: Cannot use run() inside async loop.
2025-12-15 01:14:46,251 ERROR   wandb-AsyncioManager-main:2671237 [redirect.py:_on_write():664] [all runs] error in stderr callback
Traceback (most recent call last):
  File "/home/lug15gew/Desktop/thesis/.venv/lib/python3.12/site-packages/wandb/sdk/lib/redirect.py", line 662, in _on_write
    cb(written_data)
  File "/home/lug15gew/Desktop/thesis/.venv/lib/python3.12/site-packages/wandb/sdk/wandb_run.py", line 2433, in <lambda>
    lambda data: self._console_raw_callback("stderr", data),
                 ^^^^^^^^^^^^^^^^^^^^^^^^^^^^^^^^^^^^^^^^^^
  File "/home/lug15gew/Desktop/thesis/.venv/lib/python3.12/site-packages/wandb/sdk/wandb_run.py", line 399, in wrapper
    return func(self, *args, **kwargs)
           ^^^^^^^^^^^^^^^^^^^^^^^^^^^
  File "/home/lug15gew/Desktop/thesis/.venv/lib/python3.12/site-packages/wandb/sdk/wandb_run.py", line 457, in wrapper_fn
    return func(self, *args, **kwargs)
           ^^^^^^^^^^^^^^^^^^^^^^^^^^^
  File "/home/lug15gew/Desktop/thesis/.venv/lib/python3.12/site-packages/wandb/sdk/wandb_run.py", line 1595, in _console_raw_callback
    self._backend.interface.publish_output_raw(name, data)
  File "/home/lug15gew/Desktop/thesis/.venv/lib/python3.12/site-packages/wandb/sdk/interface/interface.py", line 802, in publish_output_raw
    self._publish_output_raw(o)
  File "/home/lug15gew/Desktop/thesis/.venv/lib/python3.12/site-packages/wandb/sdk/interface/interface_shared.py", line 37, in _publish_output_raw
    self._publish(rec)
  File "/home/lug15gew/Desktop/thesis/.venv/lib/python3.12/site-packages/wandb/sdk/interface/interface_sock.py", line 43, in _publish
    self._asyncer.run(lambda: self._client.publish(request))
  File "/home/lug15gew/Desktop/thesis/.venv/lib/python3.12/site-packages/wandb/sdk/lib/asyncio_manager.py", line 131, in run
    raise ValueError("Cannot use run() inside async loop.")
ValueError: Cannot use run() inside async loop.
2025-12-15 02:56:20,227 ERROR   wandb-AsyncioManager-main:2671237 [redirect.py:_on_write():664] [all runs] error in stderr callback
Traceback (most recent call last):
  File "/home/lug15gew/Desktop/thesis/.venv/lib/python3.12/site-packages/wandb/sdk/lib/redirect.py", line 662, in _on_write
    cb(written_data)
  File "/home/lug15gew/Desktop/thesis/.venv/lib/python3.12/site-packages/wandb/sdk/wandb_run.py", line 2433, in <lambda>
    lambda data: self._console_raw_callback("stderr", data),
                 ^^^^^^^^^^^^^^^^^^^^^^^^^^^^^^^^^^^^^^^^^^
  File "/home/lug15gew/Desktop/thesis/.venv/lib/python3.12/site-packages/wandb/sdk/wandb_run.py", line 399, in wrapper
    return func(self, *args, **kwargs)
           ^^^^^^^^^^^^^^^^^^^^^^^^^^^
  File "/home/lug15gew/Desktop/thesis/.venv/lib/python3.12/site-packages/wandb/sdk/wandb_run.py", line 457, in wrapper_fn
    return func(self, *args, **kwargs)
           ^^^^^^^^^^^^^^^^^^^^^^^^^^^
  File "/home/lug15gew/Desktop/thesis/.venv/lib/python3.12/site-packages/wandb/sdk/wandb_run.py", line 1595, in _console_raw_callback
    self._backend.interface.publish_output_raw(name, data)
  File "/home/lug15gew/Desktop/thesis/.venv/lib/python3.12/site-packages/wandb/sdk/interface/interface.py", line 802, in publish_output_raw
    self._publish_output_raw(o)
  File "/home/lug15gew/Desktop/thesis/.venv/lib/python3.12/site-packages/wandb/sdk/interface/interface_shared.py", line 37, in _publish_output_raw
    self._publish(rec)
  File "/home/lug15gew/Desktop/thesis/.venv/lib/python3.12/site-packages/wandb/sdk/interface/interface_sock.py", line 43, in _publish
    self._asyncer.run(lambda: self._client.publish(request))
  File "/home/lug15gew/Desktop/thesis/.venv/lib/python3.12/site-packages/wandb/sdk/lib/asyncio_manager.py", line 131, in run
    raise ValueError("Cannot use run() inside async loop.")
ValueError: Cannot use run() inside async loop.
2025-12-15 04:37:50,112 ERROR   wandb-AsyncioManager-main:2671237 [redirect.py:_on_write():664] [all runs] error in stderr callback
Traceback (most recent call last):
  File "/home/lug15gew/Desktop/thesis/.venv/lib/python3.12/site-packages/wandb/sdk/lib/redirect.py", line 662, in _on_write
    cb(written_data)
  File "/home/lug15gew/Desktop/thesis/.venv/lib/python3.12/site-packages/wandb/sdk/wandb_run.py", line 2433, in <lambda>
    lambda data: self._console_raw_callback("stderr", data),
                 ^^^^^^^^^^^^^^^^^^^^^^^^^^^^^^^^^^^^^^^^^^
  File "/home/lug15gew/Desktop/thesis/.venv/lib/python3.12/site-packages/wandb/sdk/wandb_run.py", line 399, in wrapper
    return func(self, *args, **kwargs)
           ^^^^^^^^^^^^^^^^^^^^^^^^^^^
  File "/home/lug15gew/Desktop/thesis/.venv/lib/python3.12/site-packages/wandb/sdk/wandb_run.py", line 457, in wrapper_fn
    return func(self, *args, **kwargs)
           ^^^^^^^^^^^^^^^^^^^^^^^^^^^
  File "/home/lug15gew/Desktop/thesis/.venv/lib/python3.12/site-packages/wandb/sdk/wandb_run.py", line 1595, in _console_raw_callback
    self._backend.interface.publish_output_raw(name, data)
  File "/home/lug15gew/Desktop/thesis/.venv/lib/python3.12/site-packages/wandb/sdk/interface/interface.py", line 802, in publish_output_raw
    self._publish_output_raw(o)
  File "/home/lug15gew/Desktop/thesis/.venv/lib/python3.12/site-packages/wandb/sdk/interface/interface_shared.py", line 37, in _publish_output_raw
    self._publish(rec)
  File "/home/lug15gew/Desktop/thesis/.venv/lib/python3.12/site-packages/wandb/sdk/interface/interface_sock.py", line 43, in _publish
    self._asyncer.run(lambda: self._client.publish(request))
  File "/home/lug15gew/Desktop/thesis/.venv/lib/python3.12/site-packages/wandb/sdk/lib/asyncio_manager.py", line 131, in run
    raise ValueError("Cannot use run() inside async loop.")
ValueError: Cannot use run() inside async loop.
2025-12-15 06:18:43,981 ERROR   wandb-AsyncioManager-main:2671237 [redirect.py:_on_write():664] [all runs] error in stderr callback
Traceback (most recent call last):
  File "/home/lug15gew/Desktop/thesis/.venv/lib/python3.12/site-packages/wandb/sdk/lib/redirect.py", line 662, in _on_write
    cb(written_data)
  File "/home/lug15gew/Desktop/thesis/.venv/lib/python3.12/site-packages/wandb/sdk/wandb_run.py", line 2433, in <lambda>
    lambda data: self._console_raw_callback("stderr", data),
                 ^^^^^^^^^^^^^^^^^^^^^^^^^^^^^^^^^^^^^^^^^^
  File "/home/lug15gew/Desktop/thesis/.venv/lib/python3.12/site-packages/wandb/sdk/wandb_run.py", line 399, in wrapper
    return func(self, *args, **kwargs)
           ^^^^^^^^^^^^^^^^^^^^^^^^^^^
  File "/home/lug15gew/Desktop/thesis/.venv/lib/python3.12/site-packages/wandb/sdk/wandb_run.py", line 457, in wrapper_fn
    return func(self, *args, **kwargs)
           ^^^^^^^^^^^^^^^^^^^^^^^^^^^
  File "/home/lug15gew/Desktop/thesis/.venv/lib/python3.12/site-packages/wandb/sdk/wandb_run.py", line 1595, in _console_raw_callback
    self._backend.interface.publish_output_raw(name, data)
  File "/home/lug15gew/Desktop/thesis/.venv/lib/python3.12/site-packages/wandb/sdk/interface/interface.py", line 802, in publish_output_raw
    self._publish_output_raw(o)
  File "/home/lug15gew/Desktop/thesis/.venv/lib/python3.12/site-packages/wandb/sdk/interface/interface_shared.py", line 37, in _publish_output_raw
    self._publish(rec)
  File "/home/lug15gew/Desktop/thesis/.venv/lib/python3.12/site-packages/wandb/sdk/interface/interface_sock.py", line 43, in _publish
    self._asyncer.run(lambda: self._client.publish(request))
  File "/home/lug15gew/Desktop/thesis/.venv/lib/python3.12/site-packages/wandb/sdk/lib/asyncio_manager.py", line 131, in run
    raise ValueError("Cannot use run() inside async loop.")
ValueError: Cannot use run() inside async loop.
2025-12-15 07:59:29,814 ERROR   wandb-AsyncioManager-main:2671237 [redirect.py:_on_write():664] [all runs] error in stderr callback
Traceback (most recent call last):
  File "/home/lug15gew/Desktop/thesis/.venv/lib/python3.12/site-packages/wandb/sdk/lib/redirect.py", line 662, in _on_write
    cb(written_data)
  File "/home/lug15gew/Desktop/thesis/.venv/lib/python3.12/site-packages/wandb/sdk/wandb_run.py", line 2433, in <lambda>
    lambda data: self._console_raw_callback("stderr", data),
                 ^^^^^^^^^^^^^^^^^^^^^^^^^^^^^^^^^^^^^^^^^^
  File "/home/lug15gew/Desktop/thesis/.venv/lib/python3.12/site-packages/wandb/sdk/wandb_run.py", line 399, in wrapper
    return func(self, *args, **kwargs)
           ^^^^^^^^^^^^^^^^^^^^^^^^^^^
  File "/home/lug15gew/Desktop/thesis/.venv/lib/python3.12/site-packages/wandb/sdk/wandb_run.py", line 457, in wrapper_fn
    return func(self, *args, **kwargs)
           ^^^^^^^^^^^^^^^^^^^^^^^^^^^
  File "/home/lug15gew/Desktop/thesis/.venv/lib/python3.12/site-packages/wandb/sdk/wandb_run.py", line 1595, in _console_raw_callback
    self._backend.interface.publish_output_raw(name, data)
  File "/home/lug15gew/Desktop/thesis/.venv/lib/python3.12/site-packages/wandb/sdk/interface/interface.py", line 802, in publish_output_raw
    self._publish_output_raw(o)
  File "/home/lug15gew/Desktop/thesis/.venv/lib/python3.12/site-packages/wandb/sdk/interface/interface_shared.py", line 37, in _publish_output_raw
    self._publish(rec)
  File "/home/lug15gew/Desktop/thesis/.venv/lib/python3.12/site-packages/wandb/sdk/interface/interface_sock.py", line 43, in _publish
    self._asyncer.run(lambda: self._client.publish(request))
  File "/home/lug15gew/Desktop/thesis/.venv/lib/python3.12/site-packages/wandb/sdk/lib/asyncio_manager.py", line 131, in run
    raise ValueError("Cannot use run() inside async loop.")
ValueError: Cannot use run() inside async loop.
2025-12-15 09:39:34,332 ERROR   wandb-AsyncioManager-main:2671237 [redirect.py:_on_write():664] [all runs] error in stderr callback
Traceback (most recent call last):
  File "/home/lug15gew/Desktop/thesis/.venv/lib/python3.12/site-packages/wandb/sdk/lib/redirect.py", line 662, in _on_write
    cb(written_data)
  File "/home/lug15gew/Desktop/thesis/.venv/lib/python3.12/site-packages/wandb/sdk/wandb_run.py", line 2433, in <lambda>
    lambda data: self._console_raw_callback("stderr", data),
                 ^^^^^^^^^^^^^^^^^^^^^^^^^^^^^^^^^^^^^^^^^^
  File "/home/lug15gew/Desktop/thesis/.venv/lib/python3.12/site-packages/wandb/sdk/wandb_run.py", line 399, in wrapper
    return func(self, *args, **kwargs)
           ^^^^^^^^^^^^^^^^^^^^^^^^^^^
  File "/home/lug15gew/Desktop/thesis/.venv/lib/python3.12/site-packages/wandb/sdk/wandb_run.py", line 457, in wrapper_fn
    return func(self, *args, **kwargs)
           ^^^^^^^^^^^^^^^^^^^^^^^^^^^
  File "/home/lug15gew/Desktop/thesis/.venv/lib/python3.12/site-packages/wandb/sdk/wandb_run.py", line 1595, in _console_raw_callback
    self._backend.interface.publish_output_raw(name, data)
  File "/home/lug15gew/Desktop/thesis/.venv/lib/python3.12/site-packages/wandb/sdk/interface/interface.py", line 802, in publish_output_raw
    self._publish_output_raw(o)
  File "/home/lug15gew/Desktop/thesis/.venv/lib/python3.12/site-packages/wandb/sdk/interface/interface_shared.py", line 37, in _publish_output_raw
    self._publish(rec)
  File "/home/lug15gew/Desktop/thesis/.venv/lib/python3.12/site-packages/wandb/sdk/interface/interface_sock.py", line 43, in _publish
    self._asyncer.run(lambda: self._client.publish(request))
  File "/home/lug15gew/Desktop/thesis/.venv/lib/python3.12/site-packages/wandb/sdk/lib/asyncio_manager.py", line 131, in run
    raise ValueError("Cannot use run() inside async loop.")
ValueError: Cannot use run() inside async loop.
2025-12-15 12:18:22,073 ERROR   wandb-AsyncioManager-main:2671237 [redirect.py:_on_write():664] [all runs] error in stderr callback
Traceback (most recent call last):
  File "/home/lug15gew/Desktop/thesis/.venv/lib/python3.12/site-packages/wandb/sdk/lib/redirect.py", line 662, in _on_write
    cb(written_data)
  File "/home/lug15gew/Desktop/thesis/.venv/lib/python3.12/site-packages/wandb/sdk/wandb_run.py", line 2433, in <lambda>
    lambda data: self._console_raw_callback("stderr", data),
                 ^^^^^^^^^^^^^^^^^^^^^^^^^^^^^^^^^^^^^^^^^^
  File "/home/lug15gew/Desktop/thesis/.venv/lib/python3.12/site-packages/wandb/sdk/wandb_run.py", line 399, in wrapper
    return func(self, *args, **kwargs)
           ^^^^^^^^^^^^^^^^^^^^^^^^^^^
  File "/home/lug15gew/Desktop/thesis/.venv/lib/python3.12/site-packages/wandb/sdk/wandb_run.py", line 457, in wrapper_fn
    return func(self, *args, **kwargs)
           ^^^^^^^^^^^^^^^^^^^^^^^^^^^
  File "/home/lug15gew/Desktop/thesis/.venv/lib/python3.12/site-packages/wandb/sdk/wandb_run.py", line 1595, in _console_raw_callback
    self._backend.interface.publish_output_raw(name, data)
  File "/home/lug15gew/Desktop/thesis/.venv/lib/python3.12/site-packages/wandb/sdk/interface/interface.py", line 802, in publish_output_raw
    self._publish_output_raw(o)
  File "/home/lug15gew/Desktop/thesis/.venv/lib/python3.12/site-packages/wandb/sdk/interface/interface_shared.py", line 37, in _publish_output_raw
    self._publish(rec)
  File "/home/lug15gew/Desktop/thesis/.venv/lib/python3.12/site-packages/wandb/sdk/interface/interface_sock.py", line 43, in _publish
    self._asyncer.run(lambda: self._client.publish(request))
  File "/home/lug15gew/Desktop/thesis/.venv/lib/python3.12/site-packages/wandb/sdk/lib/asyncio_manager.py", line 131, in run
    raise ValueError("Cannot use run() inside async loop.")
ValueError: Cannot use run() inside async loop.
2025-12-15 13:59:24,713 ERROR   wandb-AsyncioManager-main:2671237 [redirect.py:_on_write():664] [all runs] error in stderr callback
Traceback (most recent call last):
  File "/home/lug15gew/Desktop/thesis/.venv/lib/python3.12/site-packages/wandb/sdk/lib/redirect.py", line 662, in _on_write
    cb(written_data)
  File "/home/lug15gew/Desktop/thesis/.venv/lib/python3.12/site-packages/wandb/sdk/wandb_run.py", line 2433, in <lambda>
    lambda data: self._console_raw_callback("stderr", data),
                 ^^^^^^^^^^^^^^^^^^^^^^^^^^^^^^^^^^^^^^^^^^
  File "/home/lug15gew/Desktop/thesis/.venv/lib/python3.12/site-packages/wandb/sdk/wandb_run.py", line 399, in wrapper
    return func(self, *args, **kwargs)
           ^^^^^^^^^^^^^^^^^^^^^^^^^^^
  File "/home/lug15gew/Desktop/thesis/.venv/lib/python3.12/site-packages/wandb/sdk/wandb_run.py", line 457, in wrapper_fn
    return func(self, *args, **kwargs)
           ^^^^^^^^^^^^^^^^^^^^^^^^^^^
  File "/home/lug15gew/Desktop/thesis/.venv/lib/python3.12/site-packages/wandb/sdk/wandb_run.py", line 1595, in _console_raw_callback
    self._backend.interface.publish_output_raw(name, data)
  File "/home/lug15gew/Desktop/thesis/.venv/lib/python3.12/site-packages/wandb/sdk/interface/interface.py", line 802, in publish_output_raw
    self._publish_output_raw(o)
  File "/home/lug15gew/Desktop/thesis/.venv/lib/python3.12/site-packages/wandb/sdk/interface/interface_shared.py", line 37, in _publish_output_raw
    self._publish(rec)
  File "/home/lug15gew/Desktop/thesis/.venv/lib/python3.12/site-packages/wandb/sdk/interface/interface_sock.py", line 43, in _publish
    self._asyncer.run(lambda: self._client.publish(request))
  File "/home/lug15gew/Desktop/thesis/.venv/lib/python3.12/site-packages/wandb/sdk/lib/asyncio_manager.py", line 131, in run
    raise ValueError("Cannot use run() inside async loop.")
ValueError: Cannot use run() inside async loop.
2025-12-15 15:40:33,144 ERROR   wandb-AsyncioManager-main:2671237 [redirect.py:_on_write():664] [all runs] error in stderr callback
Traceback (most recent call last):
  File "/home/lug15gew/Desktop/thesis/.venv/lib/python3.12/site-packages/wandb/sdk/lib/redirect.py", line 662, in _on_write
    cb(written_data)
  File "/home/lug15gew/Desktop/thesis/.venv/lib/python3.12/site-packages/wandb/sdk/wandb_run.py", line 2433, in <lambda>
    lambda data: self._console_raw_callback("stderr", data),
                 ^^^^^^^^^^^^^^^^^^^^^^^^^^^^^^^^^^^^^^^^^^
  File "/home/lug15gew/Desktop/thesis/.venv/lib/python3.12/site-packages/wandb/sdk/wandb_run.py", line 399, in wrapper
    return func(self, *args, **kwargs)
           ^^^^^^^^^^^^^^^^^^^^^^^^^^^
  File "/home/lug15gew/Desktop/thesis/.venv/lib/python3.12/site-packages/wandb/sdk/wandb_run.py", line 457, in wrapper_fn
    return func(self, *args, **kwargs)
           ^^^^^^^^^^^^^^^^^^^^^^^^^^^
  File "/home/lug15gew/Desktop/thesis/.venv/lib/python3.12/site-packages/wandb/sdk/wandb_run.py", line 1595, in _console_raw_callback
    self._backend.interface.publish_output_raw(name, data)
  File "/home/lug15gew/Desktop/thesis/.venv/lib/python3.12/site-packages/wandb/sdk/interface/interface.py", line 802, in publish_output_raw
    self._publish_output_raw(o)
  File "/home/lug15gew/Desktop/thesis/.venv/lib/python3.12/site-packages/wandb/sdk/interface/interface_shared.py", line 37, in _publish_output_raw
    self._publish(rec)
  File "/home/lug15gew/Desktop/thesis/.venv/lib/python3.12/site-packages/wandb/sdk/interface/interface_sock.py", line 43, in _publish
    self._asyncer.run(lambda: self._client.publish(request))
  File "/home/lug15gew/Desktop/thesis/.venv/lib/python3.12/site-packages/wandb/sdk/lib/asyncio_manager.py", line 131, in run
    raise ValueError("Cannot use run() inside async loop.")
ValueError: Cannot use run() inside async loop.
2025-12-15 17:20:52,187 ERROR   wandb-AsyncioManager-main:2671237 [redirect.py:_on_write():664] [all runs] error in stderr callback
Traceback (most recent call last):
  File "/home/lug15gew/Desktop/thesis/.venv/lib/python3.12/site-packages/wandb/sdk/lib/redirect.py", line 662, in _on_write
    cb(written_data)
  File "/home/lug15gew/Desktop/thesis/.venv/lib/python3.12/site-packages/wandb/sdk/wandb_run.py", line 2433, in <lambda>
    lambda data: self._console_raw_callback("stderr", data),
                 ^^^^^^^^^^^^^^^^^^^^^^^^^^^^^^^^^^^^^^^^^^
  File "/home/lug15gew/Desktop/thesis/.venv/lib/python3.12/site-packages/wandb/sdk/wandb_run.py", line 399, in wrapper
    return func(self, *args, **kwargs)
           ^^^^^^^^^^^^^^^^^^^^^^^^^^^
  File "/home/lug15gew/Desktop/thesis/.venv/lib/python3.12/site-packages/wandb/sdk/wandb_run.py", line 457, in wrapper_fn
    return func(self, *args, **kwargs)
           ^^^^^^^^^^^^^^^^^^^^^^^^^^^
  File "/home/lug15gew/Desktop/thesis/.venv/lib/python3.12/site-packages/wandb/sdk/wandb_run.py", line 1595, in _console_raw_callback
    self._backend.interface.publish_output_raw(name, data)
  File "/home/lug15gew/Desktop/thesis/.venv/lib/python3.12/site-packages/wandb/sdk/interface/interface.py", line 802, in publish_output_raw
    self._publish_output_raw(o)
  File "/home/lug15gew/Desktop/thesis/.venv/lib/python3.12/site-packages/wandb/sdk/interface/interface_shared.py", line 37, in _publish_output_raw
    self._publish(rec)
  File "/home/lug15gew/Desktop/thesis/.venv/lib/python3.12/site-packages/wandb/sdk/interface/interface_sock.py", line 43, in _publish
    self._asyncer.run(lambda: self._client.publish(request))
  File "/home/lug15gew/Desktop/thesis/.venv/lib/python3.12/site-packages/wandb/sdk/lib/asyncio_manager.py", line 131, in run
    raise ValueError("Cannot use run() inside async loop.")
ValueError: Cannot use run() inside async loop.
2025-12-15 19:02:01,862 ERROR   wandb-AsyncioManager-main:2671237 [redirect.py:_on_write():664] [all runs] error in stderr callback
Traceback (most recent call last):
  File "/home/lug15gew/Desktop/thesis/.venv/lib/python3.12/site-packages/wandb/sdk/lib/redirect.py", line 662, in _on_write
    cb(written_data)
  File "/home/lug15gew/Desktop/thesis/.venv/lib/python3.12/site-packages/wandb/sdk/wandb_run.py", line 2433, in <lambda>
    lambda data: self._console_raw_callback("stderr", data),
                 ^^^^^^^^^^^^^^^^^^^^^^^^^^^^^^^^^^^^^^^^^^
  File "/home/lug15gew/Desktop/thesis/.venv/lib/python3.12/site-packages/wandb/sdk/wandb_run.py", line 399, in wrapper
    return func(self, *args, **kwargs)
           ^^^^^^^^^^^^^^^^^^^^^^^^^^^
  File "/home/lug15gew/Desktop/thesis/.venv/lib/python3.12/site-packages/wandb/sdk/wandb_run.py", line 457, in wrapper_fn
    return func(self, *args, **kwargs)
           ^^^^^^^^^^^^^^^^^^^^^^^^^^^
  File "/home/lug15gew/Desktop/thesis/.venv/lib/python3.12/site-packages/wandb/sdk/wandb_run.py", line 1595, in _console_raw_callback
    self._backend.interface.publish_output_raw(name, data)
  File "/home/lug15gew/Desktop/thesis/.venv/lib/python3.12/site-packages/wandb/sdk/interface/interface.py", line 802, in publish_output_raw
    self._publish_output_raw(o)
  File "/home/lug15gew/Desktop/thesis/.venv/lib/python3.12/site-packages/wandb/sdk/interface/interface_shared.py", line 37, in _publish_output_raw
    self._publish(rec)
  File "/home/lug15gew/Desktop/thesis/.venv/lib/python3.12/site-packages/wandb/sdk/interface/interface_sock.py", line 43, in _publish
    self._asyncer.run(lambda: self._client.publish(request))
  File "/home/lug15gew/Desktop/thesis/.venv/lib/python3.12/site-packages/wandb/sdk/lib/asyncio_manager.py", line 131, in run
    raise ValueError("Cannot use run() inside async loop.")
ValueError: Cannot use run() inside async loop.
2025-12-15 20:48:18,548 ERROR   wandb-AsyncioManager-main:2671237 [redirect.py:_on_write():664] [all runs] error in stderr callback
Traceback (most recent call last):
  File "/home/lug15gew/Desktop/thesis/.venv/lib/python3.12/site-packages/wandb/sdk/lib/redirect.py", line 662, in _on_write
    cb(written_data)
  File "/home/lug15gew/Desktop/thesis/.venv/lib/python3.12/site-packages/wandb/sdk/wandb_run.py", line 2433, in <lambda>
    lambda data: self._console_raw_callback("stderr", data),
                 ^^^^^^^^^^^^^^^^^^^^^^^^^^^^^^^^^^^^^^^^^^
  File "/home/lug15gew/Desktop/thesis/.venv/lib/python3.12/site-packages/wandb/sdk/wandb_run.py", line 399, in wrapper
    return func(self, *args, **kwargs)
           ^^^^^^^^^^^^^^^^^^^^^^^^^^^
  File "/home/lug15gew/Desktop/thesis/.venv/lib/python3.12/site-packages/wandb/sdk/wandb_run.py", line 457, in wrapper_fn
    return func(self, *args, **kwargs)
           ^^^^^^^^^^^^^^^^^^^^^^^^^^^
  File "/home/lug15gew/Desktop/thesis/.venv/lib/python3.12/site-packages/wandb/sdk/wandb_run.py", line 1595, in _console_raw_callback
    self._backend.interface.publish_output_raw(name, data)
  File "/home/lug15gew/Desktop/thesis/.venv/lib/python3.12/site-packages/wandb/sdk/interface/interface.py", line 802, in publish_output_raw
    self._publish_output_raw(o)
  File "/home/lug15gew/Desktop/thesis/.venv/lib/python3.12/site-packages/wandb/sdk/interface/interface_shared.py", line 37, in _publish_output_raw
    self._publish(rec)
  File "/home/lug15gew/Desktop/thesis/.venv/lib/python3.12/site-packages/wandb/sdk/interface/interface_sock.py", line 43, in _publish
    self._asyncer.run(lambda: self._client.publish(request))
  File "/home/lug15gew/Desktop/thesis/.venv/lib/python3.12/site-packages/wandb/sdk/lib/asyncio_manager.py", line 131, in run
    raise ValueError("Cannot use run() inside async loop.")
ValueError: Cannot use run() inside async loop.
2025-12-15 22:28:27,412 ERROR   wandb-AsyncioManager-main:2671237 [redirect.py:_on_write():664] [all runs] error in stderr callback
Traceback (most recent call last):
  File "/home/lug15gew/Desktop/thesis/.venv/lib/python3.12/site-packages/wandb/sdk/lib/redirect.py", line 662, in _on_write
    cb(written_data)
  File "/home/lug15gew/Desktop/thesis/.venv/lib/python3.12/site-packages/wandb/sdk/wandb_run.py", line 2433, in <lambda>
    lambda data: self._console_raw_callback("stderr", data),
                 ^^^^^^^^^^^^^^^^^^^^^^^^^^^^^^^^^^^^^^^^^^
  File "/home/lug15gew/Desktop/thesis/.venv/lib/python3.12/site-packages/wandb/sdk/wandb_run.py", line 399, in wrapper
    return func(self, *args, **kwargs)
           ^^^^^^^^^^^^^^^^^^^^^^^^^^^
  File "/home/lug15gew/Desktop/thesis/.venv/lib/python3.12/site-packages/wandb/sdk/wandb_run.py", line 457, in wrapper_fn
    return func(self, *args, **kwargs)
           ^^^^^^^^^^^^^^^^^^^^^^^^^^^
  File "/home/lug15gew/Desktop/thesis/.venv/lib/python3.12/site-packages/wandb/sdk/wandb_run.py", line 1595, in _console_raw_callback
    self._backend.interface.publish_output_raw(name, data)
  File "/home/lug15gew/Desktop/thesis/.venv/lib/python3.12/site-packages/wandb/sdk/interface/interface.py", line 802, in publish_output_raw
    self._publish_output_raw(o)
  File "/home/lug15gew/Desktop/thesis/.venv/lib/python3.12/site-packages/wandb/sdk/interface/interface_shared.py", line 37, in _publish_output_raw
    self._publish(rec)
  File "/home/lug15gew/Desktop/thesis/.venv/lib/python3.12/site-packages/wandb/sdk/interface/interface_sock.py", line 43, in _publish
    self._asyncer.run(lambda: self._client.publish(request))
  File "/home/lug15gew/Desktop/thesis/.venv/lib/python3.12/site-packages/wandb/sdk/lib/asyncio_manager.py", line 131, in run
    raise ValueError("Cannot use run() inside async loop.")
ValueError: Cannot use run() inside async loop.
2025-12-16 00:08:02,104 ERROR   wandb-AsyncioManager-main:2671237 [redirect.py:_on_write():664] [all runs] error in stderr callback
Traceback (most recent call last):
  File "/home/lug15gew/Desktop/thesis/.venv/lib/python3.12/site-packages/wandb/sdk/lib/redirect.py", line 662, in _on_write
    cb(written_data)
  File "/home/lug15gew/Desktop/thesis/.venv/lib/python3.12/site-packages/wandb/sdk/wandb_run.py", line 2433, in <lambda>
    lambda data: self._console_raw_callback("stderr", data),
                 ^^^^^^^^^^^^^^^^^^^^^^^^^^^^^^^^^^^^^^^^^^
  File "/home/lug15gew/Desktop/thesis/.venv/lib/python3.12/site-packages/wandb/sdk/wandb_run.py", line 399, in wrapper
    return func(self, *args, **kwargs)
           ^^^^^^^^^^^^^^^^^^^^^^^^^^^
  File "/home/lug15gew/Desktop/thesis/.venv/lib/python3.12/site-packages/wandb/sdk/wandb_run.py", line 457, in wrapper_fn
    return func(self, *args, **kwargs)
           ^^^^^^^^^^^^^^^^^^^^^^^^^^^
  File "/home/lug15gew/Desktop/thesis/.venv/lib/python3.12/site-packages/wandb/sdk/wandb_run.py", line 1595, in _console_raw_callback
    self._backend.interface.publish_output_raw(name, data)
  File "/home/lug15gew/Desktop/thesis/.venv/lib/python3.12/site-packages/wandb/sdk/interface/interface.py", line 802, in publish_output_raw
    self._publish_output_raw(o)
  File "/home/lug15gew/Desktop/thesis/.venv/lib/python3.12/site-packages/wandb/sdk/interface/interface_shared.py", line 37, in _publish_output_raw
    self._publish(rec)
  File "/home/lug15gew/Desktop/thesis/.venv/lib/python3.12/site-packages/wandb/sdk/interface/interface_sock.py", line 43, in _publish
    self._asyncer.run(lambda: self._client.publish(request))
  File "/home/lug15gew/Desktop/thesis/.venv/lib/python3.12/site-packages/wandb/sdk/lib/asyncio_manager.py", line 131, in run
    raise ValueError("Cannot use run() inside async loop.")
ValueError: Cannot use run() inside async loop.
2025-12-16 01:47:04,599 ERROR   wandb-AsyncioManager-main:2671237 [redirect.py:_on_write():664] [all runs] error in stderr callback
Traceback (most recent call last):
  File "/home/lug15gew/Desktop/thesis/.venv/lib/python3.12/site-packages/wandb/sdk/lib/redirect.py", line 662, in _on_write
    cb(written_data)
  File "/home/lug15gew/Desktop/thesis/.venv/lib/python3.12/site-packages/wandb/sdk/wandb_run.py", line 2433, in <lambda>
    lambda data: self._console_raw_callback("stderr", data),
                 ^^^^^^^^^^^^^^^^^^^^^^^^^^^^^^^^^^^^^^^^^^
  File "/home/lug15gew/Desktop/thesis/.venv/lib/python3.12/site-packages/wandb/sdk/wandb_run.py", line 399, in wrapper
    return func(self, *args, **kwargs)
           ^^^^^^^^^^^^^^^^^^^^^^^^^^^
  File "/home/lug15gew/Desktop/thesis/.venv/lib/python3.12/site-packages/wandb/sdk/wandb_run.py", line 457, in wrapper_fn
    return func(self, *args, **kwargs)
           ^^^^^^^^^^^^^^^^^^^^^^^^^^^
  File "/home/lug15gew/Desktop/thesis/.venv/lib/python3.12/site-packages/wandb/sdk/wandb_run.py", line 1595, in _console_raw_callback
    self._backend.interface.publish_output_raw(name, data)
  File "/home/lug15gew/Desktop/thesis/.venv/lib/python3.12/site-packages/wandb/sdk/interface/interface.py", line 802, in publish_output_raw
    self._publish_output_raw(o)
  File "/home/lug15gew/Desktop/thesis/.venv/lib/python3.12/site-packages/wandb/sdk/interface/interface_shared.py", line 37, in _publish_output_raw
    self._publish(rec)
  File "/home/lug15gew/Desktop/thesis/.venv/lib/python3.12/site-packages/wandb/sdk/interface/interface_sock.py", line 43, in _publish
    self._asyncer.run(lambda: self._client.publish(request))
  File "/home/lug15gew/Desktop/thesis/.venv/lib/python3.12/site-packages/wandb/sdk/lib/asyncio_manager.py", line 131, in run
    raise ValueError("Cannot use run() inside async loop.")
ValueError: Cannot use run() inside async loop.
2025-12-16 03:24:52,091 ERROR   wandb-AsyncioManager-main:2671237 [redirect.py:_on_write():664] [all runs] error in stderr callback
Traceback (most recent call last):
  File "/home/lug15gew/Desktop/thesis/.venv/lib/python3.12/site-packages/wandb/sdk/lib/redirect.py", line 662, in _on_write
    cb(written_data)
  File "/home/lug15gew/Desktop/thesis/.venv/lib/python3.12/site-packages/wandb/sdk/wandb_run.py", line 2433, in <lambda>
    lambda data: self._console_raw_callback("stderr", data),
                 ^^^^^^^^^^^^^^^^^^^^^^^^^^^^^^^^^^^^^^^^^^
  File "/home/lug15gew/Desktop/thesis/.venv/lib/python3.12/site-packages/wandb/sdk/wandb_run.py", line 399, in wrapper
    return func(self, *args, **kwargs)
           ^^^^^^^^^^^^^^^^^^^^^^^^^^^
  File "/home/lug15gew/Desktop/thesis/.venv/lib/python3.12/site-packages/wandb/sdk/wandb_run.py", line 457, in wrapper_fn
    return func(self, *args, **kwargs)
           ^^^^^^^^^^^^^^^^^^^^^^^^^^^
  File "/home/lug15gew/Desktop/thesis/.venv/lib/python3.12/site-packages/wandb/sdk/wandb_run.py", line 1595, in _console_raw_callback
    self._backend.interface.publish_output_raw(name, data)
  File "/home/lug15gew/Desktop/thesis/.venv/lib/python3.12/site-packages/wandb/sdk/interface/interface.py", line 802, in publish_output_raw
    self._publish_output_raw(o)
  File "/home/lug15gew/Desktop/thesis/.venv/lib/python3.12/site-packages/wandb/sdk/interface/interface_shared.py", line 37, in _publish_output_raw
    self._publish(rec)
  File "/home/lug15gew/Desktop/thesis/.venv/lib/python3.12/site-packages/wandb/sdk/interface/interface_sock.py", line 43, in _publish
    self._asyncer.run(lambda: self._client.publish(request))
  File "/home/lug15gew/Desktop/thesis/.venv/lib/python3.12/site-packages/wandb/sdk/lib/asyncio_manager.py", line 131, in run
    raise ValueError("Cannot use run() inside async loop.")
ValueError: Cannot use run() inside async loop.
2025-12-16 05:02:02,994 ERROR   wandb-AsyncioManager-main:2671237 [redirect.py:_on_write():664] [all runs] error in stderr callback
Traceback (most recent call last):
  File "/home/lug15gew/Desktop/thesis/.venv/lib/python3.12/site-packages/wandb/sdk/lib/redirect.py", line 662, in _on_write
    cb(written_data)
  File "/home/lug15gew/Desktop/thesis/.venv/lib/python3.12/site-packages/wandb/sdk/wandb_run.py", line 2433, in <lambda>
    lambda data: self._console_raw_callback("stderr", data),
                 ^^^^^^^^^^^^^^^^^^^^^^^^^^^^^^^^^^^^^^^^^^
  File "/home/lug15gew/Desktop/thesis/.venv/lib/python3.12/site-packages/wandb/sdk/wandb_run.py", line 399, in wrapper
    return func(self, *args, **kwargs)
           ^^^^^^^^^^^^^^^^^^^^^^^^^^^
  File "/home/lug15gew/Desktop/thesis/.venv/lib/python3.12/site-packages/wandb/sdk/wandb_run.py", line 457, in wrapper_fn
    return func(self, *args, **kwargs)
           ^^^^^^^^^^^^^^^^^^^^^^^^^^^
  File "/home/lug15gew/Desktop/thesis/.venv/lib/python3.12/site-packages/wandb/sdk/wandb_run.py", line 1595, in _console_raw_callback
    self._backend.interface.publish_output_raw(name, data)
  File "/home/lug15gew/Desktop/thesis/.venv/lib/python3.12/site-packages/wandb/sdk/interface/interface.py", line 802, in publish_output_raw
    self._publish_output_raw(o)
  File "/home/lug15gew/Desktop/thesis/.venv/lib/python3.12/site-packages/wandb/sdk/interface/interface_shared.py", line 37, in _publish_output_raw
    self._publish(rec)
  File "/home/lug15gew/Desktop/thesis/.venv/lib/python3.12/site-packages/wandb/sdk/interface/interface_sock.py", line 43, in _publish
    self._asyncer.run(lambda: self._client.publish(request))
  File "/home/lug15gew/Desktop/thesis/.venv/lib/python3.12/site-packages/wandb/sdk/lib/asyncio_manager.py", line 131, in run
    raise ValueError("Cannot use run() inside async loop.")
ValueError: Cannot use run() inside async loop.
2025-12-16 06:39:37,662 ERROR   wandb-AsyncioManager-main:2671237 [redirect.py:_on_write():664] [all runs] error in stderr callback
Traceback (most recent call last):
  File "/home/lug15gew/Desktop/thesis/.venv/lib/python3.12/site-packages/wandb/sdk/lib/redirect.py", line 662, in _on_write
    cb(written_data)
  File "/home/lug15gew/Desktop/thesis/.venv/lib/python3.12/site-packages/wandb/sdk/wandb_run.py", line 2433, in <lambda>
    lambda data: self._console_raw_callback("stderr", data),
                 ^^^^^^^^^^^^^^^^^^^^^^^^^^^^^^^^^^^^^^^^^^
  File "/home/lug15gew/Desktop/thesis/.venv/lib/python3.12/site-packages/wandb/sdk/wandb_run.py", line 399, in wrapper
    return func(self, *args, **kwargs)
           ^^^^^^^^^^^^^^^^^^^^^^^^^^^
  File "/home/lug15gew/Desktop/thesis/.venv/lib/python3.12/site-packages/wandb/sdk/wandb_run.py", line 457, in wrapper_fn
    return func(self, *args, **kwargs)
           ^^^^^^^^^^^^^^^^^^^^^^^^^^^
  File "/home/lug15gew/Desktop/thesis/.venv/lib/python3.12/site-packages/wandb/sdk/wandb_run.py", line 1595, in _console_raw_callback
    self._backend.interface.publish_output_raw(name, data)
  File "/home/lug15gew/Desktop/thesis/.venv/lib/python3.12/site-packages/wandb/sdk/interface/interface.py", line 802, in publish_output_raw
    self._publish_output_raw(o)
  File "/home/lug15gew/Desktop/thesis/.venv/lib/python3.12/site-packages/wandb/sdk/interface/interface_shared.py", line 37, in _publish_output_raw
    self._publish(rec)
  File "/home/lug15gew/Desktop/thesis/.venv/lib/python3.12/site-packages/wandb/sdk/interface/interface_sock.py", line 43, in _publish
    self._asyncer.run(lambda: self._client.publish(request))
  File "/home/lug15gew/Desktop/thesis/.venv/lib/python3.12/site-packages/wandb/sdk/lib/asyncio_manager.py", line 131, in run
    raise ValueError("Cannot use run() inside async loop.")
ValueError: Cannot use run() inside async loop.
2025-12-16 08:17:16,175 ERROR   wandb-AsyncioManager-main:2671237 [redirect.py:_on_write():664] [all runs] error in stderr callback
Traceback (most recent call last):
  File "/home/lug15gew/Desktop/thesis/.venv/lib/python3.12/site-packages/wandb/sdk/lib/redirect.py", line 662, in _on_write
    cb(written_data)
  File "/home/lug15gew/Desktop/thesis/.venv/lib/python3.12/site-packages/wandb/sdk/wandb_run.py", line 2433, in <lambda>
    lambda data: self._console_raw_callback("stderr", data),
                 ^^^^^^^^^^^^^^^^^^^^^^^^^^^^^^^^^^^^^^^^^^
  File "/home/lug15gew/Desktop/thesis/.venv/lib/python3.12/site-packages/wandb/sdk/wandb_run.py", line 399, in wrapper
    return func(self, *args, **kwargs)
           ^^^^^^^^^^^^^^^^^^^^^^^^^^^
  File "/home/lug15gew/Desktop/thesis/.venv/lib/python3.12/site-packages/wandb/sdk/wandb_run.py", line 457, in wrapper_fn
    return func(self, *args, **kwargs)
           ^^^^^^^^^^^^^^^^^^^^^^^^^^^
  File "/home/lug15gew/Desktop/thesis/.venv/lib/python3.12/site-packages/wandb/sdk/wandb_run.py", line 1595, in _console_raw_callback
    self._backend.interface.publish_output_raw(name, data)
  File "/home/lug15gew/Desktop/thesis/.venv/lib/python3.12/site-packages/wandb/sdk/interface/interface.py", line 802, in publish_output_raw
    self._publish_output_raw(o)
  File "/home/lug15gew/Desktop/thesis/.venv/lib/python3.12/site-packages/wandb/sdk/interface/interface_shared.py", line 37, in _publish_output_raw
    self._publish(rec)
  File "/home/lug15gew/Desktop/thesis/.venv/lib/python3.12/site-packages/wandb/sdk/interface/interface_sock.py", line 43, in _publish
    self._asyncer.run(lambda: self._client.publish(request))
  File "/home/lug15gew/Desktop/thesis/.venv/lib/python3.12/site-packages/wandb/sdk/lib/asyncio_manager.py", line 131, in run
    raise ValueError("Cannot use run() inside async loop.")
ValueError: Cannot use run() inside async loop.
2025-12-16 09:54:40,399 ERROR   wandb-AsyncioManager-main:2671237 [redirect.py:_on_write():664] [all runs] error in stderr callback
Traceback (most recent call last):
  File "/home/lug15gew/Desktop/thesis/.venv/lib/python3.12/site-packages/wandb/sdk/lib/redirect.py", line 662, in _on_write
    cb(written_data)
  File "/home/lug15gew/Desktop/thesis/.venv/lib/python3.12/site-packages/wandb/sdk/wandb_run.py", line 2433, in <lambda>
    lambda data: self._console_raw_callback("stderr", data),
                 ^^^^^^^^^^^^^^^^^^^^^^^^^^^^^^^^^^^^^^^^^^
  File "/home/lug15gew/Desktop/thesis/.venv/lib/python3.12/site-packages/wandb/sdk/wandb_run.py", line 399, in wrapper
    return func(self, *args, **kwargs)
           ^^^^^^^^^^^^^^^^^^^^^^^^^^^
  File "/home/lug15gew/Desktop/thesis/.venv/lib/python3.12/site-packages/wandb/sdk/wandb_run.py", line 457, in wrapper_fn
    return func(self, *args, **kwargs)
           ^^^^^^^^^^^^^^^^^^^^^^^^^^^
  File "/home/lug15gew/Desktop/thesis/.venv/lib/python3.12/site-packages/wandb/sdk/wandb_run.py", line 1595, in _console_raw_callback
    self._backend.interface.publish_output_raw(name, data)
  File "/home/lug15gew/Desktop/thesis/.venv/lib/python3.12/site-packages/wandb/sdk/interface/interface.py", line 802, in publish_output_raw
    self._publish_output_raw(o)
  File "/home/lug15gew/Desktop/thesis/.venv/lib/python3.12/site-packages/wandb/sdk/interface/interface_shared.py", line 37, in _publish_output_raw
    self._publish(rec)
  File "/home/lug15gew/Desktop/thesis/.venv/lib/python3.12/site-packages/wandb/sdk/interface/interface_sock.py", line 43, in _publish
    self._asyncer.run(lambda: self._client.publish(request))
  File "/home/lug15gew/Desktop/thesis/.venv/lib/python3.12/site-packages/wandb/sdk/lib/asyncio_manager.py", line 131, in run
    raise ValueError("Cannot use run() inside async loop.")
ValueError: Cannot use run() inside async loop.
2025-12-16 11:10:28,004 INFO    wandb-AsyncioManager-main:2671237 [service_client.py:_forward_responses():80] Reached EOF.
2025-12-16 11:10:28,004 INFO    wandb-AsyncioManager-main:2671237 [mailbox.py:close():137] Closing mailbox, abandoning 1 handles.
2025-12-16 11:10:28,012 ERROR   MainThread:2671237 [redirect.py:_on_write():664] [all runs] error in stderr callback
Traceback (most recent call last):
  File "/home/lug15gew/Desktop/thesis/.venv/lib/python3.12/site-packages/wandb/sdk/lib/redirect.py", line 662, in _on_write
    cb(written_data)
  File "/home/lug15gew/Desktop/thesis/.venv/lib/python3.12/site-packages/wandb/sdk/wandb_run.py", line 2433, in <lambda>
    lambda data: self._console_raw_callback("stderr", data),
                 ^^^^^^^^^^^^^^^^^^^^^^^^^^^^^^^^^^^^^^^^^^
  File "/home/lug15gew/Desktop/thesis/.venv/lib/python3.12/site-packages/wandb/sdk/wandb_run.py", line 399, in wrapper
    return func(self, *args, **kwargs)
           ^^^^^^^^^^^^^^^^^^^^^^^^^^^
  File "/home/lug15gew/Desktop/thesis/.venv/lib/python3.12/site-packages/wandb/sdk/wandb_run.py", line 457, in wrapper_fn
    return func(self, *args, **kwargs)
           ^^^^^^^^^^^^^^^^^^^^^^^^^^^
  File "/home/lug15gew/Desktop/thesis/.venv/lib/python3.12/site-packages/wandb/sdk/wandb_run.py", line 1595, in _console_raw_callback
    self._backend.interface.publish_output_raw(name, data)
  File "/home/lug15gew/Desktop/thesis/.venv/lib/python3.12/site-packages/wandb/sdk/interface/interface.py", line 802, in publish_output_raw
    self._publish_output_raw(o)
  File "/home/lug15gew/Desktop/thesis/.venv/lib/python3.12/site-packages/wandb/sdk/interface/interface_shared.py", line 37, in _publish_output_raw
    self._publish(rec)
  File "/home/lug15gew/Desktop/thesis/.venv/lib/python3.12/site-packages/wandb/sdk/interface/interface_sock.py", line 43, in _publish
    self._asyncer.run(lambda: self._client.publish(request))
  File "/home/lug15gew/Desktop/thesis/.venv/lib/python3.12/site-packages/wandb/sdk/lib/asyncio_manager.py", line 136, in run
    return future.result()
           ^^^^^^^^^^^^^^^
  File "/usr/lib64/python3.12/concurrent/futures/_base.py", line 456, in result
    return self.__get_result()
           ^^^^^^^^^^^^^^^^^^^
  File "/usr/lib64/python3.12/concurrent/futures/_base.py", line 401, in __get_result
    raise self._exception
  File "/home/lug15gew/Desktop/thesis/.venv/lib/python3.12/site-packages/wandb/sdk/lib/asyncio_manager.py", line 219, in _wrap
    return await fn()
           ^^^^^^^^^^
  File "/home/lug15gew/Desktop/thesis/.venv/lib/python3.12/site-packages/wandb/sdk/lib/service/service_client.py", line 38, in publish
    await self._send_server_request(request)
  File "/home/lug15gew/Desktop/thesis/.venv/lib/python3.12/site-packages/wandb/sdk/lib/service/service_client.py", line 64, in _send_server_request
    await self._writer.drain()
  File "/usr/lib64/python3.12/asyncio/streams.py", line 392, in drain
    await self._protocol._drain_helper()
  File "/usr/lib64/python3.12/asyncio/streams.py", line 166, in _drain_helper
    raise ConnectionResetError('Connection lost')
ConnectionResetError: Connection lost
2025-12-16 11:10:28,020 ERROR   MainThread:2671237 [redirect.py:_on_write():664] [all runs] error in stderr callback
Traceback (most recent call last):
  File "/home/lug15gew/Desktop/thesis/.venv/lib/python3.12/site-packages/wandb/sdk/lib/redirect.py", line 662, in _on_write
    cb(written_data)
  File "/home/lug15gew/Desktop/thesis/.venv/lib/python3.12/site-packages/wandb/sdk/wandb_run.py", line 2433, in <lambda>
    lambda data: self._console_raw_callback("stderr", data),
                 ^^^^^^^^^^^^^^^^^^^^^^^^^^^^^^^^^^^^^^^^^^
  File "/home/lug15gew/Desktop/thesis/.venv/lib/python3.12/site-packages/wandb/sdk/wandb_run.py", line 399, in wrapper
    return func(self, *args, **kwargs)
           ^^^^^^^^^^^^^^^^^^^^^^^^^^^
  File "/home/lug15gew/Desktop/thesis/.venv/lib/python3.12/site-packages/wandb/sdk/wandb_run.py", line 457, in wrapper_fn
    return func(self, *args, **kwargs)
           ^^^^^^^^^^^^^^^^^^^^^^^^^^^
  File "/home/lug15gew/Desktop/thesis/.venv/lib/python3.12/site-packages/wandb/sdk/wandb_run.py", line 1595, in _console_raw_callback
    self._backend.interface.publish_output_raw(name, data)
  File "/home/lug15gew/Desktop/thesis/.venv/lib/python3.12/site-packages/wandb/sdk/interface/interface.py", line 802, in publish_output_raw
    self._publish_output_raw(o)
  File "/home/lug15gew/Desktop/thesis/.venv/lib/python3.12/site-packages/wandb/sdk/interface/interface_shared.py", line 37, in _publish_output_raw
    self._publish(rec)
  File "/home/lug15gew/Desktop/thesis/.venv/lib/python3.12/site-packages/wandb/sdk/interface/interface_sock.py", line 43, in _publish
    self._asyncer.run(lambda: self._client.publish(request))
  File "/home/lug15gew/Desktop/thesis/.venv/lib/python3.12/site-packages/wandb/sdk/lib/asyncio_manager.py", line 136, in run
    return future.result()
           ^^^^^^^^^^^^^^^
  File "/usr/lib64/python3.12/concurrent/futures/_base.py", line 456, in result
    return self.__get_result()
           ^^^^^^^^^^^^^^^^^^^
  File "/usr/lib64/python3.12/concurrent/futures/_base.py", line 401, in __get_result
    raise self._exception
  File "/home/lug15gew/Desktop/thesis/.venv/lib/python3.12/site-packages/wandb/sdk/lib/asyncio_manager.py", line 219, in _wrap
    return await fn()
           ^^^^^^^^^^
  File "/home/lug15gew/Desktop/thesis/.venv/lib/python3.12/site-packages/wandb/sdk/lib/service/service_client.py", line 38, in publish
    await self._send_server_request(request)
  File "/home/lug15gew/Desktop/thesis/.venv/lib/python3.12/site-packages/wandb/sdk/lib/service/service_client.py", line 64, in _send_server_request
    await self._writer.drain()
  File "/usr/lib64/python3.12/asyncio/streams.py", line 380, in drain
    raise exc
  File "/usr/lib64/python3.12/asyncio/selector_events.py", line 1075, in write
    n = self._sock.send(data)
        ^^^^^^^^^^^^^^^^^^^^^
BrokenPipeError: [Errno 32] Broken pipe
